<?xml version="1.0" encoding="utf-8"?>
<SHOP>

    <SHOPITEM>
      <ITEM_ID>1</ITEM_ID>
      <PRODUCTNAME>Example Product 1</PRODUCTNAME>
      <PRODUCT>Category 1</PRODUCT>
      <DESCRIPTION>Description for example product 1.</DESCRIPTION>
      <URL>https://example.com/product-1</URL>
      <IMGURL>https://example.com/images/product-1.jpg</IMGURL>
      <PRICE_VAT>19.18</PRICE_VAT>
      <MANUFACTURER>ExampleBrand 1</MANUFACTURER>
      <CATEGORYTEXT>Main Category | Subcategory 1</CATEGORYTEXT>
      <EAN>4421670273186</EAN>
      <DELIVERY_DATE>5</DELIVERY_DATE>
    </SHOPITEM>

    <SHOPITEM>
      <ITEM_ID>2</ITEM_ID>
      <PRODUCTNAME>Example Product 2</PRODUCTNAME>
      <PRODUCT>Category 2</PRODUCT>
      <DESCRIPTION>Description for example product 2.</DESCRIPTION>
      <URL>https://example.com/product-2</URL>
      <IMGURL>https://example.com/images/product-2.jpg</IMGURL>
      <PRICE_VAT>60.44</PRICE_VAT>
      <MANUFACTURER>ExampleBrand 2</MANUFACTURER>
      <CATEGORYTEXT>Main Category | Subcategory 2</CATEGORYTEXT>
      <EAN>1004400213995</EAN>
      <DELIVERY_DATE>2</DELIVERY_DATE>
    </SHOPITEM>

    <SHOPITEM>
      <ITEM_ID>3</ITEM_ID>
      <PRODUCTNAME>Example Product 3</PRODUCTNAME>
      <PRODUCT>Category 3</PRODUCT>
      <DESCRIPTION>Description for example product 3.</DESCRIPTION>
      <URL>https://example.com/product-3</URL>
      <IMGURL>https://example.com/images/product-3.jpg</IMGURL>
      <PRICE_VAT>25.59</PRICE_VAT>
      <MANUFACTURER>ExampleBrand 3</MANUFACTURER>
      <CATEGORYTEXT>Main Category | Subcategory 3</CATEGORYTEXT>
      <EAN>7132881409332</EAN>
      <DELIVERY_DATE>3</DELIVERY_DATE>
    </SHOPITEM>

    <SHOPITEM>
      <ITEM_ID>4</ITEM_ID>
      <PRODUCTNAME>Example Product 4</PRODUCTNAME>
      <PRODUCT>Category 4</PRODUCT>
      <DESCRIPTION>Description for example product 4.</DESCRIPTION>
      <URL>https://example.com/product-4</URL>
      <IMGURL>https://example.com/images/product-4.jpg</IMGURL>
      <PRICE_VAT>33.97</PRICE_VAT>
      <MANUFACTURER>ExampleBrand 4</MANUFACTURER>
      <CATEGORYTEXT>Main Category | Subcategory 4</CATEGORYTEXT>
      <EAN>7939520710945</EAN>
      <DELIVERY_DATE>5</DELIVERY_DATE>
    </SHOPITEM>

    <SHOPITEM>
      <ITEM_ID>5</ITEM_ID>
      <PRODUCTNAME>Example Product 5</PRODUCTNAME>
      <PRODUCT>Category 5</PRODUCT>
      <DESCRIPTION>Description for example product 5.</DESCRIPTION>
      <URL>https://example.com/product-5</URL>
      <IMGURL>https://example.com/images/product-5.jpg</IMGURL>
      <PRICE_VAT>11.00</PRICE_VAT>
      <MANUFACTURER>ExampleBrand 5</MANUFACTURER>
      <CATEGORYTEXT>Main Category | Subcategory 5</CATEGORYTEXT>
      <EAN>1310668436355</EAN>
      <DELIVERY_DATE>1</DELIVERY_DATE>
    </SHOPITEM>

    <SHOPITEM>
      <ITEM_ID>6</ITEM_ID>
      <PRODUCTNAME>Example Product 6</PRODUCTNAME>
      <PRODUCT>Category 6</PRODUCT>
      <DESCRIPTION>Description for example product 6.</DESCRIPTION>
      <URL>https://example.com/product-6</URL>
      <IMGURL>https://example.com/images/product-6.jpg</IMGURL>
      <PRICE_VAT>4.13</PRICE_VAT>
      <MANUFACTURER>ExampleBrand 6</MANUFACTURER>
      <CATEGORYTEXT>Main Category | Subcategory 6</CATEGORYTEXT>
      <EAN>4984221288325</EAN>
      <DELIVERY_DATE>2</DELIVERY_DATE>
    </SHOPITEM>

    <SHOPITEM>
      <ITEM_ID>7</ITEM_ID>
      <PRODUCTNAME>Example Product 7</PRODUCTNAME>
      <PRODUCT>Category 7</PRODUCT>
      <DESCRIPTION>Description for example product 7.</DESCRIPTION>
      <URL>https://example.com/product-7</URL>
      <IMGURL>https://example.com/images/product-7.jpg</IMGURL>
      <PRICE_VAT>95.79</PRICE_VAT>
      <MANUFACTURER>ExampleBrand 7</MANUFACTURER>
      <CATEGORYTEXT>Main Category | Subcategory 7</CATEGORYTEXT>
      <EAN>1684544482146</EAN>
      <DELIVERY_DATE>5</DELIVERY_DATE>
    </SHOPITEM>

    <SHOPITEM>
      <ITEM_ID>8</ITEM_ID>
      <PRODUCTNAME>Example Product 8</PRODUCTNAME>
      <PRODUCT>Category 8</PRODUCT>
      <DESCRIPTION>Description for example product 8.</DESCRIPTION>
      <URL>https://example.com/product-8</URL>
      <IMGURL>https://example.com/images/product-8.jpg</IMGURL>
      <PRICE_VAT>27.47</PRICE_VAT>
      <MANUFACTURER>ExampleBrand 8</MANUFACTURER>
      <CATEGORYTEXT>Main Category | Subcategory 8</CATEGORYTEXT>
      <EAN>7817484899928</EAN>
      <DELIVERY_DATE>5</DELIVERY_DATE>
    </SHOPITEM>

    <SHOPITEM>
      <ITEM_ID>9</ITEM_ID>
      <PRODUCTNAME>Example Product 9</PRODUCTNAME>
      <PRODUCT>Category 9</PRODUCT>
      <DESCRIPTION>Description for example product 9.</DESCRIPTION>
      <URL>https://example.com/product-9</URL>
      <IMGURL>https://example.com/images/product-9.jpg</IMGURL>
      <PRICE_VAT>62.62</PRICE_VAT>
      <MANUFACTURER>ExampleBrand 9</MANUFACTURER>
      <CATEGORYTEXT>Main Category | Subcategory 9</CATEGORYTEXT>
      <EAN>1417641890950</EAN>
      <DELIVERY_DATE>5</DELIVERY_DATE>
    </SHOPITEM>

    <SHOPITEM>
      <ITEM_ID>10</ITEM_ID>
      <PRODUCTNAME>Example Product 10</PRODUCTNAME>
      <PRODUCT>Category 10</PRODUCT>
      <DESCRIPTION>Description for example product 10.</DESCRIPTION>
      <URL>https://example.com/product-10</URL>
      <IMGURL>https://example.com/images/product-10.jpg</IMGURL>
      <PRICE_VAT>35.87</PRICE_VAT>
      <MANUFACTURER>ExampleBrand 10</MANUFACTURER>
      <CATEGORYTEXT>Main Category | Subcategory 10</CATEGORYTEXT>
      <EAN>2025287889063</EAN>
      <DELIVERY_DATE>2</DELIVERY_DATE>
    </SHOPITEM>

    <SHOPITEM>
      <ITEM_ID>11</ITEM_ID>
      <PRODUCTNAME>Example Product 11</PRODUCTNAME>
      <PRODUCT>Category 11</PRODUCT>
      <DESCRIPTION>Description for example product 11.</DESCRIPTION>
      <URL>https://example.com/product-11</URL>
      <IMGURL>https://example.com/images/product-11.jpg</IMGURL>
      <PRICE_VAT>13.15</PRICE_VAT>
      <MANUFACTURER>ExampleBrand 11</MANUFACTURER>
      <CATEGORYTEXT>Main Category | Subcategory 11</CATEGORYTEXT>
      <EAN>6838254397595</EAN>
      <DELIVERY_DATE>1</DELIVERY_DATE>
    </SHOPITEM>

    <SHOPITEM>
      <ITEM_ID>12</ITEM_ID>
      <PRODUCTNAME>Example Product 12</PRODUCTNAME>
      <PRODUCT>Category 12</PRODUCT>
      <DESCRIPTION>Description for example product 12.</DESCRIPTION>
      <URL>https://example.com/product-12</URL>
      <IMGURL>https://example.com/images/product-12.jpg</IMGURL>
      <PRICE_VAT>33.32</PRICE_VAT>
      <MANUFACTURER>ExampleBrand 12</MANUFACTURER>
      <CATEGORYTEXT>Main Category | Subcategory 12</CATEGORYTEXT>
      <EAN>3688683879092</EAN>
      <DELIVERY_DATE>1</DELIVERY_DATE>
    </SHOPITEM>

    <SHOPITEM>
      <ITEM_ID>13</ITEM_ID>
      <PRODUCTNAME>Example Product 13</PRODUCTNAME>
      <PRODUCT>Category 13</PRODUCT>
      <DESCRIPTION>Description for example product 13.</DESCRIPTION>
      <URL>https://example.com/product-13</URL>
      <IMGURL>https://example.com/images/product-13.jpg</IMGURL>
      <PRICE_VAT>57.60</PRICE_VAT>
      <MANUFACTURER>ExampleBrand 13</MANUFACTURER>
      <CATEGORYTEXT>Main Category | Subcategory 13</CATEGORYTEXT>
      <EAN>9612200192589</EAN>
      <DELIVERY_DATE>4</DELIVERY_DATE>
    </SHOPITEM>

    <SHOPITEM>
      <ITEM_ID>14</ITEM_ID>
      <PRODUCTNAME>Example Product 14</PRODUCTNAME>
      <PRODUCT>Category 14</PRODUCT>
      <DESCRIPTION>Description for example product 14.</DESCRIPTION>
      <URL>https://example.com/product-14</URL>
      <IMGURL>https://example.com/images/product-14.jpg</IMGURL>
      <PRICE_VAT>30.11</PRICE_VAT>
      <MANUFACTURER>ExampleBrand 14</MANUFACTURER>
      <CATEGORYTEXT>Main Category | Subcategory 14</CATEGORYTEXT>
      <EAN>7439142981842</EAN>
      <DELIVERY_DATE>1</DELIVERY_DATE>
    </SHOPITEM>

    <SHOPITEM>
      <ITEM_ID>15</ITEM_ID>
      <PRODUCTNAME>Example Product 15</PRODUCTNAME>
      <PRODUCT>Category 15</PRODUCT>
      <DESCRIPTION>Description for example product 15.</DESCRIPTION>
      <URL>https://example.com/product-15</URL>
      <IMGURL>https://example.com/images/product-15.jpg</IMGURL>
      <PRICE_VAT>92.35</PRICE_VAT>
      <MANUFACTURER>ExampleBrand 15</MANUFACTURER>
      <CATEGORYTEXT>Main Category | Subcategory 15</CATEGORYTEXT>
      <EAN>6465799496309</EAN>
      <DELIVERY_DATE>3</DELIVERY_DATE>
    </SHOPITEM>

    <SHOPITEM>
      <ITEM_ID>16</ITEM_ID>
      <PRODUCTNAME>Example Product 16</PRODUCTNAME>
      <PRODUCT>Category 16</PRODUCT>
      <DESCRIPTION>Description for example product 16.</DESCRIPTION>
      <URL>https://example.com/product-16</URL>
      <IMGURL>https://example.com/images/product-16.jpg</IMGURL>
      <PRICE_VAT>92.19</PRICE_VAT>
      <MANUFACTURER>ExampleBrand 16</MANUFACTURER>
      <CATEGORYTEXT>Main Category | Subcategory 16</CATEGORYTEXT>
      <EAN>5642300877584</EAN>
      <DELIVERY_DATE>5</DELIVERY_DATE>
    </SHOPITEM>

    <SHOPITEM>
      <ITEM_ID>17</ITEM_ID>
      <PRODUCTNAME>Example Product 17</PRODUCTNAME>
      <PRODUCT>Category 17</PRODUCT>
      <DESCRIPTION>Description for example product 17.</DESCRIPTION>
      <URL>https://example.com/product-17</URL>
      <IMGURL>https://example.com/images/product-17.jpg</IMGURL>
      <PRICE_VAT>90.97</PRICE_VAT>
      <MANUFACTURER>ExampleBrand 17</MANUFACTURER>
      <CATEGORYTEXT>Main Category | Subcategory 17</CATEGORYTEXT>
      <EAN>5026583080508</EAN>
      <DELIVERY_DATE>1</DELIVERY_DATE>
    </SHOPITEM>

    <SHOPITEM>
      <ITEM_ID>18</ITEM_ID>
      <PRODUCTNAME>Example Product 18</PRODUCTNAME>
      <PRODUCT>Category 18</PRODUCT>
      <DESCRIPTION>Description for example product 18.</DESCRIPTION>
      <URL>https://example.com/product-18</URL>
      <IMGURL>https://example.com/images/product-18.jpg</IMGURL>
      <PRICE_VAT>66.32</PRICE_VAT>
      <MANUFACTURER>ExampleBrand 18</MANUFACTURER>
      <CATEGORYTEXT>Main Category | Subcategory 18</CATEGORYTEXT>
      <EAN>2493690655739</EAN>
      <DELIVERY_DATE>2</DELIVERY_DATE>
    </SHOPITEM>

    <SHOPITEM>
      <ITEM_ID>19</ITEM_ID>
      <PRODUCTNAME>Example Product 19</PRODUCTNAME>
      <PRODUCT>Category 19</PRODUCT>
      <DESCRIPTION>Description for example product 19.</DESCRIPTION>
      <URL>https://example.com/product-19</URL>
      <IMGURL>https://example.com/images/product-19.jpg</IMGURL>
      <PRICE_VAT>72.56</PRICE_VAT>
      <MANUFACTURER>ExampleBrand 19</MANUFACTURER>
      <CATEGORYTEXT>Main Category | Subcategory 19</CATEGORYTEXT>
      <EAN>8806820628779</EAN>
      <DELIVERY_DATE>2</DELIVERY_DATE>
    </SHOPITEM>

    <SHOPITEM>
      <ITEM_ID>20</ITEM_ID>
      <PRODUCTNAME>Example Product 20</PRODUCTNAME>
      <PRODUCT>Category 20</PRODUCT>
      <DESCRIPTION>Description for example product 20.</DESCRIPTION>
      <URL>https://example.com/product-20</URL>
      <IMGURL>https://example.com/images/product-20.jpg</IMGURL>
      <PRICE_VAT>24.84</PRICE_VAT>
      <MANUFACTURER>ExampleBrand 20</MANUFACTURER>
      <CATEGORYTEXT>Main Category | Subcategory 20</CATEGORYTEXT>
      <EAN>6229511447254</EAN>
      <DELIVERY_DATE>5</DELIVERY_DATE>
    </SHOPITEM>

    <SHOPITEM>
      <ITEM_ID>21</ITEM_ID>
      <PRODUCTNAME>Example Product 21</PRODUCTNAME>
      <PRODUCT>Category 21</PRODUCT>
      <DESCRIPTION>Description for example product 21.</DESCRIPTION>
      <URL>https://example.com/product-21</URL>
      <IMGURL>https://example.com/images/product-21.jpg</IMGURL>
      <PRICE_VAT>48.76</PRICE_VAT>
      <MANUFACTURER>ExampleBrand 21</MANUFACTURER>
      <CATEGORYTEXT>Main Category | Subcategory 21</CATEGORYTEXT>
      <EAN>2939798976771</EAN>
      <DELIVERY_DATE>3</DELIVERY_DATE>
    </SHOPITEM>

    <SHOPITEM>
      <ITEM_ID>22</ITEM_ID>
      <PRODUCTNAME>Example Product 22</PRODUCTNAME>
      <PRODUCT>Category 22</PRODUCT>
      <DESCRIPTION>Description for example product 22.</DESCRIPTION>
      <URL>https://example.com/product-22</URL>
      <IMGURL>https://example.com/images/product-22.jpg</IMGURL>
      <PRICE_VAT>42.19</PRICE_VAT>
      <MANUFACTURER>ExampleBrand 22</MANUFACTURER>
      <CATEGORYTEXT>Main Category | Subcategory 22</CATEGORYTEXT>
      <EAN>7887567619873</EAN>
      <DELIVERY_DATE>5</DELIVERY_DATE>
    </SHOPITEM>

    <SHOPITEM>
      <ITEM_ID>23</ITEM_ID>
      <PRODUCTNAME>Example Product 23</PRODUCTNAME>
      <PRODUCT>Category 23</PRODUCT>
      <DESCRIPTION>Description for example product 23.</DESCRIPTION>
      <URL>https://example.com/product-23</URL>
      <IMGURL>https://example.com/images/product-23.jpg</IMGURL>
      <PRICE_VAT>41.20</PRICE_VAT>
      <MANUFACTURER>ExampleBrand 23</MANUFACTURER>
      <CATEGORYTEXT>Main Category | Subcategory 23</CATEGORYTEXT>
      <EAN>7322931416297</EAN>
      <DELIVERY_DATE>4</DELIVERY_DATE>
    </SHOPITEM>

    <SHOPITEM>
      <ITEM_ID>24</ITEM_ID>
      <PRODUCTNAME>Example Product 24</PRODUCTNAME>
      <PRODUCT>Category 24</PRODUCT>
      <DESCRIPTION>Description for example product 24.</DESCRIPTION>
      <URL>https://example.com/product-24</URL>
      <IMGURL>https://example.com/images/product-24.jpg</IMGURL>
      <PRICE_VAT>93.81</PRICE_VAT>
      <MANUFACTURER>ExampleBrand 24</MANUFACTURER>
      <CATEGORYTEXT>Main Category | Subcategory 24</CATEGORYTEXT>
      <EAN>3129310565144</EAN>
      <DELIVERY_DATE>5</DELIVERY_DATE>
    </SHOPITEM>

    <SHOPITEM>
      <ITEM_ID>25</ITEM_ID>
      <PRODUCTNAME>Example Product 25</PRODUCTNAME>
      <PRODUCT>Category 25</PRODUCT>
      <DESCRIPTION>Description for example product 25.</DESCRIPTION>
      <URL>https://example.com/product-25</URL>
      <IMGURL>https://example.com/images/product-25.jpg</IMGURL>
      <PRICE_VAT>52.54</PRICE_VAT>
      <MANUFACTURER>ExampleBrand 25</MANUFACTURER>
      <CATEGORYTEXT>Main Category | Subcategory 25</CATEGORYTEXT>
      <EAN>6079220823065</EAN>
      <DELIVERY_DATE>1</DELIVERY_DATE>
    </SHOPITEM>

    <SHOPITEM>
      <ITEM_ID>26</ITEM_ID>
      <PRODUCTNAME>Example Product 26</PRODUCTNAME>
      <PRODUCT>Category 26</PRODUCT>
      <DESCRIPTION>Description for example product 26.</DESCRIPTION>
      <URL>https://example.com/product-26</URL>
      <IMGURL>https://example.com/images/product-26.jpg</IMGURL>
      <PRICE_VAT>94.02</PRICE_VAT>
      <MANUFACTURER>ExampleBrand 26</MANUFACTURER>
      <CATEGORYTEXT>Main Category | Subcategory 26</CATEGORYTEXT>
      <EAN>7954883235153</EAN>
      <DELIVERY_DATE>5</DELIVERY_DATE>
    </SHOPITEM>

    <SHOPITEM>
      <ITEM_ID>27</ITEM_ID>
      <PRODUCTNAME>Example Product 27</PRODUCTNAME>
      <PRODUCT>Category 27</PRODUCT>
      <DESCRIPTION>Description for example product 27.</DESCRIPTION>
      <URL>https://example.com/product-27</URL>
      <IMGURL>https://example.com/images/product-27.jpg</IMGURL>
      <PRICE_VAT>32.48</PRICE_VAT>
      <MANUFACTURER>ExampleBrand 27</MANUFACTURER>
      <CATEGORYTEXT>Main Category | Subcategory 27</CATEGORYTEXT>
      <EAN>4308324384432</EAN>
      <DELIVERY_DATE>5</DELIVERY_DATE>
    </SHOPITEM>

    <SHOPITEM>
      <ITEM_ID>28</ITEM_ID>
      <PRODUCTNAME>Example Product 28</PRODUCTNAME>
      <PRODUCT>Category 28</PRODUCT>
      <DESCRIPTION>Description for example product 28.</DESCRIPTION>
      <URL>https://example.com/product-28</URL>
      <IMGURL>https://example.com/images/product-28.jpg</IMGURL>
      <PRICE_VAT>22.34</PRICE_VAT>
      <MANUFACTURER>ExampleBrand 28</MANUFACTURER>
      <CATEGORYTEXT>Main Category | Subcategory 28</CATEGORYTEXT>
      <EAN>6460686020932</EAN>
      <DELIVERY_DATE>1</DELIVERY_DATE>
    </SHOPITEM>

    <SHOPITEM>
      <ITEM_ID>29</ITEM_ID>
      <PRODUCTNAME>Example Product 29</PRODUCTNAME>
      <PRODUCT>Category 29</PRODUCT>
      <DESCRIPTION>Description for example product 29.</DESCRIPTION>
      <URL>https://example.com/product-29</URL>
      <IMGURL>https://example.com/images/product-29.jpg</IMGURL>
      <PRICE_VAT>9.32</PRICE_VAT>
      <MANUFACTURER>ExampleBrand 29</MANUFACTURER>
      <CATEGORYTEXT>Main Category | Subcategory 29</CATEGORYTEXT>
      <EAN>2632564175793</EAN>
      <DELIVERY_DATE>2</DELIVERY_DATE>
    </SHOPITEM>

    <SHOPITEM>
      <ITEM_ID>30</ITEM_ID>
      <PRODUCTNAME>Example Product 30</PRODUCTNAME>
      <PRODUCT>Category 30</PRODUCT>
      <DESCRIPTION>Description for example product 30.</DESCRIPTION>
      <URL>https://example.com/product-30</URL>
      <IMGURL>https://example.com/images/product-30.jpg</IMGURL>
      <PRICE_VAT>90.62</PRICE_VAT>
      <MANUFACTURER>ExampleBrand 30</MANUFACTURER>
      <CATEGORYTEXT>Main Category | Subcategory 30</CATEGORYTEXT>
      <EAN>3376967062123</EAN>
      <DELIVERY_DATE>5</DELIVERY_DATE>
    </SHOPITEM>

    <SHOPITEM>
      <ITEM_ID>31</ITEM_ID>
      <PRODUCTNAME>Example Product 31</PRODUCTNAME>
      <PRODUCT>Category 31</PRODUCT>
      <DESCRIPTION>Description for example product 31.</DESCRIPTION>
      <URL>https://example.com/product-31</URL>
      <IMGURL>https://example.com/images/product-31.jpg</IMGURL>
      <PRICE_VAT>91.44</PRICE_VAT>
      <MANUFACTURER>ExampleBrand 31</MANUFACTURER>
      <CATEGORYTEXT>Main Category | Subcategory 31</CATEGORYTEXT>
      <EAN>6517807793612</EAN>
      <DELIVERY_DATE>1</DELIVERY_DATE>
    </SHOPITEM>

    <SHOPITEM>
      <ITEM_ID>32</ITEM_ID>
      <PRODUCTNAME>Example Product 32</PRODUCTNAME>
      <PRODUCT>Category 32</PRODUCT>
      <DESCRIPTION>Description for example product 32.</DESCRIPTION>
      <URL>https://example.com/product-32</URL>
      <IMGURL>https://example.com/images/product-32.jpg</IMGURL>
      <PRICE_VAT>49.70</PRICE_VAT>
      <MANUFACTURER>ExampleBrand 32</MANUFACTURER>
      <CATEGORYTEXT>Main Category | Subcategory 32</CATEGORYTEXT>
      <EAN>2235619976378</EAN>
      <DELIVERY_DATE>3</DELIVERY_DATE>
    </SHOPITEM>

    <SHOPITEM>
      <ITEM_ID>33</ITEM_ID>
      <PRODUCTNAME>Example Product 33</PRODUCTNAME>
      <PRODUCT>Category 33</PRODUCT>
      <DESCRIPTION>Description for example product 33.</DESCRIPTION>
      <URL>https://example.com/product-33</URL>
      <IMGURL>https://example.com/images/product-33.jpg</IMGURL>
      <PRICE_VAT>72.62</PRICE_VAT>
      <MANUFACTURER>ExampleBrand 33</MANUFACTURER>
      <CATEGORYTEXT>Main Category | Subcategory 33</CATEGORYTEXT>
      <EAN>5825923526315</EAN>
      <DELIVERY_DATE>5</DELIVERY_DATE>
    </SHOPITEM>

    <SHOPITEM>
      <ITEM_ID>34</ITEM_ID>
      <PRODUCTNAME>Example Product 34</PRODUCTNAME>
      <PRODUCT>Category 34</PRODUCT>
      <DESCRIPTION>Description for example product 34.</DESCRIPTION>
      <URL>https://example.com/product-34</URL>
      <IMGURL>https://example.com/images/product-34.jpg</IMGURL>
      <PRICE_VAT>59.80</PRICE_VAT>
      <MANUFACTURER>ExampleBrand 34</MANUFACTURER>
      <CATEGORYTEXT>Main Category | Subcategory 34</CATEGORYTEXT>
      <EAN>3160062791966</EAN>
      <DELIVERY_DATE>5</DELIVERY_DATE>
    </SHOPITEM>

    <SHOPITEM>
      <ITEM_ID>35</ITEM_ID>
      <PRODUCTNAME>Example Product 35</PRODUCTNAME>
      <PRODUCT>Category 35</PRODUCT>
      <DESCRIPTION>Description for example product 35.</DESCRIPTION>
      <URL>https://example.com/product-35</URL>
      <IMGURL>https://example.com/images/product-35.jpg</IMGURL>
      <PRICE_VAT>39.92</PRICE_VAT>
      <MANUFACTURER>ExampleBrand 35</MANUFACTURER>
      <CATEGORYTEXT>Main Category | Subcategory 35</CATEGORYTEXT>
      <EAN>1040980421988</EAN>
      <DELIVERY_DATE>3</DELIVERY_DATE>
    </SHOPITEM>

    <SHOPITEM>
      <ITEM_ID>36</ITEM_ID>
      <PRODUCTNAME>Example Product 36</PRODUCTNAME>
      <PRODUCT>Category 36</PRODUCT>
      <DESCRIPTION>Description for example product 36.</DESCRIPTION>
      <URL>https://example.com/product-36</URL>
      <IMGURL>https://example.com/images/product-36.jpg</IMGURL>
      <PRICE_VAT>48.69</PRICE_VAT>
      <MANUFACTURER>ExampleBrand 36</MANUFACTURER>
      <CATEGORYTEXT>Main Category | Subcategory 36</CATEGORYTEXT>
      <EAN>5449888242316</EAN>
      <DELIVERY_DATE>2</DELIVERY_DATE>
    </SHOPITEM>

    <SHOPITEM>
      <ITEM_ID>37</ITEM_ID>
      <PRODUCTNAME>Example Product 37</PRODUCTNAME>
      <PRODUCT>Category 37</PRODUCT>
      <DESCRIPTION>Description for example product 37.</DESCRIPTION>
      <URL>https://example.com/product-37</URL>
      <IMGURL>https://example.com/images/product-37.jpg</IMGURL>
      <PRICE_VAT>66.28</PRICE_VAT>
      <MANUFACTURER>ExampleBrand 37</MANUFACTURER>
      <CATEGORYTEXT>Main Category | Subcategory 37</CATEGORYTEXT>
      <EAN>2366654980780</EAN>
      <DELIVERY_DATE>5</DELIVERY_DATE>
    </SHOPITEM>

    <SHOPITEM>
      <ITEM_ID>38</ITEM_ID>
      <PRODUCTNAME>Example Product 38</PRODUCTNAME>
      <PRODUCT>Category 38</PRODUCT>
      <DESCRIPTION>Description for example product 38.</DESCRIPTION>
      <URL>https://example.com/product-38</URL>
      <IMGURL>https://example.com/images/product-38.jpg</IMGURL>
      <PRICE_VAT>80.71</PRICE_VAT>
      <MANUFACTURER>ExampleBrand 38</MANUFACTURER>
      <CATEGORYTEXT>Main Category | Subcategory 38</CATEGORYTEXT>
      <EAN>4045766678290</EAN>
      <DELIVERY_DATE>3</DELIVERY_DATE>
    </SHOPITEM>

    <SHOPITEM>
      <ITEM_ID>39</ITEM_ID>
      <PRODUCTNAME>Example Product 39</PRODUCTNAME>
      <PRODUCT>Category 39</PRODUCT>
      <DESCRIPTION>Description for example product 39.</DESCRIPTION>
      <URL>https://example.com/product-39</URL>
      <IMGURL>https://example.com/images/product-39.jpg</IMGURL>
      <PRICE_VAT>65.55</PRICE_VAT>
      <MANUFACTURER>ExampleBrand 39</MANUFACTURER>
      <CATEGORYTEXT>Main Category | Subcategory 39</CATEGORYTEXT>
      <EAN>4966644155137</EAN>
      <DELIVERY_DATE>4</DELIVERY_DATE>
    </SHOPITEM>

    <SHOPITEM>
      <ITEM_ID>40</ITEM_ID>
      <PRODUCTNAME>Example Product 40</PRODUCTNAME>
      <PRODUCT>Category 40</PRODUCT>
      <DESCRIPTION>Description for example product 40.</DESCRIPTION>
      <URL>https://example.com/product-40</URL>
      <IMGURL>https://example.com/images/product-40.jpg</IMGURL>
      <PRICE_VAT>64.03</PRICE_VAT>
      <MANUFACTURER>ExampleBrand 40</MANUFACTURER>
      <CATEGORYTEXT>Main Category | Subcategory 40</CATEGORYTEXT>
      <EAN>7620235489899</EAN>
      <DELIVERY_DATE>4</DELIVERY_DATE>
    </SHOPITEM>

    <SHOPITEM>
      <ITEM_ID>41</ITEM_ID>
      <PRODUCTNAME>Example Product 41</PRODUCTNAME>
      <PRODUCT>Category 41</PRODUCT>
      <DESCRIPTION>Description for example product 41.</DESCRIPTION>
      <URL>https://example.com/product-41</URL>
      <IMGURL>https://example.com/images/product-41.jpg</IMGURL>
      <PRICE_VAT>89.47</PRICE_VAT>
      <MANUFACTURER>ExampleBrand 41</MANUFACTURER>
      <CATEGORYTEXT>Main Category | Subcategory 41</CATEGORYTEXT>
      <EAN>5780378430202</EAN>
      <DELIVERY_DATE>1</DELIVERY_DATE>
    </SHOPITEM>

    <SHOPITEM>
      <ITEM_ID>42</ITEM_ID>
      <PRODUCTNAME>Example Product 42</PRODUCTNAME>
      <PRODUCT>Category 42</PRODUCT>
      <DESCRIPTION>Description for example product 42.</DESCRIPTION>
      <URL>https://example.com/product-42</URL>
      <IMGURL>https://example.com/images/product-42.jpg</IMGURL>
      <PRICE_VAT>59.71</PRICE_VAT>
      <MANUFACTURER>ExampleBrand 42</MANUFACTURER>
      <CATEGORYTEXT>Main Category | Subcategory 42</CATEGORYTEXT>
      <EAN>4066287298850</EAN>
      <DELIVERY_DATE>3</DELIVERY_DATE>
    </SHOPITEM>

    <SHOPITEM>
      <ITEM_ID>43</ITEM_ID>
      <PRODUCTNAME>Example Product 43</PRODUCTNAME>
      <PRODUCT>Category 43</PRODUCT>
      <DESCRIPTION>Description for example product 43.</DESCRIPTION>
      <URL>https://example.com/product-43</URL>
      <IMGURL>https://example.com/images/product-43.jpg</IMGURL>
      <PRICE_VAT>77.60</PRICE_VAT>
      <MANUFACTURER>ExampleBrand 43</MANUFACTURER>
      <CATEGORYTEXT>Main Category | Subcategory 43</CATEGORYTEXT>
      <EAN>6314396756137</EAN>
      <DELIVERY_DATE>3</DELIVERY_DATE>
    </SHOPITEM>

    <SHOPITEM>
      <ITEM_ID>44</ITEM_ID>
      <PRODUCTNAME>Example Product 44</PRODUCTNAME>
      <PRODUCT>Category 44</PRODUCT>
      <DESCRIPTION>Description for example product 44.</DESCRIPTION>
      <URL>https://example.com/product-44</URL>
      <IMGURL>https://example.com/images/product-44.jpg</IMGURL>
      <PRICE_VAT>71.55</PRICE_VAT>
      <MANUFACTURER>ExampleBrand 44</MANUFACTURER>
      <CATEGORYTEXT>Main Category | Subcategory 44</CATEGORYTEXT>
      <EAN>1740957209475</EAN>
      <DELIVERY_DATE>2</DELIVERY_DATE>
    </SHOPITEM>

    <SHOPITEM>
      <ITEM_ID>45</ITEM_ID>
      <PRODUCTNAME>Example Product 45</PRODUCTNAME>
      <PRODUCT>Category 45</PRODUCT>
      <DESCRIPTION>Description for example product 45.</DESCRIPTION>
      <URL>https://example.com/product-45</URL>
      <IMGURL>https://example.com/images/product-45.jpg</IMGURL>
      <PRICE_VAT>46.78</PRICE_VAT>
      <MANUFACTURER>ExampleBrand 45</MANUFACTURER>
      <CATEGORYTEXT>Main Category | Subcategory 45</CATEGORYTEXT>
      <EAN>1762735720368</EAN>
      <DELIVERY_DATE>5</DELIVERY_DATE>
    </SHOPITEM>

    <SHOPITEM>
      <ITEM_ID>46</ITEM_ID>
      <PRODUCTNAME>Example Product 46</PRODUCTNAME>
      <PRODUCT>Category 46</PRODUCT>
      <DESCRIPTION>Description for example product 46.</DESCRIPTION>
      <URL>https://example.com/product-46</URL>
      <IMGURL>https://example.com/images/product-46.jpg</IMGURL>
      <PRICE_VAT>59.06</PRICE_VAT>
      <MANUFACTURER>ExampleBrand 46</MANUFACTURER>
      <CATEGORYTEXT>Main Category | Subcategory 46</CATEGORYTEXT>
      <EAN>7218953474573</EAN>
      <DELIVERY_DATE>3</DELIVERY_DATE>
    </SHOPITEM>

    <SHOPITEM>
      <ITEM_ID>47</ITEM_ID>
      <PRODUCTNAME>Example Product 47</PRODUCTNAME>
      <PRODUCT>Category 47</PRODUCT>
      <DESCRIPTION>Description for example product 47.</DESCRIPTION>
      <URL>https://example.com/product-47</URL>
      <IMGURL>https://example.com/images/product-47.jpg</IMGURL>
      <PRICE_VAT>46.59</PRICE_VAT>
      <MANUFACTURER>ExampleBrand 47</MANUFACTURER>
      <CATEGORYTEXT>Main Category | Subcategory 47</CATEGORYTEXT>
      <EAN>1921288378781</EAN>
      <DELIVERY_DATE>5</DELIVERY_DATE>
    </SHOPITEM>

    <SHOPITEM>
      <ITEM_ID>48</ITEM_ID>
      <PRODUCTNAME>Example Product 48</PRODUCTNAME>
      <PRODUCT>Category 48</PRODUCT>
      <DESCRIPTION>Description for example product 48.</DESCRIPTION>
      <URL>https://example.com/product-48</URL>
      <IMGURL>https://example.com/images/product-48.jpg</IMGURL>
      <PRICE_VAT>56.39</PRICE_VAT>
      <MANUFACTURER>ExampleBrand 48</MANUFACTURER>
      <CATEGORYTEXT>Main Category | Subcategory 48</CATEGORYTEXT>
      <EAN>3410322330472</EAN>
      <DELIVERY_DATE>2</DELIVERY_DATE>
    </SHOPITEM>

    <SHOPITEM>
      <ITEM_ID>49</ITEM_ID>
      <PRODUCTNAME>Example Product 49</PRODUCTNAME>
      <PRODUCT>Category 49</PRODUCT>
      <DESCRIPTION>Description for example product 49.</DESCRIPTION>
      <URL>https://example.com/product-49</URL>
      <IMGURL>https://example.com/images/product-49.jpg</IMGURL>
      <PRICE_VAT>88.51</PRICE_VAT>
      <MANUFACTURER>ExampleBrand 49</MANUFACTURER>
      <CATEGORYTEXT>Main Category | Subcategory 49</CATEGORYTEXT>
      <EAN>3175922342805</EAN>
      <DELIVERY_DATE>3</DELIVERY_DATE>
    </SHOPITEM>

    <SHOPITEM>
      <ITEM_ID>50</ITEM_ID>
      <PRODUCTNAME>Example Product 50</PRODUCTNAME>
      <PRODUCT>Category 50</PRODUCT>
      <DESCRIPTION>Description for example product 50.</DESCRIPTION>
      <URL>https://example.com/product-50</URL>
      <IMGURL>https://example.com/images/product-50.jpg</IMGURL>
      <PRICE_VAT>63.31</PRICE_VAT>
      <MANUFACTURER>ExampleBrand 50</MANUFACTURER>
      <CATEGORYTEXT>Main Category | Subcategory 50</CATEGORYTEXT>
      <EAN>3158636305638</EAN>
      <DELIVERY_DATE>2</DELIVERY_DATE>
    </SHOPITEM>

    <SHOPITEM>
      <ITEM_ID>51</ITEM_ID>
      <PRODUCTNAME>Example Product 51</PRODUCTNAME>
      <PRODUCT>Category 51</PRODUCT>
      <DESCRIPTION>Description for example product 51.</DESCRIPTION>
      <URL>https://example.com/product-51</URL>
      <IMGURL>https://example.com/images/product-51.jpg</IMGURL>
      <PRICE_VAT>83.19</PRICE_VAT>
      <MANUFACTURER>ExampleBrand 51</MANUFACTURER>
      <CATEGORYTEXT>Main Category | Subcategory 51</CATEGORYTEXT>
      <EAN>8285188832123</EAN>
      <DELIVERY_DATE>3</DELIVERY_DATE>
    </SHOPITEM>

    <SHOPITEM>
      <ITEM_ID>52</ITEM_ID>
      <PRODUCTNAME>Example Product 52</PRODUCTNAME>
      <PRODUCT>Category 52</PRODUCT>
      <DESCRIPTION>Description for example product 52.</DESCRIPTION>
      <URL>https://example.com/product-52</URL>
      <IMGURL>https://example.com/images/product-52.jpg</IMGURL>
      <PRICE_VAT>20.30</PRICE_VAT>
      <MANUFACTURER>ExampleBrand 52</MANUFACTURER>
      <CATEGORYTEXT>Main Category | Subcategory 52</CATEGORYTEXT>
      <EAN>9315599711983</EAN>
      <DELIVERY_DATE>3</DELIVERY_DATE>
    </SHOPITEM>

    <SHOPITEM>
      <ITEM_ID>53</ITEM_ID>
      <PRODUCTNAME>Example Product 53</PRODUCTNAME>
      <PRODUCT>Category 53</PRODUCT>
      <DESCRIPTION>Description for example product 53.</DESCRIPTION>
      <URL>https://example.com/product-53</URL>
      <IMGURL>https://example.com/images/product-53.jpg</IMGURL>
      <PRICE_VAT>22.54</PRICE_VAT>
      <MANUFACTURER>ExampleBrand 53</MANUFACTURER>
      <CATEGORYTEXT>Main Category | Subcategory 53</CATEGORYTEXT>
      <EAN>5699970646578</EAN>
      <DELIVERY_DATE>3</DELIVERY_DATE>
    </SHOPITEM>

    <SHOPITEM>
      <ITEM_ID>54</ITEM_ID>
      <PRODUCTNAME>Example Product 54</PRODUCTNAME>
      <PRODUCT>Category 54</PRODUCT>
      <DESCRIPTION>Description for example product 54.</DESCRIPTION>
      <URL>https://example.com/product-54</URL>
      <IMGURL>https://example.com/images/product-54.jpg</IMGURL>
      <PRICE_VAT>24.20</PRICE_VAT>
      <MANUFACTURER>ExampleBrand 54</MANUFACTURER>
      <CATEGORYTEXT>Main Category | Subcategory 54</CATEGORYTEXT>
      <EAN>9819042811802</EAN>
      <DELIVERY_DATE>5</DELIVERY_DATE>
    </SHOPITEM>

    <SHOPITEM>
      <ITEM_ID>55</ITEM_ID>
      <PRODUCTNAME>Example Product 55</PRODUCTNAME>
      <PRODUCT>Category 55</PRODUCT>
      <DESCRIPTION>Description for example product 55.</DESCRIPTION>
      <URL>https://example.com/product-55</URL>
      <IMGURL>https://example.com/images/product-55.jpg</IMGURL>
      <PRICE_VAT>50.23</PRICE_VAT>
      <MANUFACTURER>ExampleBrand 55</MANUFACTURER>
      <CATEGORYTEXT>Main Category | Subcategory 55</CATEGORYTEXT>
      <EAN>1648119018827</EAN>
      <DELIVERY_DATE>5</DELIVERY_DATE>
    </SHOPITEM>

    <SHOPITEM>
      <ITEM_ID>56</ITEM_ID>
      <PRODUCTNAME>Example Product 56</PRODUCTNAME>
      <PRODUCT>Category 56</PRODUCT>
      <DESCRIPTION>Description for example product 56.</DESCRIPTION>
      <URL>https://example.com/product-56</URL>
      <IMGURL>https://example.com/images/product-56.jpg</IMGURL>
      <PRICE_VAT>44.31</PRICE_VAT>
      <MANUFACTURER>ExampleBrand 56</MANUFACTURER>
      <CATEGORYTEXT>Main Category | Subcategory 56</CATEGORYTEXT>
      <EAN>6510120075872</EAN>
      <DELIVERY_DATE>2</DELIVERY_DATE>
    </SHOPITEM>

    <SHOPITEM>
      <ITEM_ID>57</ITEM_ID>
      <PRODUCTNAME>Example Product 57</PRODUCTNAME>
      <PRODUCT>Category 57</PRODUCT>
      <DESCRIPTION>Description for example product 57.</DESCRIPTION>
      <URL>https://example.com/product-57</URL>
      <IMGURL>https://example.com/images/product-57.jpg</IMGURL>
      <PRICE_VAT>23.82</PRICE_VAT>
      <MANUFACTURER>ExampleBrand 57</MANUFACTURER>
      <CATEGORYTEXT>Main Category | Subcategory 57</CATEGORYTEXT>
      <EAN>8457081597186</EAN>
      <DELIVERY_DATE>2</DELIVERY_DATE>
    </SHOPITEM>

    <SHOPITEM>
      <ITEM_ID>58</ITEM_ID>
      <PRODUCTNAME>Example Product 58</PRODUCTNAME>
      <PRODUCT>Category 58</PRODUCT>
      <DESCRIPTION>Description for example product 58.</DESCRIPTION>
      <URL>https://example.com/product-58</URL>
      <IMGURL>https://example.com/images/product-58.jpg</IMGURL>
      <PRICE_VAT>4.86</PRICE_VAT>
      <MANUFACTURER>ExampleBrand 58</MANUFACTURER>
      <CATEGORYTEXT>Main Category | Subcategory 58</CATEGORYTEXT>
      <EAN>9057048841686</EAN>
      <DELIVERY_DATE>2</DELIVERY_DATE>
    </SHOPITEM>

    <SHOPITEM>
      <ITEM_ID>59</ITEM_ID>
      <PRODUCTNAME>Example Product 59</PRODUCTNAME>
      <PRODUCT>Category 59</PRODUCT>
      <DESCRIPTION>Description for example product 59.</DESCRIPTION>
      <URL>https://example.com/product-59</URL>
      <IMGURL>https://example.com/images/product-59.jpg</IMGURL>
      <PRICE_VAT>80.41</PRICE_VAT>
      <MANUFACTURER>ExampleBrand 59</MANUFACTURER>
      <CATEGORYTEXT>Main Category | Subcategory 59</CATEGORYTEXT>
      <EAN>8880218957922</EAN>
      <DELIVERY_DATE>2</DELIVERY_DATE>
    </SHOPITEM>

    <SHOPITEM>
      <ITEM_ID>60</ITEM_ID>
      <PRODUCTNAME>Example Product 60</PRODUCTNAME>
      <PRODUCT>Category 60</PRODUCT>
      <DESCRIPTION>Description for example product 60.</DESCRIPTION>
      <URL>https://example.com/product-60</URL>
      <IMGURL>https://example.com/images/product-60.jpg</IMGURL>
      <PRICE_VAT>45.03</PRICE_VAT>
      <MANUFACTURER>ExampleBrand 60</MANUFACTURER>
      <CATEGORYTEXT>Main Category | Subcategory 60</CATEGORYTEXT>
      <EAN>9511044801035</EAN>
      <DELIVERY_DATE>2</DELIVERY_DATE>
    </SHOPITEM>

    <SHOPITEM>
      <ITEM_ID>61</ITEM_ID>
      <PRODUCTNAME>Example Product 61</PRODUCTNAME>
      <PRODUCT>Category 61</PRODUCT>
      <DESCRIPTION>Description for example product 61.</DESCRIPTION>
      <URL>https://example.com/product-61</URL>
      <IMGURL>https://example.com/images/product-61.jpg</IMGURL>
      <PRICE_VAT>43.56</PRICE_VAT>
      <MANUFACTURER>ExampleBrand 61</MANUFACTURER>
      <CATEGORYTEXT>Main Category | Subcategory 61</CATEGORYTEXT>
      <EAN>6499322053440</EAN>
      <DELIVERY_DATE>4</DELIVERY_DATE>
    </SHOPITEM>

    <SHOPITEM>
      <ITEM_ID>62</ITEM_ID>
      <PRODUCTNAME>Example Product 62</PRODUCTNAME>
      <PRODUCT>Category 62</PRODUCT>
      <DESCRIPTION>Description for example product 62.</DESCRIPTION>
      <URL>https://example.com/product-62</URL>
      <IMGURL>https://example.com/images/product-62.jpg</IMGURL>
      <PRICE_VAT>26.05</PRICE_VAT>
      <MANUFACTURER>ExampleBrand 62</MANUFACTURER>
      <CATEGORYTEXT>Main Category | Subcategory 62</CATEGORYTEXT>
      <EAN>9066036600004</EAN>
      <DELIVERY_DATE>1</DELIVERY_DATE>
    </SHOPITEM>

    <SHOPITEM>
      <ITEM_ID>63</ITEM_ID>
      <PRODUCTNAME>Example Product 63</PRODUCTNAME>
      <PRODUCT>Category 63</PRODUCT>
      <DESCRIPTION>Description for example product 63.</DESCRIPTION>
      <URL>https://example.com/product-63</URL>
      <IMGURL>https://example.com/images/product-63.jpg</IMGURL>
      <PRICE_VAT>69.60</PRICE_VAT>
      <MANUFACTURER>ExampleBrand 63</MANUFACTURER>
      <CATEGORYTEXT>Main Category | Subcategory 63</CATEGORYTEXT>
      <EAN>3681198168757</EAN>
      <DELIVERY_DATE>1</DELIVERY_DATE>
    </SHOPITEM>

    <SHOPITEM>
      <ITEM_ID>64</ITEM_ID>
      <PRODUCTNAME>Example Product 64</PRODUCTNAME>
      <PRODUCT>Category 64</PRODUCT>
      <DESCRIPTION>Description for example product 64.</DESCRIPTION>
      <URL>https://example.com/product-64</URL>
      <IMGURL>https://example.com/images/product-64.jpg</IMGURL>
      <PRICE_VAT>96.85</PRICE_VAT>
      <MANUFACTURER>ExampleBrand 64</MANUFACTURER>
      <CATEGORYTEXT>Main Category | Subcategory 64</CATEGORYTEXT>
      <EAN>3880664263026</EAN>
      <DELIVERY_DATE>4</DELIVERY_DATE>
    </SHOPITEM>

    <SHOPITEM>
      <ITEM_ID>65</ITEM_ID>
      <PRODUCTNAME>Example Product 65</PRODUCTNAME>
      <PRODUCT>Category 65</PRODUCT>
      <DESCRIPTION>Description for example product 65.</DESCRIPTION>
      <URL>https://example.com/product-65</URL>
      <IMGURL>https://example.com/images/product-65.jpg</IMGURL>
      <PRICE_VAT>58.14</PRICE_VAT>
      <MANUFACTURER>ExampleBrand 65</MANUFACTURER>
      <CATEGORYTEXT>Main Category | Subcategory 65</CATEGORYTEXT>
      <EAN>8018706239008</EAN>
      <DELIVERY_DATE>1</DELIVERY_DATE>
    </SHOPITEM>

    <SHOPITEM>
      <ITEM_ID>66</ITEM_ID>
      <PRODUCTNAME>Example Product 66</PRODUCTNAME>
      <PRODUCT>Category 66</PRODUCT>
      <DESCRIPTION>Description for example product 66.</DESCRIPTION>
      <URL>https://example.com/product-66</URL>
      <IMGURL>https://example.com/images/product-66.jpg</IMGURL>
      <PRICE_VAT>85.96</PRICE_VAT>
      <MANUFACTURER>ExampleBrand 66</MANUFACTURER>
      <CATEGORYTEXT>Main Category | Subcategory 66</CATEGORYTEXT>
      <EAN>4613438269521</EAN>
      <DELIVERY_DATE>3</DELIVERY_DATE>
    </SHOPITEM>

    <SHOPITEM>
      <ITEM_ID>67</ITEM_ID>
      <PRODUCTNAME>Example Product 67</PRODUCTNAME>
      <PRODUCT>Category 67</PRODUCT>
      <DESCRIPTION>Description for example product 67.</DESCRIPTION>
      <URL>https://example.com/product-67</URL>
      <IMGURL>https://example.com/images/product-67.jpg</IMGURL>
      <PRICE_VAT>100.26</PRICE_VAT>
      <MANUFACTURER>ExampleBrand 67</MANUFACTURER>
      <CATEGORYTEXT>Main Category | Subcategory 67</CATEGORYTEXT>
      <EAN>7470722775468</EAN>
      <DELIVERY_DATE>4</DELIVERY_DATE>
    </SHOPITEM>

    <SHOPITEM>
      <ITEM_ID>68</ITEM_ID>
      <PRODUCTNAME>Example Product 68</PRODUCTNAME>
      <PRODUCT>Category 68</PRODUCT>
      <DESCRIPTION>Description for example product 68.</DESCRIPTION>
      <URL>https://example.com/product-68</URL>
      <IMGURL>https://example.com/images/product-68.jpg</IMGURL>
      <PRICE_VAT>74.65</PRICE_VAT>
      <MANUFACTURER>ExampleBrand 68</MANUFACTURER>
      <CATEGORYTEXT>Main Category | Subcategory 68</CATEGORYTEXT>
      <EAN>5229198155880</EAN>
      <DELIVERY_DATE>2</DELIVERY_DATE>
    </SHOPITEM>

    <SHOPITEM>
      <ITEM_ID>69</ITEM_ID>
      <PRODUCTNAME>Example Product 69</PRODUCTNAME>
      <PRODUCT>Category 69</PRODUCT>
      <DESCRIPTION>Description for example product 69.</DESCRIPTION>
      <URL>https://example.com/product-69</URL>
      <IMGURL>https://example.com/images/product-69.jpg</IMGURL>
      <PRICE_VAT>85.51</PRICE_VAT>
      <MANUFACTURER>ExampleBrand 69</MANUFACTURER>
      <CATEGORYTEXT>Main Category | Subcategory 69</CATEGORYTEXT>
      <EAN>3102219774238</EAN>
      <DELIVERY_DATE>4</DELIVERY_DATE>
    </SHOPITEM>

    <SHOPITEM>
      <ITEM_ID>70</ITEM_ID>
      <PRODUCTNAME>Example Product 70</PRODUCTNAME>
      <PRODUCT>Category 70</PRODUCT>
      <DESCRIPTION>Description for example product 70.</DESCRIPTION>
      <URL>https://example.com/product-70</URL>
      <IMGURL>https://example.com/images/product-70.jpg</IMGURL>
      <PRICE_VAT>24.86</PRICE_VAT>
      <MANUFACTURER>ExampleBrand 70</MANUFACTURER>
      <CATEGORYTEXT>Main Category | Subcategory 70</CATEGORYTEXT>
      <EAN>4741786622544</EAN>
      <DELIVERY_DATE>2</DELIVERY_DATE>
    </SHOPITEM>

    <SHOPITEM>
      <ITEM_ID>71</ITEM_ID>
      <PRODUCTNAME>Example Product 71</PRODUCTNAME>
      <PRODUCT>Category 71</PRODUCT>
      <DESCRIPTION>Description for example product 71.</DESCRIPTION>
      <URL>https://example.com/product-71</URL>
      <IMGURL>https://example.com/images/product-71.jpg</IMGURL>
      <PRICE_VAT>79.65</PRICE_VAT>
      <MANUFACTURER>ExampleBrand 71</MANUFACTURER>
      <CATEGORYTEXT>Main Category | Subcategory 71</CATEGORYTEXT>
      <EAN>4172479055370</EAN>
      <DELIVERY_DATE>3</DELIVERY_DATE>
    </SHOPITEM>

    <SHOPITEM>
      <ITEM_ID>72</ITEM_ID>
      <PRODUCTNAME>Example Product 72</PRODUCTNAME>
      <PRODUCT>Category 72</PRODUCT>
      <DESCRIPTION>Description for example product 72.</DESCRIPTION>
      <URL>https://example.com/product-72</URL>
      <IMGURL>https://example.com/images/product-72.jpg</IMGURL>
      <PRICE_VAT>80.30</PRICE_VAT>
      <MANUFACTURER>ExampleBrand 72</MANUFACTURER>
      <CATEGORYTEXT>Main Category | Subcategory 72</CATEGORYTEXT>
      <EAN>3136657893176</EAN>
      <DELIVERY_DATE>1</DELIVERY_DATE>
    </SHOPITEM>

    <SHOPITEM>
      <ITEM_ID>73</ITEM_ID>
      <PRODUCTNAME>Example Product 73</PRODUCTNAME>
      <PRODUCT>Category 73</PRODUCT>
      <DESCRIPTION>Description for example product 73.</DESCRIPTION>
      <URL>https://example.com/product-73</URL>
      <IMGURL>https://example.com/images/product-73.jpg</IMGURL>
      <PRICE_VAT>96.45</PRICE_VAT>
      <MANUFACTURER>ExampleBrand 73</MANUFACTURER>
      <CATEGORYTEXT>Main Category | Subcategory 73</CATEGORYTEXT>
      <EAN>1078334263468</EAN>
      <DELIVERY_DATE>4</DELIVERY_DATE>
    </SHOPITEM>

    <SHOPITEM>
      <ITEM_ID>74</ITEM_ID>
      <PRODUCTNAME>Example Product 74</PRODUCTNAME>
      <PRODUCT>Category 74</PRODUCT>
      <DESCRIPTION>Description for example product 74.</DESCRIPTION>
      <URL>https://example.com/product-74</URL>
      <IMGURL>https://example.com/images/product-74.jpg</IMGURL>
      <PRICE_VAT>55.60</PRICE_VAT>
      <MANUFACTURER>ExampleBrand 74</MANUFACTURER>
      <CATEGORYTEXT>Main Category | Subcategory 74</CATEGORYTEXT>
      <EAN>1781031768905</EAN>
      <DELIVERY_DATE>2</DELIVERY_DATE>
    </SHOPITEM>

    <SHOPITEM>
      <ITEM_ID>75</ITEM_ID>
      <PRODUCTNAME>Example Product 75</PRODUCTNAME>
      <PRODUCT>Category 75</PRODUCT>
      <DESCRIPTION>Description for example product 75.</DESCRIPTION>
      <URL>https://example.com/product-75</URL>
      <IMGURL>https://example.com/images/product-75.jpg</IMGURL>
      <PRICE_VAT>65.98</PRICE_VAT>
      <MANUFACTURER>ExampleBrand 75</MANUFACTURER>
      <CATEGORYTEXT>Main Category | Subcategory 75</CATEGORYTEXT>
      <EAN>5638993442640</EAN>
      <DELIVERY_DATE>3</DELIVERY_DATE>
    </SHOPITEM>

    <SHOPITEM>
      <ITEM_ID>76</ITEM_ID>
      <PRODUCTNAME>Example Product 76</PRODUCTNAME>
      <PRODUCT>Category 76</PRODUCT>
      <DESCRIPTION>Description for example product 76.</DESCRIPTION>
      <URL>https://example.com/product-76</URL>
      <IMGURL>https://example.com/images/product-76.jpg</IMGURL>
      <PRICE_VAT>15.76</PRICE_VAT>
      <MANUFACTURER>ExampleBrand 76</MANUFACTURER>
      <CATEGORYTEXT>Main Category | Subcategory 76</CATEGORYTEXT>
      <EAN>1955536655951</EAN>
      <DELIVERY_DATE>5</DELIVERY_DATE>
    </SHOPITEM>

    <SHOPITEM>
      <ITEM_ID>77</ITEM_ID>
      <PRODUCTNAME>Example Product 77</PRODUCTNAME>
      <PRODUCT>Category 77</PRODUCT>
      <DESCRIPTION>Description for example product 77.</DESCRIPTION>
      <URL>https://example.com/product-77</URL>
      <IMGURL>https://example.com/images/product-77.jpg</IMGURL>
      <PRICE_VAT>49.45</PRICE_VAT>
      <MANUFACTURER>ExampleBrand 77</MANUFACTURER>
      <CATEGORYTEXT>Main Category | Subcategory 77</CATEGORYTEXT>
      <EAN>5720195479492</EAN>
      <DELIVERY_DATE>5</DELIVERY_DATE>
    </SHOPITEM>

    <SHOPITEM>
      <ITEM_ID>78</ITEM_ID>
      <PRODUCTNAME>Example Product 78</PRODUCTNAME>
      <PRODUCT>Category 78</PRODUCT>
      <DESCRIPTION>Description for example product 78.</DESCRIPTION>
      <URL>https://example.com/product-78</URL>
      <IMGURL>https://example.com/images/product-78.jpg</IMGURL>
      <PRICE_VAT>68.85</PRICE_VAT>
      <MANUFACTURER>ExampleBrand 78</MANUFACTURER>
      <CATEGORYTEXT>Main Category | Subcategory 78</CATEGORYTEXT>
      <EAN>7081048295449</EAN>
      <DELIVERY_DATE>2</DELIVERY_DATE>
    </SHOPITEM>

    <SHOPITEM>
      <ITEM_ID>79</ITEM_ID>
      <PRODUCTNAME>Example Product 79</PRODUCTNAME>
      <PRODUCT>Category 79</PRODUCT>
      <DESCRIPTION>Description for example product 79.</DESCRIPTION>
      <URL>https://example.com/product-79</URL>
      <IMGURL>https://example.com/images/product-79.jpg</IMGURL>
      <PRICE_VAT>1.82</PRICE_VAT>
      <MANUFACTURER>ExampleBrand 79</MANUFACTURER>
      <CATEGORYTEXT>Main Category | Subcategory 79</CATEGORYTEXT>
      <EAN>7207564552821</EAN>
      <DELIVERY_DATE>2</DELIVERY_DATE>
    </SHOPITEM>

    <SHOPITEM>
      <ITEM_ID>80</ITEM_ID>
      <PRODUCTNAME>Example Product 80</PRODUCTNAME>
      <PRODUCT>Category 80</PRODUCT>
      <DESCRIPTION>Description for example product 80.</DESCRIPTION>
      <URL>https://example.com/product-80</URL>
      <IMGURL>https://example.com/images/product-80.jpg</IMGURL>
      <PRICE_VAT>68.81</PRICE_VAT>
      <MANUFACTURER>ExampleBrand 80</MANUFACTURER>
      <CATEGORYTEXT>Main Category | Subcategory 80</CATEGORYTEXT>
      <EAN>8018477658569</EAN>
      <DELIVERY_DATE>3</DELIVERY_DATE>
    </SHOPITEM>

    <SHOPITEM>
      <ITEM_ID>81</ITEM_ID>
      <PRODUCTNAME>Example Product 81</PRODUCTNAME>
      <PRODUCT>Category 81</PRODUCT>
      <DESCRIPTION>Description for example product 81.</DESCRIPTION>
      <URL>https://example.com/product-81</URL>
      <IMGURL>https://example.com/images/product-81.jpg</IMGURL>
      <PRICE_VAT>60.01</PRICE_VAT>
      <MANUFACTURER>ExampleBrand 81</MANUFACTURER>
      <CATEGORYTEXT>Main Category | Subcategory 81</CATEGORYTEXT>
      <EAN>7246452085285</EAN>
      <DELIVERY_DATE>2</DELIVERY_DATE>
    </SHOPITEM>

    <SHOPITEM>
      <ITEM_ID>82</ITEM_ID>
      <PRODUCTNAME>Example Product 82</PRODUCTNAME>
      <PRODUCT>Category 82</PRODUCT>
      <DESCRIPTION>Description for example product 82.</DESCRIPTION>
      <URL>https://example.com/product-82</URL>
      <IMGURL>https://example.com/images/product-82.jpg</IMGURL>
      <PRICE_VAT>55.92</PRICE_VAT>
      <MANUFACTURER>ExampleBrand 82</MANUFACTURER>
      <CATEGORYTEXT>Main Category | Subcategory 82</CATEGORYTEXT>
      <EAN>1852723409534</EAN>
      <DELIVERY_DATE>4</DELIVERY_DATE>
    </SHOPITEM>

    <SHOPITEM>
      <ITEM_ID>83</ITEM_ID>
      <PRODUCTNAME>Example Product 83</PRODUCTNAME>
      <PRODUCT>Category 83</PRODUCT>
      <DESCRIPTION>Description for example product 83.</DESCRIPTION>
      <URL>https://example.com/product-83</URL>
      <IMGURL>https://example.com/images/product-83.jpg</IMGURL>
      <PRICE_VAT>29.11</PRICE_VAT>
      <MANUFACTURER>ExampleBrand 83</MANUFACTURER>
      <CATEGORYTEXT>Main Category | Subcategory 83</CATEGORYTEXT>
      <EAN>1720149503075</EAN>
      <DELIVERY_DATE>1</DELIVERY_DATE>
    </SHOPITEM>

    <SHOPITEM>
      <ITEM_ID>84</ITEM_ID>
      <PRODUCTNAME>Example Product 84</PRODUCTNAME>
      <PRODUCT>Category 84</PRODUCT>
      <DESCRIPTION>Description for example product 84.</DESCRIPTION>
      <URL>https://example.com/product-84</URL>
      <IMGURL>https://example.com/images/product-84.jpg</IMGURL>
      <PRICE_VAT>91.78</PRICE_VAT>
      <MANUFACTURER>ExampleBrand 84</MANUFACTURER>
      <CATEGORYTEXT>Main Category | Subcategory 84</CATEGORYTEXT>
      <EAN>5239755655038</EAN>
      <DELIVERY_DATE>5</DELIVERY_DATE>
    </SHOPITEM>

    <SHOPITEM>
      <ITEM_ID>85</ITEM_ID>
      <PRODUCTNAME>Example Product 85</PRODUCTNAME>
      <PRODUCT>Category 85</PRODUCT>
      <DESCRIPTION>Description for example product 85.</DESCRIPTION>
      <URL>https://example.com/product-85</URL>
      <IMGURL>https://example.com/images/product-85.jpg</IMGURL>
      <PRICE_VAT>80.82</PRICE_VAT>
      <MANUFACTURER>ExampleBrand 85</MANUFACTURER>
      <CATEGORYTEXT>Main Category | Subcategory 85</CATEGORYTEXT>
      <EAN>2073382753855</EAN>
      <DELIVERY_DATE>1</DELIVERY_DATE>
    </SHOPITEM>

    <SHOPITEM>
      <ITEM_ID>86</ITEM_ID>
      <PRODUCTNAME>Example Product 86</PRODUCTNAME>
      <PRODUCT>Category 86</PRODUCT>
      <DESCRIPTION>Description for example product 86.</DESCRIPTION>
      <URL>https://example.com/product-86</URL>
      <IMGURL>https://example.com/images/product-86.jpg</IMGURL>
      <PRICE_VAT>46.37</PRICE_VAT>
      <MANUFACTURER>ExampleBrand 86</MANUFACTURER>
      <CATEGORYTEXT>Main Category | Subcategory 86</CATEGORYTEXT>
      <EAN>3584212743191</EAN>
      <DELIVERY_DATE>2</DELIVERY_DATE>
    </SHOPITEM>

    <SHOPITEM>
      <ITEM_ID>87</ITEM_ID>
      <PRODUCTNAME>Example Product 87</PRODUCTNAME>
      <PRODUCT>Category 87</PRODUCT>
      <DESCRIPTION>Description for example product 87.</DESCRIPTION>
      <URL>https://example.com/product-87</URL>
      <IMGURL>https://example.com/images/product-87.jpg</IMGURL>
      <PRICE_VAT>39.36</PRICE_VAT>
      <MANUFACTURER>ExampleBrand 87</MANUFACTURER>
      <CATEGORYTEXT>Main Category | Subcategory 87</CATEGORYTEXT>
      <EAN>2062656025748</EAN>
      <DELIVERY_DATE>3</DELIVERY_DATE>
    </SHOPITEM>

    <SHOPITEM>
      <ITEM_ID>88</ITEM_ID>
      <PRODUCTNAME>Example Product 88</PRODUCTNAME>
      <PRODUCT>Category 88</PRODUCT>
      <DESCRIPTION>Description for example product 88.</DESCRIPTION>
      <URL>https://example.com/product-88</URL>
      <IMGURL>https://example.com/images/product-88.jpg</IMGURL>
      <PRICE_VAT>68.97</PRICE_VAT>
      <MANUFACTURER>ExampleBrand 88</MANUFACTURER>
      <CATEGORYTEXT>Main Category | Subcategory 88</CATEGORYTEXT>
      <EAN>7108997727653</EAN>
      <DELIVERY_DATE>1</DELIVERY_DATE>
    </SHOPITEM>

    <SHOPITEM>
      <ITEM_ID>89</ITEM_ID>
      <PRODUCTNAME>Example Product 89</PRODUCTNAME>
      <PRODUCT>Category 89</PRODUCT>
      <DESCRIPTION>Description for example product 89.</DESCRIPTION>
      <URL>https://example.com/product-89</URL>
      <IMGURL>https://example.com/images/product-89.jpg</IMGURL>
      <PRICE_VAT>66.48</PRICE_VAT>
      <MANUFACTURER>ExampleBrand 89</MANUFACTURER>
      <CATEGORYTEXT>Main Category | Subcategory 89</CATEGORYTEXT>
      <EAN>9369489178992</EAN>
      <DELIVERY_DATE>3</DELIVERY_DATE>
    </SHOPITEM>

    <SHOPITEM>
      <ITEM_ID>90</ITEM_ID>
      <PRODUCTNAME>Example Product 90</PRODUCTNAME>
      <PRODUCT>Category 90</PRODUCT>
      <DESCRIPTION>Description for example product 90.</DESCRIPTION>
      <URL>https://example.com/product-90</URL>
      <IMGURL>https://example.com/images/product-90.jpg</IMGURL>
      <PRICE_VAT>12.34</PRICE_VAT>
      <MANUFACTURER>ExampleBrand 90</MANUFACTURER>
      <CATEGORYTEXT>Main Category | Subcategory 90</CATEGORYTEXT>
      <EAN>3685496173280</EAN>
      <DELIVERY_DATE>2</DELIVERY_DATE>
    </SHOPITEM>

    <SHOPITEM>
      <ITEM_ID>91</ITEM_ID>
      <PRODUCTNAME>Example Product 91</PRODUCTNAME>
      <PRODUCT>Category 91</PRODUCT>
      <DESCRIPTION>Description for example product 91.</DESCRIPTION>
      <URL>https://example.com/product-91</URL>
      <IMGURL>https://example.com/images/product-91.jpg</IMGURL>
      <PRICE_VAT>87.98</PRICE_VAT>
      <MANUFACTURER>ExampleBrand 91</MANUFACTURER>
      <CATEGORYTEXT>Main Category | Subcategory 91</CATEGORYTEXT>
      <EAN>6074323188293</EAN>
      <DELIVERY_DATE>3</DELIVERY_DATE>
    </SHOPITEM>

    <SHOPITEM>
      <ITEM_ID>92</ITEM_ID>
      <PRODUCTNAME>Example Product 92</PRODUCTNAME>
      <PRODUCT>Category 92</PRODUCT>
      <DESCRIPTION>Description for example product 92.</DESCRIPTION>
      <URL>https://example.com/product-92</URL>
      <IMGURL>https://example.com/images/product-92.jpg</IMGURL>
      <PRICE_VAT>22.83</PRICE_VAT>
      <MANUFACTURER>ExampleBrand 92</MANUFACTURER>
      <CATEGORYTEXT>Main Category | Subcategory 92</CATEGORYTEXT>
      <EAN>5370858882609</EAN>
      <DELIVERY_DATE>1</DELIVERY_DATE>
    </SHOPITEM>

    <SHOPITEM>
      <ITEM_ID>93</ITEM_ID>
      <PRODUCTNAME>Example Product 93</PRODUCTNAME>
      <PRODUCT>Category 93</PRODUCT>
      <DESCRIPTION>Description for example product 93.</DESCRIPTION>
      <URL>https://example.com/product-93</URL>
      <IMGURL>https://example.com/images/product-93.jpg</IMGURL>
      <PRICE_VAT>78.47</PRICE_VAT>
      <MANUFACTURER>ExampleBrand 93</MANUFACTURER>
      <CATEGORYTEXT>Main Category | Subcategory 93</CATEGORYTEXT>
      <EAN>1750623475343</EAN>
      <DELIVERY_DATE>3</DELIVERY_DATE>
    </SHOPITEM>

    <SHOPITEM>
      <ITEM_ID>94</ITEM_ID>
      <PRODUCTNAME>Example Product 94</PRODUCTNAME>
      <PRODUCT>Category 94</PRODUCT>
      <DESCRIPTION>Description for example product 94.</DESCRIPTION>
      <URL>https://example.com/product-94</URL>
      <IMGURL>https://example.com/images/product-94.jpg</IMGURL>
      <PRICE_VAT>70.62</PRICE_VAT>
      <MANUFACTURER>ExampleBrand 94</MANUFACTURER>
      <CATEGORYTEXT>Main Category | Subcategory 94</CATEGORYTEXT>
      <EAN>9730019715009</EAN>
      <DELIVERY_DATE>3</DELIVERY_DATE>
    </SHOPITEM>

    <SHOPITEM>
      <ITEM_ID>95</ITEM_ID>
      <PRODUCTNAME>Example Product 95</PRODUCTNAME>
      <PRODUCT>Category 95</PRODUCT>
      <DESCRIPTION>Description for example product 95.</DESCRIPTION>
      <URL>https://example.com/product-95</URL>
      <IMGURL>https://example.com/images/product-95.jpg</IMGURL>
      <PRICE_VAT>92.73</PRICE_VAT>
      <MANUFACTURER>ExampleBrand 95</MANUFACTURER>
      <CATEGORYTEXT>Main Category | Subcategory 95</CATEGORYTEXT>
      <EAN>5304455145905</EAN>
      <DELIVERY_DATE>3</DELIVERY_DATE>
    </SHOPITEM>

    <SHOPITEM>
      <ITEM_ID>96</ITEM_ID>
      <PRODUCTNAME>Example Product 96</PRODUCTNAME>
      <PRODUCT>Category 96</PRODUCT>
      <DESCRIPTION>Description for example product 96.</DESCRIPTION>
      <URL>https://example.com/product-96</URL>
      <IMGURL>https://example.com/images/product-96.jpg</IMGURL>
      <PRICE_VAT>87.42</PRICE_VAT>
      <MANUFACTURER>ExampleBrand 96</MANUFACTURER>
      <CATEGORYTEXT>Main Category | Subcategory 96</CATEGORYTEXT>
      <EAN>7974179440205</EAN>
      <DELIVERY_DATE>2</DELIVERY_DATE>
    </SHOPITEM>

    <SHOPITEM>
      <ITEM_ID>97</ITEM_ID>
      <PRODUCTNAME>Example Product 97</PRODUCTNAME>
      <PRODUCT>Category 97</PRODUCT>
      <DESCRIPTION>Description for example product 97.</DESCRIPTION>
      <URL>https://example.com/product-97</URL>
      <IMGURL>https://example.com/images/product-97.jpg</IMGURL>
      <PRICE_VAT>29.66</PRICE_VAT>
      <MANUFACTURER>ExampleBrand 97</MANUFACTURER>
      <CATEGORYTEXT>Main Category | Subcategory 97</CATEGORYTEXT>
      <EAN>7306343987980</EAN>
      <DELIVERY_DATE>3</DELIVERY_DATE>
    </SHOPITEM>

    <SHOPITEM>
      <ITEM_ID>98</ITEM_ID>
      <PRODUCTNAME>Example Product 98</PRODUCTNAME>
      <PRODUCT>Category 98</PRODUCT>
      <DESCRIPTION>Description for example product 98.</DESCRIPTION>
      <URL>https://example.com/product-98</URL>
      <IMGURL>https://example.com/images/product-98.jpg</IMGURL>
      <PRICE_VAT>13.17</PRICE_VAT>
      <MANUFACTURER>ExampleBrand 98</MANUFACTURER>
      <CATEGORYTEXT>Main Category | Subcategory 98</CATEGORYTEXT>
      <EAN>3212213435633</EAN>
      <DELIVERY_DATE>2</DELIVERY_DATE>
    </SHOPITEM>

    <SHOPITEM>
      <ITEM_ID>99</ITEM_ID>
      <PRODUCTNAME>Example Product 99</PRODUCTNAME>
      <PRODUCT>Category 99</PRODUCT>
      <DESCRIPTION>Description for example product 99.</DESCRIPTION>
      <URL>https://example.com/product-99</URL>
      <IMGURL>https://example.com/images/product-99.jpg</IMGURL>
      <PRICE_VAT>87.76</PRICE_VAT>
      <MANUFACTURER>ExampleBrand 99</MANUFACTURER>
      <CATEGORYTEXT>Main Category | Subcategory 99</CATEGORYTEXT>
      <EAN>6833704956321</EAN>
      <DELIVERY_DATE>2</DELIVERY_DATE>
    </SHOPITEM>

    <SHOPITEM>
      <ITEM_ID>100</ITEM_ID>
      <PRODUCTNAME>Example Product 100</PRODUCTNAME>
      <PRODUCT>Category 100</PRODUCT>
      <DESCRIPTION>Description for example product 100.</DESCRIPTION>
      <URL>https://example.com/product-100</URL>
      <IMGURL>https://example.com/images/product-100.jpg</IMGURL>
      <PRICE_VAT>71.70</PRICE_VAT>
      <MANUFACTURER>ExampleBrand 100</MANUFACTURER>
      <CATEGORYTEXT>Main Category | Subcategory 100</CATEGORYTEXT>
      <EAN>4221964657391</EAN>
      <DELIVERY_DATE>5</DELIVERY_DATE>
    </SHOPITEM>

    <SHOPITEM>
      <ITEM_ID>101</ITEM_ID>
      <PRODUCTNAME>Example Product 101</PRODUCTNAME>
      <PRODUCT>Category 101</PRODUCT>
      <DESCRIPTION>Description for example product 101.</DESCRIPTION>
      <URL>https://example.com/product-101</URL>
      <IMGURL>https://example.com/images/product-101.jpg</IMGURL>
      <PRICE_VAT>13.69</PRICE_VAT>
      <MANUFACTURER>ExampleBrand 101</MANUFACTURER>
      <CATEGORYTEXT>Main Category | Subcategory 101</CATEGORYTEXT>
      <EAN>8684846541387</EAN>
      <DELIVERY_DATE>1</DELIVERY_DATE>
    </SHOPITEM>

    <SHOPITEM>
      <ITEM_ID>102</ITEM_ID>
      <PRODUCTNAME>Example Product 102</PRODUCTNAME>
      <PRODUCT>Category 102</PRODUCT>
      <DESCRIPTION>Description for example product 102.</DESCRIPTION>
      <URL>https://example.com/product-102</URL>
      <IMGURL>https://example.com/images/product-102.jpg</IMGURL>
      <PRICE_VAT>10.49</PRICE_VAT>
      <MANUFACTURER>ExampleBrand 102</MANUFACTURER>
      <CATEGORYTEXT>Main Category | Subcategory 102</CATEGORYTEXT>
      <EAN>3697438938503</EAN>
      <DELIVERY_DATE>4</DELIVERY_DATE>
    </SHOPITEM>

    <SHOPITEM>
      <ITEM_ID>103</ITEM_ID>
      <PRODUCTNAME>Example Product 103</PRODUCTNAME>
      <PRODUCT>Category 103</PRODUCT>
      <DESCRIPTION>Description for example product 103.</DESCRIPTION>
      <URL>https://example.com/product-103</URL>
      <IMGURL>https://example.com/images/product-103.jpg</IMGURL>
      <PRICE_VAT>29.54</PRICE_VAT>
      <MANUFACTURER>ExampleBrand 103</MANUFACTURER>
      <CATEGORYTEXT>Main Category | Subcategory 103</CATEGORYTEXT>
      <EAN>5259471865272</EAN>
      <DELIVERY_DATE>5</DELIVERY_DATE>
    </SHOPITEM>

    <SHOPITEM>
      <ITEM_ID>104</ITEM_ID>
      <PRODUCTNAME>Example Product 104</PRODUCTNAME>
      <PRODUCT>Category 104</PRODUCT>
      <DESCRIPTION>Description for example product 104.</DESCRIPTION>
      <URL>https://example.com/product-104</URL>
      <IMGURL>https://example.com/images/product-104.jpg</IMGURL>
      <PRICE_VAT>50.04</PRICE_VAT>
      <MANUFACTURER>ExampleBrand 104</MANUFACTURER>
      <CATEGORYTEXT>Main Category | Subcategory 104</CATEGORYTEXT>
      <EAN>6765880357801</EAN>
      <DELIVERY_DATE>5</DELIVERY_DATE>
    </SHOPITEM>

    <SHOPITEM>
      <ITEM_ID>105</ITEM_ID>
      <PRODUCTNAME>Example Product 105</PRODUCTNAME>
      <PRODUCT>Category 105</PRODUCT>
      <DESCRIPTION>Description for example product 105.</DESCRIPTION>
      <URL>https://example.com/product-105</URL>
      <IMGURL>https://example.com/images/product-105.jpg</IMGURL>
      <PRICE_VAT>86.23</PRICE_VAT>
      <MANUFACTURER>ExampleBrand 105</MANUFACTURER>
      <CATEGORYTEXT>Main Category | Subcategory 105</CATEGORYTEXT>
      <EAN>7283241514712</EAN>
      <DELIVERY_DATE>4</DELIVERY_DATE>
    </SHOPITEM>

    <SHOPITEM>
      <ITEM_ID>106</ITEM_ID>
      <PRODUCTNAME>Example Product 106</PRODUCTNAME>
      <PRODUCT>Category 106</PRODUCT>
      <DESCRIPTION>Description for example product 106.</DESCRIPTION>
      <URL>https://example.com/product-106</URL>
      <IMGURL>https://example.com/images/product-106.jpg</IMGURL>
      <PRICE_VAT>84.64</PRICE_VAT>
      <MANUFACTURER>ExampleBrand 106</MANUFACTURER>
      <CATEGORYTEXT>Main Category | Subcategory 106</CATEGORYTEXT>
      <EAN>3419688520587</EAN>
      <DELIVERY_DATE>5</DELIVERY_DATE>
    </SHOPITEM>

    <SHOPITEM>
      <ITEM_ID>107</ITEM_ID>
      <PRODUCTNAME>Example Product 107</PRODUCTNAME>
      <PRODUCT>Category 107</PRODUCT>
      <DESCRIPTION>Description for example product 107.</DESCRIPTION>
      <URL>https://example.com/product-107</URL>
      <IMGURL>https://example.com/images/product-107.jpg</IMGURL>
      <PRICE_VAT>69.89</PRICE_VAT>
      <MANUFACTURER>ExampleBrand 107</MANUFACTURER>
      <CATEGORYTEXT>Main Category | Subcategory 107</CATEGORYTEXT>
      <EAN>1418045118364</EAN>
      <DELIVERY_DATE>4</DELIVERY_DATE>
    </SHOPITEM>

    <SHOPITEM>
      <ITEM_ID>108</ITEM_ID>
      <PRODUCTNAME>Example Product 108</PRODUCTNAME>
      <PRODUCT>Category 108</PRODUCT>
      <DESCRIPTION>Description for example product 108.</DESCRIPTION>
      <URL>https://example.com/product-108</URL>
      <IMGURL>https://example.com/images/product-108.jpg</IMGURL>
      <PRICE_VAT>43.10</PRICE_VAT>
      <MANUFACTURER>ExampleBrand 108</MANUFACTURER>
      <CATEGORYTEXT>Main Category | Subcategory 108</CATEGORYTEXT>
      <EAN>4270117606340</EAN>
      <DELIVERY_DATE>5</DELIVERY_DATE>
    </SHOPITEM>

    <SHOPITEM>
      <ITEM_ID>109</ITEM_ID>
      <PRODUCTNAME>Example Product 109</PRODUCTNAME>
      <PRODUCT>Category 109</PRODUCT>
      <DESCRIPTION>Description for example product 109.</DESCRIPTION>
      <URL>https://example.com/product-109</URL>
      <IMGURL>https://example.com/images/product-109.jpg</IMGURL>
      <PRICE_VAT>16.35</PRICE_VAT>
      <MANUFACTURER>ExampleBrand 109</MANUFACTURER>
      <CATEGORYTEXT>Main Category | Subcategory 109</CATEGORYTEXT>
      <EAN>5810041229230</EAN>
      <DELIVERY_DATE>2</DELIVERY_DATE>
    </SHOPITEM>

    <SHOPITEM>
      <ITEM_ID>110</ITEM_ID>
      <PRODUCTNAME>Example Product 110</PRODUCTNAME>
      <PRODUCT>Category 110</PRODUCT>
      <DESCRIPTION>Description for example product 110.</DESCRIPTION>
      <URL>https://example.com/product-110</URL>
      <IMGURL>https://example.com/images/product-110.jpg</IMGURL>
      <PRICE_VAT>23.50</PRICE_VAT>
      <MANUFACTURER>ExampleBrand 110</MANUFACTURER>
      <CATEGORYTEXT>Main Category | Subcategory 110</CATEGORYTEXT>
      <EAN>2731443420841</EAN>
      <DELIVERY_DATE>4</DELIVERY_DATE>
    </SHOPITEM>

    <SHOPITEM>
      <ITEM_ID>111</ITEM_ID>
      <PRODUCTNAME>Example Product 111</PRODUCTNAME>
      <PRODUCT>Category 111</PRODUCT>
      <DESCRIPTION>Description for example product 111.</DESCRIPTION>
      <URL>https://example.com/product-111</URL>
      <IMGURL>https://example.com/images/product-111.jpg</IMGURL>
      <PRICE_VAT>22.84</PRICE_VAT>
      <MANUFACTURER>ExampleBrand 111</MANUFACTURER>
      <CATEGORYTEXT>Main Category | Subcategory 111</CATEGORYTEXT>
      <EAN>2320064941493</EAN>
      <DELIVERY_DATE>3</DELIVERY_DATE>
    </SHOPITEM>

    <SHOPITEM>
      <ITEM_ID>112</ITEM_ID>
      <PRODUCTNAME>Example Product 112</PRODUCTNAME>
      <PRODUCT>Category 112</PRODUCT>
      <DESCRIPTION>Description for example product 112.</DESCRIPTION>
      <URL>https://example.com/product-112</URL>
      <IMGURL>https://example.com/images/product-112.jpg</IMGURL>
      <PRICE_VAT>65.23</PRICE_VAT>
      <MANUFACTURER>ExampleBrand 112</MANUFACTURER>
      <CATEGORYTEXT>Main Category | Subcategory 112</CATEGORYTEXT>
      <EAN>5341179634096</EAN>
      <DELIVERY_DATE>1</DELIVERY_DATE>
    </SHOPITEM>

    <SHOPITEM>
      <ITEM_ID>113</ITEM_ID>
      <PRODUCTNAME>Example Product 113</PRODUCTNAME>
      <PRODUCT>Category 113</PRODUCT>
      <DESCRIPTION>Description for example product 113.</DESCRIPTION>
      <URL>https://example.com/product-113</URL>
      <IMGURL>https://example.com/images/product-113.jpg</IMGURL>
      <PRICE_VAT>4.67</PRICE_VAT>
      <MANUFACTURER>ExampleBrand 113</MANUFACTURER>
      <CATEGORYTEXT>Main Category | Subcategory 113</CATEGORYTEXT>
      <EAN>6755720868608</EAN>
      <DELIVERY_DATE>2</DELIVERY_DATE>
    </SHOPITEM>

    <SHOPITEM>
      <ITEM_ID>114</ITEM_ID>
      <PRODUCTNAME>Example Product 114</PRODUCTNAME>
      <PRODUCT>Category 114</PRODUCT>
      <DESCRIPTION>Description for example product 114.</DESCRIPTION>
      <URL>https://example.com/product-114</URL>
      <IMGURL>https://example.com/images/product-114.jpg</IMGURL>
      <PRICE_VAT>61.49</PRICE_VAT>
      <MANUFACTURER>ExampleBrand 114</MANUFACTURER>
      <CATEGORYTEXT>Main Category | Subcategory 114</CATEGORYTEXT>
      <EAN>6669961359540</EAN>
      <DELIVERY_DATE>1</DELIVERY_DATE>
    </SHOPITEM>

    <SHOPITEM>
      <ITEM_ID>115</ITEM_ID>
      <PRODUCTNAME>Example Product 115</PRODUCTNAME>
      <PRODUCT>Category 115</PRODUCT>
      <DESCRIPTION>Description for example product 115.</DESCRIPTION>
      <URL>https://example.com/product-115</URL>
      <IMGURL>https://example.com/images/product-115.jpg</IMGURL>
      <PRICE_VAT>32.48</PRICE_VAT>
      <MANUFACTURER>ExampleBrand 115</MANUFACTURER>
      <CATEGORYTEXT>Main Category | Subcategory 115</CATEGORYTEXT>
      <EAN>7394033282773</EAN>
      <DELIVERY_DATE>4</DELIVERY_DATE>
    </SHOPITEM>

    <SHOPITEM>
      <ITEM_ID>116</ITEM_ID>
      <PRODUCTNAME>Example Product 116</PRODUCTNAME>
      <PRODUCT>Category 116</PRODUCT>
      <DESCRIPTION>Description for example product 116.</DESCRIPTION>
      <URL>https://example.com/product-116</URL>
      <IMGURL>https://example.com/images/product-116.jpg</IMGURL>
      <PRICE_VAT>72.47</PRICE_VAT>
      <MANUFACTURER>ExampleBrand 116</MANUFACTURER>
      <CATEGORYTEXT>Main Category | Subcategory 116</CATEGORYTEXT>
      <EAN>2448287965545</EAN>
      <DELIVERY_DATE>1</DELIVERY_DATE>
    </SHOPITEM>

    <SHOPITEM>
      <ITEM_ID>117</ITEM_ID>
      <PRODUCTNAME>Example Product 117</PRODUCTNAME>
      <PRODUCT>Category 117</PRODUCT>
      <DESCRIPTION>Description for example product 117.</DESCRIPTION>
      <URL>https://example.com/product-117</URL>
      <IMGURL>https://example.com/images/product-117.jpg</IMGURL>
      <PRICE_VAT>82.78</PRICE_VAT>
      <MANUFACTURER>ExampleBrand 117</MANUFACTURER>
      <CATEGORYTEXT>Main Category | Subcategory 117</CATEGORYTEXT>
      <EAN>8904144008133</EAN>
      <DELIVERY_DATE>4</DELIVERY_DATE>
    </SHOPITEM>

    <SHOPITEM>
      <ITEM_ID>118</ITEM_ID>
      <PRODUCTNAME>Example Product 118</PRODUCTNAME>
      <PRODUCT>Category 118</PRODUCT>
      <DESCRIPTION>Description for example product 118.</DESCRIPTION>
      <URL>https://example.com/product-118</URL>
      <IMGURL>https://example.com/images/product-118.jpg</IMGURL>
      <PRICE_VAT>8.81</PRICE_VAT>
      <MANUFACTURER>ExampleBrand 118</MANUFACTURER>
      <CATEGORYTEXT>Main Category | Subcategory 118</CATEGORYTEXT>
      <EAN>6431384396575</EAN>
      <DELIVERY_DATE>2</DELIVERY_DATE>
    </SHOPITEM>

    <SHOPITEM>
      <ITEM_ID>119</ITEM_ID>
      <PRODUCTNAME>Example Product 119</PRODUCTNAME>
      <PRODUCT>Category 119</PRODUCT>
      <DESCRIPTION>Description for example product 119.</DESCRIPTION>
      <URL>https://example.com/product-119</URL>
      <IMGURL>https://example.com/images/product-119.jpg</IMGURL>
      <PRICE_VAT>70.84</PRICE_VAT>
      <MANUFACTURER>ExampleBrand 119</MANUFACTURER>
      <CATEGORYTEXT>Main Category | Subcategory 119</CATEGORYTEXT>
      <EAN>6524306753723</EAN>
      <DELIVERY_DATE>1</DELIVERY_DATE>
    </SHOPITEM>

    <SHOPITEM>
      <ITEM_ID>120</ITEM_ID>
      <PRODUCTNAME>Example Product 120</PRODUCTNAME>
      <PRODUCT>Category 120</PRODUCT>
      <DESCRIPTION>Description for example product 120.</DESCRIPTION>
      <URL>https://example.com/product-120</URL>
      <IMGURL>https://example.com/images/product-120.jpg</IMGURL>
      <PRICE_VAT>52.25</PRICE_VAT>
      <MANUFACTURER>ExampleBrand 120</MANUFACTURER>
      <CATEGORYTEXT>Main Category | Subcategory 120</CATEGORYTEXT>
      <EAN>3939042100858</EAN>
      <DELIVERY_DATE>4</DELIVERY_DATE>
    </SHOPITEM>

    <SHOPITEM>
      <ITEM_ID>121</ITEM_ID>
      <PRODUCTNAME>Example Product 121</PRODUCTNAME>
      <PRODUCT>Category 121</PRODUCT>
      <DESCRIPTION>Description for example product 121.</DESCRIPTION>
      <URL>https://example.com/product-121</URL>
      <IMGURL>https://example.com/images/product-121.jpg</IMGURL>
      <PRICE_VAT>20.50</PRICE_VAT>
      <MANUFACTURER>ExampleBrand 121</MANUFACTURER>
      <CATEGORYTEXT>Main Category | Subcategory 121</CATEGORYTEXT>
      <EAN>6062153487819</EAN>
      <DELIVERY_DATE>3</DELIVERY_DATE>
    </SHOPITEM>

    <SHOPITEM>
      <ITEM_ID>122</ITEM_ID>
      <PRODUCTNAME>Example Product 122</PRODUCTNAME>
      <PRODUCT>Category 122</PRODUCT>
      <DESCRIPTION>Description for example product 122.</DESCRIPTION>
      <URL>https://example.com/product-122</URL>
      <IMGURL>https://example.com/images/product-122.jpg</IMGURL>
      <PRICE_VAT>54.09</PRICE_VAT>
      <MANUFACTURER>ExampleBrand 122</MANUFACTURER>
      <CATEGORYTEXT>Main Category | Subcategory 122</CATEGORYTEXT>
      <EAN>2728790756210</EAN>
      <DELIVERY_DATE>2</DELIVERY_DATE>
    </SHOPITEM>

    <SHOPITEM>
      <ITEM_ID>123</ITEM_ID>
      <PRODUCTNAME>Example Product 123</PRODUCTNAME>
      <PRODUCT>Category 123</PRODUCT>
      <DESCRIPTION>Description for example product 123.</DESCRIPTION>
      <URL>https://example.com/product-123</URL>
      <IMGURL>https://example.com/images/product-123.jpg</IMGURL>
      <PRICE_VAT>97.89</PRICE_VAT>
      <MANUFACTURER>ExampleBrand 123</MANUFACTURER>
      <CATEGORYTEXT>Main Category | Subcategory 123</CATEGORYTEXT>
      <EAN>4726010854734</EAN>
      <DELIVERY_DATE>1</DELIVERY_DATE>
    </SHOPITEM>

    <SHOPITEM>
      <ITEM_ID>124</ITEM_ID>
      <PRODUCTNAME>Example Product 124</PRODUCTNAME>
      <PRODUCT>Category 124</PRODUCT>
      <DESCRIPTION>Description for example product 124.</DESCRIPTION>
      <URL>https://example.com/product-124</URL>
      <IMGURL>https://example.com/images/product-124.jpg</IMGURL>
      <PRICE_VAT>33.65</PRICE_VAT>
      <MANUFACTURER>ExampleBrand 124</MANUFACTURER>
      <CATEGORYTEXT>Main Category | Subcategory 124</CATEGORYTEXT>
      <EAN>3553107918579</EAN>
      <DELIVERY_DATE>3</DELIVERY_DATE>
    </SHOPITEM>

    <SHOPITEM>
      <ITEM_ID>125</ITEM_ID>
      <PRODUCTNAME>Example Product 125</PRODUCTNAME>
      <PRODUCT>Category 125</PRODUCT>
      <DESCRIPTION>Description for example product 125.</DESCRIPTION>
      <URL>https://example.com/product-125</URL>
      <IMGURL>https://example.com/images/product-125.jpg</IMGURL>
      <PRICE_VAT>45.64</PRICE_VAT>
      <MANUFACTURER>ExampleBrand 125</MANUFACTURER>
      <CATEGORYTEXT>Main Category | Subcategory 125</CATEGORYTEXT>
      <EAN>6906127974259</EAN>
      <DELIVERY_DATE>1</DELIVERY_DATE>
    </SHOPITEM>

    <SHOPITEM>
      <ITEM_ID>126</ITEM_ID>
      <PRODUCTNAME>Example Product 126</PRODUCTNAME>
      <PRODUCT>Category 126</PRODUCT>
      <DESCRIPTION>Description for example product 126.</DESCRIPTION>
      <URL>https://example.com/product-126</URL>
      <IMGURL>https://example.com/images/product-126.jpg</IMGURL>
      <PRICE_VAT>96.96</PRICE_VAT>
      <MANUFACTURER>ExampleBrand 126</MANUFACTURER>
      <CATEGORYTEXT>Main Category | Subcategory 126</CATEGORYTEXT>
      <EAN>4641772217692</EAN>
      <DELIVERY_DATE>2</DELIVERY_DATE>
    </SHOPITEM>

    <SHOPITEM>
      <ITEM_ID>127</ITEM_ID>
      <PRODUCTNAME>Example Product 127</PRODUCTNAME>
      <PRODUCT>Category 127</PRODUCT>
      <DESCRIPTION>Description for example product 127.</DESCRIPTION>
      <URL>https://example.com/product-127</URL>
      <IMGURL>https://example.com/images/product-127.jpg</IMGURL>
      <PRICE_VAT>83.43</PRICE_VAT>
      <MANUFACTURER>ExampleBrand 127</MANUFACTURER>
      <CATEGORYTEXT>Main Category | Subcategory 127</CATEGORYTEXT>
      <EAN>4064181168660</EAN>
      <DELIVERY_DATE>3</DELIVERY_DATE>
    </SHOPITEM>

    <SHOPITEM>
      <ITEM_ID>128</ITEM_ID>
      <PRODUCTNAME>Example Product 128</PRODUCTNAME>
      <PRODUCT>Category 128</PRODUCT>
      <DESCRIPTION>Description for example product 128.</DESCRIPTION>
      <URL>https://example.com/product-128</URL>
      <IMGURL>https://example.com/images/product-128.jpg</IMGURL>
      <PRICE_VAT>94.85</PRICE_VAT>
      <MANUFACTURER>ExampleBrand 128</MANUFACTURER>
      <CATEGORYTEXT>Main Category | Subcategory 128</CATEGORYTEXT>
      <EAN>9598607836244</EAN>
      <DELIVERY_DATE>3</DELIVERY_DATE>
    </SHOPITEM>

    <SHOPITEM>
      <ITEM_ID>129</ITEM_ID>
      <PRODUCTNAME>Example Product 129</PRODUCTNAME>
      <PRODUCT>Category 129</PRODUCT>
      <DESCRIPTION>Description for example product 129.</DESCRIPTION>
      <URL>https://example.com/product-129</URL>
      <IMGURL>https://example.com/images/product-129.jpg</IMGURL>
      <PRICE_VAT>58.30</PRICE_VAT>
      <MANUFACTURER>ExampleBrand 129</MANUFACTURER>
      <CATEGORYTEXT>Main Category | Subcategory 129</CATEGORYTEXT>
      <EAN>3443929077037</EAN>
      <DELIVERY_DATE>1</DELIVERY_DATE>
    </SHOPITEM>

    <SHOPITEM>
      <ITEM_ID>130</ITEM_ID>
      <PRODUCTNAME>Example Product 130</PRODUCTNAME>
      <PRODUCT>Category 130</PRODUCT>
      <DESCRIPTION>Description for example product 130.</DESCRIPTION>
      <URL>https://example.com/product-130</URL>
      <IMGURL>https://example.com/images/product-130.jpg</IMGURL>
      <PRICE_VAT>35.61</PRICE_VAT>
      <MANUFACTURER>ExampleBrand 130</MANUFACTURER>
      <CATEGORYTEXT>Main Category | Subcategory 130</CATEGORYTEXT>
      <EAN>4614361496170</EAN>
      <DELIVERY_DATE>5</DELIVERY_DATE>
    </SHOPITEM>

    <SHOPITEM>
      <ITEM_ID>131</ITEM_ID>
      <PRODUCTNAME>Example Product 131</PRODUCTNAME>
      <PRODUCT>Category 131</PRODUCT>
      <DESCRIPTION>Description for example product 131.</DESCRIPTION>
      <URL>https://example.com/product-131</URL>
      <IMGURL>https://example.com/images/product-131.jpg</IMGURL>
      <PRICE_VAT>91.67</PRICE_VAT>
      <MANUFACTURER>ExampleBrand 131</MANUFACTURER>
      <CATEGORYTEXT>Main Category | Subcategory 131</CATEGORYTEXT>
      <EAN>3078369905939</EAN>
      <DELIVERY_DATE>5</DELIVERY_DATE>
    </SHOPITEM>

    <SHOPITEM>
      <ITEM_ID>132</ITEM_ID>
      <PRODUCTNAME>Example Product 132</PRODUCTNAME>
      <PRODUCT>Category 132</PRODUCT>
      <DESCRIPTION>Description for example product 132.</DESCRIPTION>
      <URL>https://example.com/product-132</URL>
      <IMGURL>https://example.com/images/product-132.jpg</IMGURL>
      <PRICE_VAT>56.38</PRICE_VAT>
      <MANUFACTURER>ExampleBrand 132</MANUFACTURER>
      <CATEGORYTEXT>Main Category | Subcategory 132</CATEGORYTEXT>
      <EAN>9962505579037</EAN>
      <DELIVERY_DATE>4</DELIVERY_DATE>
    </SHOPITEM>

    <SHOPITEM>
      <ITEM_ID>133</ITEM_ID>
      <PRODUCTNAME>Example Product 133</PRODUCTNAME>
      <PRODUCT>Category 133</PRODUCT>
      <DESCRIPTION>Description for example product 133.</DESCRIPTION>
      <URL>https://example.com/product-133</URL>
      <IMGURL>https://example.com/images/product-133.jpg</IMGURL>
      <PRICE_VAT>17.65</PRICE_VAT>
      <MANUFACTURER>ExampleBrand 133</MANUFACTURER>
      <CATEGORYTEXT>Main Category | Subcategory 133</CATEGORYTEXT>
      <EAN>9616113945114</EAN>
      <DELIVERY_DATE>1</DELIVERY_DATE>
    </SHOPITEM>

    <SHOPITEM>
      <ITEM_ID>134</ITEM_ID>
      <PRODUCTNAME>Example Product 134</PRODUCTNAME>
      <PRODUCT>Category 134</PRODUCT>
      <DESCRIPTION>Description for example product 134.</DESCRIPTION>
      <URL>https://example.com/product-134</URL>
      <IMGURL>https://example.com/images/product-134.jpg</IMGURL>
      <PRICE_VAT>29.69</PRICE_VAT>
      <MANUFACTURER>ExampleBrand 134</MANUFACTURER>
      <CATEGORYTEXT>Main Category | Subcategory 134</CATEGORYTEXT>
      <EAN>8686076579332</EAN>
      <DELIVERY_DATE>3</DELIVERY_DATE>
    </SHOPITEM>

    <SHOPITEM>
      <ITEM_ID>135</ITEM_ID>
      <PRODUCTNAME>Example Product 135</PRODUCTNAME>
      <PRODUCT>Category 135</PRODUCT>
      <DESCRIPTION>Description for example product 135.</DESCRIPTION>
      <URL>https://example.com/product-135</URL>
      <IMGURL>https://example.com/images/product-135.jpg</IMGURL>
      <PRICE_VAT>86.90</PRICE_VAT>
      <MANUFACTURER>ExampleBrand 135</MANUFACTURER>
      <CATEGORYTEXT>Main Category | Subcategory 135</CATEGORYTEXT>
      <EAN>9261991634996</EAN>
      <DELIVERY_DATE>1</DELIVERY_DATE>
    </SHOPITEM>

    <SHOPITEM>
      <ITEM_ID>136</ITEM_ID>
      <PRODUCTNAME>Example Product 136</PRODUCTNAME>
      <PRODUCT>Category 136</PRODUCT>
      <DESCRIPTION>Description for example product 136.</DESCRIPTION>
      <URL>https://example.com/product-136</URL>
      <IMGURL>https://example.com/images/product-136.jpg</IMGURL>
      <PRICE_VAT>97.84</PRICE_VAT>
      <MANUFACTURER>ExampleBrand 136</MANUFACTURER>
      <CATEGORYTEXT>Main Category | Subcategory 136</CATEGORYTEXT>
      <EAN>4040010920201</EAN>
      <DELIVERY_DATE>3</DELIVERY_DATE>
    </SHOPITEM>

    <SHOPITEM>
      <ITEM_ID>137</ITEM_ID>
      <PRODUCTNAME>Example Product 137</PRODUCTNAME>
      <PRODUCT>Category 137</PRODUCT>
      <DESCRIPTION>Description for example product 137.</DESCRIPTION>
      <URL>https://example.com/product-137</URL>
      <IMGURL>https://example.com/images/product-137.jpg</IMGURL>
      <PRICE_VAT>12.95</PRICE_VAT>
      <MANUFACTURER>ExampleBrand 137</MANUFACTURER>
      <CATEGORYTEXT>Main Category | Subcategory 137</CATEGORYTEXT>
      <EAN>5408287836975</EAN>
      <DELIVERY_DATE>4</DELIVERY_DATE>
    </SHOPITEM>

    <SHOPITEM>
      <ITEM_ID>138</ITEM_ID>
      <PRODUCTNAME>Example Product 138</PRODUCTNAME>
      <PRODUCT>Category 138</PRODUCT>
      <DESCRIPTION>Description for example product 138.</DESCRIPTION>
      <URL>https://example.com/product-138</URL>
      <IMGURL>https://example.com/images/product-138.jpg</IMGURL>
      <PRICE_VAT>1.73</PRICE_VAT>
      <MANUFACTURER>ExampleBrand 138</MANUFACTURER>
      <CATEGORYTEXT>Main Category | Subcategory 138</CATEGORYTEXT>
      <EAN>9656379248576</EAN>
      <DELIVERY_DATE>4</DELIVERY_DATE>
    </SHOPITEM>

    <SHOPITEM>
      <ITEM_ID>139</ITEM_ID>
      <PRODUCTNAME>Example Product 139</PRODUCTNAME>
      <PRODUCT>Category 139</PRODUCT>
      <DESCRIPTION>Description for example product 139.</DESCRIPTION>
      <URL>https://example.com/product-139</URL>
      <IMGURL>https://example.com/images/product-139.jpg</IMGURL>
      <PRICE_VAT>31.80</PRICE_VAT>
      <MANUFACTURER>ExampleBrand 139</MANUFACTURER>
      <CATEGORYTEXT>Main Category | Subcategory 139</CATEGORYTEXT>
      <EAN>9387040579010</EAN>
      <DELIVERY_DATE>2</DELIVERY_DATE>
    </SHOPITEM>

    <SHOPITEM>
      <ITEM_ID>140</ITEM_ID>
      <PRODUCTNAME>Example Product 140</PRODUCTNAME>
      <PRODUCT>Category 140</PRODUCT>
      <DESCRIPTION>Description for example product 140.</DESCRIPTION>
      <URL>https://example.com/product-140</URL>
      <IMGURL>https://example.com/images/product-140.jpg</IMGURL>
      <PRICE_VAT>96.03</PRICE_VAT>
      <MANUFACTURER>ExampleBrand 140</MANUFACTURER>
      <CATEGORYTEXT>Main Category | Subcategory 140</CATEGORYTEXT>
      <EAN>7543349190291</EAN>
      <DELIVERY_DATE>1</DELIVERY_DATE>
    </SHOPITEM>

    <SHOPITEM>
      <ITEM_ID>141</ITEM_ID>
      <PRODUCTNAME>Example Product 141</PRODUCTNAME>
      <PRODUCT>Category 141</PRODUCT>
      <DESCRIPTION>Description for example product 141.</DESCRIPTION>
      <URL>https://example.com/product-141</URL>
      <IMGURL>https://example.com/images/product-141.jpg</IMGURL>
      <PRICE_VAT>37.04</PRICE_VAT>
      <MANUFACTURER>ExampleBrand 141</MANUFACTURER>
      <CATEGORYTEXT>Main Category | Subcategory 141</CATEGORYTEXT>
      <EAN>8693998703173</EAN>
      <DELIVERY_DATE>3</DELIVERY_DATE>
    </SHOPITEM>

    <SHOPITEM>
      <ITEM_ID>142</ITEM_ID>
      <PRODUCTNAME>Example Product 142</PRODUCTNAME>
      <PRODUCT>Category 142</PRODUCT>
      <DESCRIPTION>Description for example product 142.</DESCRIPTION>
      <URL>https://example.com/product-142</URL>
      <IMGURL>https://example.com/images/product-142.jpg</IMGURL>
      <PRICE_VAT>6.14</PRICE_VAT>
      <MANUFACTURER>ExampleBrand 142</MANUFACTURER>
      <CATEGORYTEXT>Main Category | Subcategory 142</CATEGORYTEXT>
      <EAN>1794271167683</EAN>
      <DELIVERY_DATE>5</DELIVERY_DATE>
    </SHOPITEM>

    <SHOPITEM>
      <ITEM_ID>143</ITEM_ID>
      <PRODUCTNAME>Example Product 143</PRODUCTNAME>
      <PRODUCT>Category 143</PRODUCT>
      <DESCRIPTION>Description for example product 143.</DESCRIPTION>
      <URL>https://example.com/product-143</URL>
      <IMGURL>https://example.com/images/product-143.jpg</IMGURL>
      <PRICE_VAT>88.32</PRICE_VAT>
      <MANUFACTURER>ExampleBrand 143</MANUFACTURER>
      <CATEGORYTEXT>Main Category | Subcategory 143</CATEGORYTEXT>
      <EAN>5006796952392</EAN>
      <DELIVERY_DATE>5</DELIVERY_DATE>
    </SHOPITEM>

    <SHOPITEM>
      <ITEM_ID>144</ITEM_ID>
      <PRODUCTNAME>Example Product 144</PRODUCTNAME>
      <PRODUCT>Category 144</PRODUCT>
      <DESCRIPTION>Description for example product 144.</DESCRIPTION>
      <URL>https://example.com/product-144</URL>
      <IMGURL>https://example.com/images/product-144.jpg</IMGURL>
      <PRICE_VAT>1.42</PRICE_VAT>
      <MANUFACTURER>ExampleBrand 144</MANUFACTURER>
      <CATEGORYTEXT>Main Category | Subcategory 144</CATEGORYTEXT>
      <EAN>7433513600785</EAN>
      <DELIVERY_DATE>3</DELIVERY_DATE>
    </SHOPITEM>

    <SHOPITEM>
      <ITEM_ID>145</ITEM_ID>
      <PRODUCTNAME>Example Product 145</PRODUCTNAME>
      <PRODUCT>Category 145</PRODUCT>
      <DESCRIPTION>Description for example product 145.</DESCRIPTION>
      <URL>https://example.com/product-145</URL>
      <IMGURL>https://example.com/images/product-145.jpg</IMGURL>
      <PRICE_VAT>68.94</PRICE_VAT>
      <MANUFACTURER>ExampleBrand 145</MANUFACTURER>
      <CATEGORYTEXT>Main Category | Subcategory 145</CATEGORYTEXT>
      <EAN>9513673424354</EAN>
      <DELIVERY_DATE>3</DELIVERY_DATE>
    </SHOPITEM>

    <SHOPITEM>
      <ITEM_ID>146</ITEM_ID>
      <PRODUCTNAME>Example Product 146</PRODUCTNAME>
      <PRODUCT>Category 146</PRODUCT>
      <DESCRIPTION>Description for example product 146.</DESCRIPTION>
      <URL>https://example.com/product-146</URL>
      <IMGURL>https://example.com/images/product-146.jpg</IMGURL>
      <PRICE_VAT>75.08</PRICE_VAT>
      <MANUFACTURER>ExampleBrand 146</MANUFACTURER>
      <CATEGORYTEXT>Main Category | Subcategory 146</CATEGORYTEXT>
      <EAN>5956467710615</EAN>
      <DELIVERY_DATE>3</DELIVERY_DATE>
    </SHOPITEM>

    <SHOPITEM>
      <ITEM_ID>147</ITEM_ID>
      <PRODUCTNAME>Example Product 147</PRODUCTNAME>
      <PRODUCT>Category 147</PRODUCT>
      <DESCRIPTION>Description for example product 147.</DESCRIPTION>
      <URL>https://example.com/product-147</URL>
      <IMGURL>https://example.com/images/product-147.jpg</IMGURL>
      <PRICE_VAT>97.71</PRICE_VAT>
      <MANUFACTURER>ExampleBrand 147</MANUFACTURER>
      <CATEGORYTEXT>Main Category | Subcategory 147</CATEGORYTEXT>
      <EAN>8927276793204</EAN>
      <DELIVERY_DATE>3</DELIVERY_DATE>
    </SHOPITEM>

    <SHOPITEM>
      <ITEM_ID>148</ITEM_ID>
      <PRODUCTNAME>Example Product 148</PRODUCTNAME>
      <PRODUCT>Category 148</PRODUCT>
      <DESCRIPTION>Description for example product 148.</DESCRIPTION>
      <URL>https://example.com/product-148</URL>
      <IMGURL>https://example.com/images/product-148.jpg</IMGURL>
      <PRICE_VAT>42.02</PRICE_VAT>
      <MANUFACTURER>ExampleBrand 148</MANUFACTURER>
      <CATEGORYTEXT>Main Category | Subcategory 148</CATEGORYTEXT>
      <EAN>5542972854828</EAN>
      <DELIVERY_DATE>2</DELIVERY_DATE>
    </SHOPITEM>

    <SHOPITEM>
      <ITEM_ID>149</ITEM_ID>
      <PRODUCTNAME>Example Product 149</PRODUCTNAME>
      <PRODUCT>Category 149</PRODUCT>
      <DESCRIPTION>Description for example product 149.</DESCRIPTION>
      <URL>https://example.com/product-149</URL>
      <IMGURL>https://example.com/images/product-149.jpg</IMGURL>
      <PRICE_VAT>37.08</PRICE_VAT>
      <MANUFACTURER>ExampleBrand 149</MANUFACTURER>
      <CATEGORYTEXT>Main Category | Subcategory 149</CATEGORYTEXT>
      <EAN>5101504639826</EAN>
      <DELIVERY_DATE>1</DELIVERY_DATE>
    </SHOPITEM>

    <SHOPITEM>
      <ITEM_ID>150</ITEM_ID>
      <PRODUCTNAME>Example Product 150</PRODUCTNAME>
      <PRODUCT>Category 150</PRODUCT>
      <DESCRIPTION>Description for example product 150.</DESCRIPTION>
      <URL>https://example.com/product-150</URL>
      <IMGURL>https://example.com/images/product-150.jpg</IMGURL>
      <PRICE_VAT>43.61</PRICE_VAT>
      <MANUFACTURER>ExampleBrand 150</MANUFACTURER>
      <CATEGORYTEXT>Main Category | Subcategory 150</CATEGORYTEXT>
      <EAN>9271678100015</EAN>
      <DELIVERY_DATE>3</DELIVERY_DATE>
    </SHOPITEM>

    <SHOPITEM>
      <ITEM_ID>151</ITEM_ID>
      <PRODUCTNAME>Example Product 151</PRODUCTNAME>
      <PRODUCT>Category 151</PRODUCT>
      <DESCRIPTION>Description for example product 151.</DESCRIPTION>
      <URL>https://example.com/product-151</URL>
      <IMGURL>https://example.com/images/product-151.jpg</IMGURL>
      <PRICE_VAT>80.20</PRICE_VAT>
      <MANUFACTURER>ExampleBrand 151</MANUFACTURER>
      <CATEGORYTEXT>Main Category | Subcategory 151</CATEGORYTEXT>
      <EAN>9919437507090</EAN>
      <DELIVERY_DATE>5</DELIVERY_DATE>
    </SHOPITEM>

    <SHOPITEM>
      <ITEM_ID>152</ITEM_ID>
      <PRODUCTNAME>Example Product 152</PRODUCTNAME>
      <PRODUCT>Category 152</PRODUCT>
      <DESCRIPTION>Description for example product 152.</DESCRIPTION>
      <URL>https://example.com/product-152</URL>
      <IMGURL>https://example.com/images/product-152.jpg</IMGURL>
      <PRICE_VAT>36.82</PRICE_VAT>
      <MANUFACTURER>ExampleBrand 152</MANUFACTURER>
      <CATEGORYTEXT>Main Category | Subcategory 152</CATEGORYTEXT>
      <EAN>2054400758813</EAN>
      <DELIVERY_DATE>4</DELIVERY_DATE>
    </SHOPITEM>

    <SHOPITEM>
      <ITEM_ID>153</ITEM_ID>
      <PRODUCTNAME>Example Product 153</PRODUCTNAME>
      <PRODUCT>Category 153</PRODUCT>
      <DESCRIPTION>Description for example product 153.</DESCRIPTION>
      <URL>https://example.com/product-153</URL>
      <IMGURL>https://example.com/images/product-153.jpg</IMGURL>
      <PRICE_VAT>18.99</PRICE_VAT>
      <MANUFACTURER>ExampleBrand 153</MANUFACTURER>
      <CATEGORYTEXT>Main Category | Subcategory 153</CATEGORYTEXT>
      <EAN>4591467082947</EAN>
      <DELIVERY_DATE>1</DELIVERY_DATE>
    </SHOPITEM>

    <SHOPITEM>
      <ITEM_ID>154</ITEM_ID>
      <PRODUCTNAME>Example Product 154</PRODUCTNAME>
      <PRODUCT>Category 154</PRODUCT>
      <DESCRIPTION>Description for example product 154.</DESCRIPTION>
      <URL>https://example.com/product-154</URL>
      <IMGURL>https://example.com/images/product-154.jpg</IMGURL>
      <PRICE_VAT>19.39</PRICE_VAT>
      <MANUFACTURER>ExampleBrand 154</MANUFACTURER>
      <CATEGORYTEXT>Main Category | Subcategory 154</CATEGORYTEXT>
      <EAN>7550960461043</EAN>
      <DELIVERY_DATE>5</DELIVERY_DATE>
    </SHOPITEM>

    <SHOPITEM>
      <ITEM_ID>155</ITEM_ID>
      <PRODUCTNAME>Example Product 155</PRODUCTNAME>
      <PRODUCT>Category 155</PRODUCT>
      <DESCRIPTION>Description for example product 155.</DESCRIPTION>
      <URL>https://example.com/product-155</URL>
      <IMGURL>https://example.com/images/product-155.jpg</IMGURL>
      <PRICE_VAT>88.17</PRICE_VAT>
      <MANUFACTURER>ExampleBrand 155</MANUFACTURER>
      <CATEGORYTEXT>Main Category | Subcategory 155</CATEGORYTEXT>
      <EAN>3498228042227</EAN>
      <DELIVERY_DATE>4</DELIVERY_DATE>
    </SHOPITEM>

    <SHOPITEM>
      <ITEM_ID>156</ITEM_ID>
      <PRODUCTNAME>Example Product 156</PRODUCTNAME>
      <PRODUCT>Category 156</PRODUCT>
      <DESCRIPTION>Description for example product 156.</DESCRIPTION>
      <URL>https://example.com/product-156</URL>
      <IMGURL>https://example.com/images/product-156.jpg</IMGURL>
      <PRICE_VAT>49.49</PRICE_VAT>
      <MANUFACTURER>ExampleBrand 156</MANUFACTURER>
      <CATEGORYTEXT>Main Category | Subcategory 156</CATEGORYTEXT>
      <EAN>6451891611909</EAN>
      <DELIVERY_DATE>4</DELIVERY_DATE>
    </SHOPITEM>

    <SHOPITEM>
      <ITEM_ID>157</ITEM_ID>
      <PRODUCTNAME>Example Product 157</PRODUCTNAME>
      <PRODUCT>Category 157</PRODUCT>
      <DESCRIPTION>Description for example product 157.</DESCRIPTION>
      <URL>https://example.com/product-157</URL>
      <IMGURL>https://example.com/images/product-157.jpg</IMGURL>
      <PRICE_VAT>32.51</PRICE_VAT>
      <MANUFACTURER>ExampleBrand 157</MANUFACTURER>
      <CATEGORYTEXT>Main Category | Subcategory 157</CATEGORYTEXT>
      <EAN>2889985095680</EAN>
      <DELIVERY_DATE>3</DELIVERY_DATE>
    </SHOPITEM>

    <SHOPITEM>
      <ITEM_ID>158</ITEM_ID>
      <PRODUCTNAME>Example Product 158</PRODUCTNAME>
      <PRODUCT>Category 158</PRODUCT>
      <DESCRIPTION>Description for example product 158.</DESCRIPTION>
      <URL>https://example.com/product-158</URL>
      <IMGURL>https://example.com/images/product-158.jpg</IMGURL>
      <PRICE_VAT>39.74</PRICE_VAT>
      <MANUFACTURER>ExampleBrand 158</MANUFACTURER>
      <CATEGORYTEXT>Main Category | Subcategory 158</CATEGORYTEXT>
      <EAN>9318860466505</EAN>
      <DELIVERY_DATE>4</DELIVERY_DATE>
    </SHOPITEM>

    <SHOPITEM>
      <ITEM_ID>159</ITEM_ID>
      <PRODUCTNAME>Example Product 159</PRODUCTNAME>
      <PRODUCT>Category 159</PRODUCT>
      <DESCRIPTION>Description for example product 159.</DESCRIPTION>
      <URL>https://example.com/product-159</URL>
      <IMGURL>https://example.com/images/product-159.jpg</IMGURL>
      <PRICE_VAT>33.68</PRICE_VAT>
      <MANUFACTURER>ExampleBrand 159</MANUFACTURER>
      <CATEGORYTEXT>Main Category | Subcategory 159</CATEGORYTEXT>
      <EAN>4646511403092</EAN>
      <DELIVERY_DATE>1</DELIVERY_DATE>
    </SHOPITEM>

    <SHOPITEM>
      <ITEM_ID>160</ITEM_ID>
      <PRODUCTNAME>Example Product 160</PRODUCTNAME>
      <PRODUCT>Category 160</PRODUCT>
      <DESCRIPTION>Description for example product 160.</DESCRIPTION>
      <URL>https://example.com/product-160</URL>
      <IMGURL>https://example.com/images/product-160.jpg</IMGURL>
      <PRICE_VAT>42.10</PRICE_VAT>
      <MANUFACTURER>ExampleBrand 160</MANUFACTURER>
      <CATEGORYTEXT>Main Category | Subcategory 160</CATEGORYTEXT>
      <EAN>8464319027899</EAN>
      <DELIVERY_DATE>3</DELIVERY_DATE>
    </SHOPITEM>

    <SHOPITEM>
      <ITEM_ID>161</ITEM_ID>
      <PRODUCTNAME>Example Product 161</PRODUCTNAME>
      <PRODUCT>Category 161</PRODUCT>
      <DESCRIPTION>Description for example product 161.</DESCRIPTION>
      <URL>https://example.com/product-161</URL>
      <IMGURL>https://example.com/images/product-161.jpg</IMGURL>
      <PRICE_VAT>15.22</PRICE_VAT>
      <MANUFACTURER>ExampleBrand 161</MANUFACTURER>
      <CATEGORYTEXT>Main Category | Subcategory 161</CATEGORYTEXT>
      <EAN>1471054617184</EAN>
      <DELIVERY_DATE>3</DELIVERY_DATE>
    </SHOPITEM>

    <SHOPITEM>
      <ITEM_ID>162</ITEM_ID>
      <PRODUCTNAME>Example Product 162</PRODUCTNAME>
      <PRODUCT>Category 162</PRODUCT>
      <DESCRIPTION>Description for example product 162.</DESCRIPTION>
      <URL>https://example.com/product-162</URL>
      <IMGURL>https://example.com/images/product-162.jpg</IMGURL>
      <PRICE_VAT>31.82</PRICE_VAT>
      <MANUFACTURER>ExampleBrand 162</MANUFACTURER>
      <CATEGORYTEXT>Main Category | Subcategory 162</CATEGORYTEXT>
      <EAN>5744395765678</EAN>
      <DELIVERY_DATE>4</DELIVERY_DATE>
    </SHOPITEM>

    <SHOPITEM>
      <ITEM_ID>163</ITEM_ID>
      <PRODUCTNAME>Example Product 163</PRODUCTNAME>
      <PRODUCT>Category 163</PRODUCT>
      <DESCRIPTION>Description for example product 163.</DESCRIPTION>
      <URL>https://example.com/product-163</URL>
      <IMGURL>https://example.com/images/product-163.jpg</IMGURL>
      <PRICE_VAT>27.38</PRICE_VAT>
      <MANUFACTURER>ExampleBrand 163</MANUFACTURER>
      <CATEGORYTEXT>Main Category | Subcategory 163</CATEGORYTEXT>
      <EAN>4297686586340</EAN>
      <DELIVERY_DATE>1</DELIVERY_DATE>
    </SHOPITEM>

    <SHOPITEM>
      <ITEM_ID>164</ITEM_ID>
      <PRODUCTNAME>Example Product 164</PRODUCTNAME>
      <PRODUCT>Category 164</PRODUCT>
      <DESCRIPTION>Description for example product 164.</DESCRIPTION>
      <URL>https://example.com/product-164</URL>
      <IMGURL>https://example.com/images/product-164.jpg</IMGURL>
      <PRICE_VAT>99.63</PRICE_VAT>
      <MANUFACTURER>ExampleBrand 164</MANUFACTURER>
      <CATEGORYTEXT>Main Category | Subcategory 164</CATEGORYTEXT>
      <EAN>5030085192996</EAN>
      <DELIVERY_DATE>2</DELIVERY_DATE>
    </SHOPITEM>

    <SHOPITEM>
      <ITEM_ID>165</ITEM_ID>
      <PRODUCTNAME>Example Product 165</PRODUCTNAME>
      <PRODUCT>Category 165</PRODUCT>
      <DESCRIPTION>Description for example product 165.</DESCRIPTION>
      <URL>https://example.com/product-165</URL>
      <IMGURL>https://example.com/images/product-165.jpg</IMGURL>
      <PRICE_VAT>14.36</PRICE_VAT>
      <MANUFACTURER>ExampleBrand 165</MANUFACTURER>
      <CATEGORYTEXT>Main Category | Subcategory 165</CATEGORYTEXT>
      <EAN>4909079788961</EAN>
      <DELIVERY_DATE>1</DELIVERY_DATE>
    </SHOPITEM>

    <SHOPITEM>
      <ITEM_ID>166</ITEM_ID>
      <PRODUCTNAME>Example Product 166</PRODUCTNAME>
      <PRODUCT>Category 166</PRODUCT>
      <DESCRIPTION>Description for example product 166.</DESCRIPTION>
      <URL>https://example.com/product-166</URL>
      <IMGURL>https://example.com/images/product-166.jpg</IMGURL>
      <PRICE_VAT>38.40</PRICE_VAT>
      <MANUFACTURER>ExampleBrand 166</MANUFACTURER>
      <CATEGORYTEXT>Main Category | Subcategory 166</CATEGORYTEXT>
      <EAN>3329446033747</EAN>
      <DELIVERY_DATE>4</DELIVERY_DATE>
    </SHOPITEM>

    <SHOPITEM>
      <ITEM_ID>167</ITEM_ID>
      <PRODUCTNAME>Example Product 167</PRODUCTNAME>
      <PRODUCT>Category 167</PRODUCT>
      <DESCRIPTION>Description for example product 167.</DESCRIPTION>
      <URL>https://example.com/product-167</URL>
      <IMGURL>https://example.com/images/product-167.jpg</IMGURL>
      <PRICE_VAT>100.71</PRICE_VAT>
      <MANUFACTURER>ExampleBrand 167</MANUFACTURER>
      <CATEGORYTEXT>Main Category | Subcategory 167</CATEGORYTEXT>
      <EAN>1921751318563</EAN>
      <DELIVERY_DATE>2</DELIVERY_DATE>
    </SHOPITEM>

    <SHOPITEM>
      <ITEM_ID>168</ITEM_ID>
      <PRODUCTNAME>Example Product 168</PRODUCTNAME>
      <PRODUCT>Category 168</PRODUCT>
      <DESCRIPTION>Description for example product 168.</DESCRIPTION>
      <URL>https://example.com/product-168</URL>
      <IMGURL>https://example.com/images/product-168.jpg</IMGURL>
      <PRICE_VAT>43.87</PRICE_VAT>
      <MANUFACTURER>ExampleBrand 168</MANUFACTURER>
      <CATEGORYTEXT>Main Category | Subcategory 168</CATEGORYTEXT>
      <EAN>4878815723967</EAN>
      <DELIVERY_DATE>4</DELIVERY_DATE>
    </SHOPITEM>

    <SHOPITEM>
      <ITEM_ID>169</ITEM_ID>
      <PRODUCTNAME>Example Product 169</PRODUCTNAME>
      <PRODUCT>Category 169</PRODUCT>
      <DESCRIPTION>Description for example product 169.</DESCRIPTION>
      <URL>https://example.com/product-169</URL>
      <IMGURL>https://example.com/images/product-169.jpg</IMGURL>
      <PRICE_VAT>39.63</PRICE_VAT>
      <MANUFACTURER>ExampleBrand 169</MANUFACTURER>
      <CATEGORYTEXT>Main Category | Subcategory 169</CATEGORYTEXT>
      <EAN>5121496011703</EAN>
      <DELIVERY_DATE>3</DELIVERY_DATE>
    </SHOPITEM>

    <SHOPITEM>
      <ITEM_ID>170</ITEM_ID>
      <PRODUCTNAME>Example Product 170</PRODUCTNAME>
      <PRODUCT>Category 170</PRODUCT>
      <DESCRIPTION>Description for example product 170.</DESCRIPTION>
      <URL>https://example.com/product-170</URL>
      <IMGURL>https://example.com/images/product-170.jpg</IMGURL>
      <PRICE_VAT>100.17</PRICE_VAT>
      <MANUFACTURER>ExampleBrand 170</MANUFACTURER>
      <CATEGORYTEXT>Main Category | Subcategory 170</CATEGORYTEXT>
      <EAN>6919686526613</EAN>
      <DELIVERY_DATE>1</DELIVERY_DATE>
    </SHOPITEM>

    <SHOPITEM>
      <ITEM_ID>171</ITEM_ID>
      <PRODUCTNAME>Example Product 171</PRODUCTNAME>
      <PRODUCT>Category 171</PRODUCT>
      <DESCRIPTION>Description for example product 171.</DESCRIPTION>
      <URL>https://example.com/product-171</URL>
      <IMGURL>https://example.com/images/product-171.jpg</IMGURL>
      <PRICE_VAT>89.52</PRICE_VAT>
      <MANUFACTURER>ExampleBrand 171</MANUFACTURER>
      <CATEGORYTEXT>Main Category | Subcategory 171</CATEGORYTEXT>
      <EAN>8559564889670</EAN>
      <DELIVERY_DATE>3</DELIVERY_DATE>
    </SHOPITEM>

    <SHOPITEM>
      <ITEM_ID>172</ITEM_ID>
      <PRODUCTNAME>Example Product 172</PRODUCTNAME>
      <PRODUCT>Category 172</PRODUCT>
      <DESCRIPTION>Description for example product 172.</DESCRIPTION>
      <URL>https://example.com/product-172</URL>
      <IMGURL>https://example.com/images/product-172.jpg</IMGURL>
      <PRICE_VAT>30.18</PRICE_VAT>
      <MANUFACTURER>ExampleBrand 172</MANUFACTURER>
      <CATEGORYTEXT>Main Category | Subcategory 172</CATEGORYTEXT>
      <EAN>2324463094714</EAN>
      <DELIVERY_DATE>5</DELIVERY_DATE>
    </SHOPITEM>

    <SHOPITEM>
      <ITEM_ID>173</ITEM_ID>
      <PRODUCTNAME>Example Product 173</PRODUCTNAME>
      <PRODUCT>Category 173</PRODUCT>
      <DESCRIPTION>Description for example product 173.</DESCRIPTION>
      <URL>https://example.com/product-173</URL>
      <IMGURL>https://example.com/images/product-173.jpg</IMGURL>
      <PRICE_VAT>42.62</PRICE_VAT>
      <MANUFACTURER>ExampleBrand 173</MANUFACTURER>
      <CATEGORYTEXT>Main Category | Subcategory 173</CATEGORYTEXT>
      <EAN>7661102094648</EAN>
      <DELIVERY_DATE>2</DELIVERY_DATE>
    </SHOPITEM>

    <SHOPITEM>
      <ITEM_ID>174</ITEM_ID>
      <PRODUCTNAME>Example Product 174</PRODUCTNAME>
      <PRODUCT>Category 174</PRODUCT>
      <DESCRIPTION>Description for example product 174.</DESCRIPTION>
      <URL>https://example.com/product-174</URL>
      <IMGURL>https://example.com/images/product-174.jpg</IMGURL>
      <PRICE_VAT>1.76</PRICE_VAT>
      <MANUFACTURER>ExampleBrand 174</MANUFACTURER>
      <CATEGORYTEXT>Main Category | Subcategory 174</CATEGORYTEXT>
      <EAN>3471381049605</EAN>
      <DELIVERY_DATE>5</DELIVERY_DATE>
    </SHOPITEM>

    <SHOPITEM>
      <ITEM_ID>175</ITEM_ID>
      <PRODUCTNAME>Example Product 175</PRODUCTNAME>
      <PRODUCT>Category 175</PRODUCT>
      <DESCRIPTION>Description for example product 175.</DESCRIPTION>
      <URL>https://example.com/product-175</URL>
      <IMGURL>https://example.com/images/product-175.jpg</IMGURL>
      <PRICE_VAT>57.36</PRICE_VAT>
      <MANUFACTURER>ExampleBrand 175</MANUFACTURER>
      <CATEGORYTEXT>Main Category | Subcategory 175</CATEGORYTEXT>
      <EAN>4277642481049</EAN>
      <DELIVERY_DATE>1</DELIVERY_DATE>
    </SHOPITEM>

    <SHOPITEM>
      <ITEM_ID>176</ITEM_ID>
      <PRODUCTNAME>Example Product 176</PRODUCTNAME>
      <PRODUCT>Category 176</PRODUCT>
      <DESCRIPTION>Description for example product 176.</DESCRIPTION>
      <URL>https://example.com/product-176</URL>
      <IMGURL>https://example.com/images/product-176.jpg</IMGURL>
      <PRICE_VAT>73.77</PRICE_VAT>
      <MANUFACTURER>ExampleBrand 176</MANUFACTURER>
      <CATEGORYTEXT>Main Category | Subcategory 176</CATEGORYTEXT>
      <EAN>4207825306013</EAN>
      <DELIVERY_DATE>2</DELIVERY_DATE>
    </SHOPITEM>

    <SHOPITEM>
      <ITEM_ID>177</ITEM_ID>
      <PRODUCTNAME>Example Product 177</PRODUCTNAME>
      <PRODUCT>Category 177</PRODUCT>
      <DESCRIPTION>Description for example product 177.</DESCRIPTION>
      <URL>https://example.com/product-177</URL>
      <IMGURL>https://example.com/images/product-177.jpg</IMGURL>
      <PRICE_VAT>57.51</PRICE_VAT>
      <MANUFACTURER>ExampleBrand 177</MANUFACTURER>
      <CATEGORYTEXT>Main Category | Subcategory 177</CATEGORYTEXT>
      <EAN>7961925843243</EAN>
      <DELIVERY_DATE>4</DELIVERY_DATE>
    </SHOPITEM>

    <SHOPITEM>
      <ITEM_ID>178</ITEM_ID>
      <PRODUCTNAME>Example Product 178</PRODUCTNAME>
      <PRODUCT>Category 178</PRODUCT>
      <DESCRIPTION>Description for example product 178.</DESCRIPTION>
      <URL>https://example.com/product-178</URL>
      <IMGURL>https://example.com/images/product-178.jpg</IMGURL>
      <PRICE_VAT>29.67</PRICE_VAT>
      <MANUFACTURER>ExampleBrand 178</MANUFACTURER>
      <CATEGORYTEXT>Main Category | Subcategory 178</CATEGORYTEXT>
      <EAN>8020054626352</EAN>
      <DELIVERY_DATE>5</DELIVERY_DATE>
    </SHOPITEM>

    <SHOPITEM>
      <ITEM_ID>179</ITEM_ID>
      <PRODUCTNAME>Example Product 179</PRODUCTNAME>
      <PRODUCT>Category 179</PRODUCT>
      <DESCRIPTION>Description for example product 179.</DESCRIPTION>
      <URL>https://example.com/product-179</URL>
      <IMGURL>https://example.com/images/product-179.jpg</IMGURL>
      <PRICE_VAT>85.09</PRICE_VAT>
      <MANUFACTURER>ExampleBrand 179</MANUFACTURER>
      <CATEGORYTEXT>Main Category | Subcategory 179</CATEGORYTEXT>
      <EAN>2455051354409</EAN>
      <DELIVERY_DATE>3</DELIVERY_DATE>
    </SHOPITEM>

    <SHOPITEM>
      <ITEM_ID>180</ITEM_ID>
      <PRODUCTNAME>Example Product 180</PRODUCTNAME>
      <PRODUCT>Category 180</PRODUCT>
      <DESCRIPTION>Description for example product 180.</DESCRIPTION>
      <URL>https://example.com/product-180</URL>
      <IMGURL>https://example.com/images/product-180.jpg</IMGURL>
      <PRICE_VAT>52.70</PRICE_VAT>
      <MANUFACTURER>ExampleBrand 180</MANUFACTURER>
      <CATEGORYTEXT>Main Category | Subcategory 180</CATEGORYTEXT>
      <EAN>1477922498593</EAN>
      <DELIVERY_DATE>5</DELIVERY_DATE>
    </SHOPITEM>

    <SHOPITEM>
      <ITEM_ID>181</ITEM_ID>
      <PRODUCTNAME>Example Product 181</PRODUCTNAME>
      <PRODUCT>Category 181</PRODUCT>
      <DESCRIPTION>Description for example product 181.</DESCRIPTION>
      <URL>https://example.com/product-181</URL>
      <IMGURL>https://example.com/images/product-181.jpg</IMGURL>
      <PRICE_VAT>61.26</PRICE_VAT>
      <MANUFACTURER>ExampleBrand 181</MANUFACTURER>
      <CATEGORYTEXT>Main Category | Subcategory 181</CATEGORYTEXT>
      <EAN>4048323214287</EAN>
      <DELIVERY_DATE>1</DELIVERY_DATE>
    </SHOPITEM>

    <SHOPITEM>
      <ITEM_ID>182</ITEM_ID>
      <PRODUCTNAME>Example Product 182</PRODUCTNAME>
      <PRODUCT>Category 182</PRODUCT>
      <DESCRIPTION>Description for example product 182.</DESCRIPTION>
      <URL>https://example.com/product-182</URL>
      <IMGURL>https://example.com/images/product-182.jpg</IMGURL>
      <PRICE_VAT>70.52</PRICE_VAT>
      <MANUFACTURER>ExampleBrand 182</MANUFACTURER>
      <CATEGORYTEXT>Main Category | Subcategory 182</CATEGORYTEXT>
      <EAN>8588915027200</EAN>
      <DELIVERY_DATE>5</DELIVERY_DATE>
    </SHOPITEM>

    <SHOPITEM>
      <ITEM_ID>183</ITEM_ID>
      <PRODUCTNAME>Example Product 183</PRODUCTNAME>
      <PRODUCT>Category 183</PRODUCT>
      <DESCRIPTION>Description for example product 183.</DESCRIPTION>
      <URL>https://example.com/product-183</URL>
      <IMGURL>https://example.com/images/product-183.jpg</IMGURL>
      <PRICE_VAT>58.44</PRICE_VAT>
      <MANUFACTURER>ExampleBrand 183</MANUFACTURER>
      <CATEGORYTEXT>Main Category | Subcategory 183</CATEGORYTEXT>
      <EAN>5382874583159</EAN>
      <DELIVERY_DATE>1</DELIVERY_DATE>
    </SHOPITEM>

    <SHOPITEM>
      <ITEM_ID>184</ITEM_ID>
      <PRODUCTNAME>Example Product 184</PRODUCTNAME>
      <PRODUCT>Category 184</PRODUCT>
      <DESCRIPTION>Description for example product 184.</DESCRIPTION>
      <URL>https://example.com/product-184</URL>
      <IMGURL>https://example.com/images/product-184.jpg</IMGURL>
      <PRICE_VAT>79.82</PRICE_VAT>
      <MANUFACTURER>ExampleBrand 184</MANUFACTURER>
      <CATEGORYTEXT>Main Category | Subcategory 184</CATEGORYTEXT>
      <EAN>8220061449113</EAN>
      <DELIVERY_DATE>2</DELIVERY_DATE>
    </SHOPITEM>

    <SHOPITEM>
      <ITEM_ID>185</ITEM_ID>
      <PRODUCTNAME>Example Product 185</PRODUCTNAME>
      <PRODUCT>Category 185</PRODUCT>
      <DESCRIPTION>Description for example product 185.</DESCRIPTION>
      <URL>https://example.com/product-185</URL>
      <IMGURL>https://example.com/images/product-185.jpg</IMGURL>
      <PRICE_VAT>6.91</PRICE_VAT>
      <MANUFACTURER>ExampleBrand 185</MANUFACTURER>
      <CATEGORYTEXT>Main Category | Subcategory 185</CATEGORYTEXT>
      <EAN>6775614520974</EAN>
      <DELIVERY_DATE>2</DELIVERY_DATE>
    </SHOPITEM>

    <SHOPITEM>
      <ITEM_ID>186</ITEM_ID>
      <PRODUCTNAME>Example Product 186</PRODUCTNAME>
      <PRODUCT>Category 186</PRODUCT>
      <DESCRIPTION>Description for example product 186.</DESCRIPTION>
      <URL>https://example.com/product-186</URL>
      <IMGURL>https://example.com/images/product-186.jpg</IMGURL>
      <PRICE_VAT>58.22</PRICE_VAT>
      <MANUFACTURER>ExampleBrand 186</MANUFACTURER>
      <CATEGORYTEXT>Main Category | Subcategory 186</CATEGORYTEXT>
      <EAN>1435692410494</EAN>
      <DELIVERY_DATE>1</DELIVERY_DATE>
    </SHOPITEM>

    <SHOPITEM>
      <ITEM_ID>187</ITEM_ID>
      <PRODUCTNAME>Example Product 187</PRODUCTNAME>
      <PRODUCT>Category 187</PRODUCT>
      <DESCRIPTION>Description for example product 187.</DESCRIPTION>
      <URL>https://example.com/product-187</URL>
      <IMGURL>https://example.com/images/product-187.jpg</IMGURL>
      <PRICE_VAT>72.27</PRICE_VAT>
      <MANUFACTURER>ExampleBrand 187</MANUFACTURER>
      <CATEGORYTEXT>Main Category | Subcategory 187</CATEGORYTEXT>
      <EAN>5615850153598</EAN>
      <DELIVERY_DATE>3</DELIVERY_DATE>
    </SHOPITEM>

    <SHOPITEM>
      <ITEM_ID>188</ITEM_ID>
      <PRODUCTNAME>Example Product 188</PRODUCTNAME>
      <PRODUCT>Category 188</PRODUCT>
      <DESCRIPTION>Description for example product 188.</DESCRIPTION>
      <URL>https://example.com/product-188</URL>
      <IMGURL>https://example.com/images/product-188.jpg</IMGURL>
      <PRICE_VAT>4.22</PRICE_VAT>
      <MANUFACTURER>ExampleBrand 188</MANUFACTURER>
      <CATEGORYTEXT>Main Category | Subcategory 188</CATEGORYTEXT>
      <EAN>5404816017327</EAN>
      <DELIVERY_DATE>2</DELIVERY_DATE>
    </SHOPITEM>

    <SHOPITEM>
      <ITEM_ID>189</ITEM_ID>
      <PRODUCTNAME>Example Product 189</PRODUCTNAME>
      <PRODUCT>Category 189</PRODUCT>
      <DESCRIPTION>Description for example product 189.</DESCRIPTION>
      <URL>https://example.com/product-189</URL>
      <IMGURL>https://example.com/images/product-189.jpg</IMGURL>
      <PRICE_VAT>100.53</PRICE_VAT>
      <MANUFACTURER>ExampleBrand 189</MANUFACTURER>
      <CATEGORYTEXT>Main Category | Subcategory 189</CATEGORYTEXT>
      <EAN>6127355975805</EAN>
      <DELIVERY_DATE>1</DELIVERY_DATE>
    </SHOPITEM>

    <SHOPITEM>
      <ITEM_ID>190</ITEM_ID>
      <PRODUCTNAME>Example Product 190</PRODUCTNAME>
      <PRODUCT>Category 190</PRODUCT>
      <DESCRIPTION>Description for example product 190.</DESCRIPTION>
      <URL>https://example.com/product-190</URL>
      <IMGURL>https://example.com/images/product-190.jpg</IMGURL>
      <PRICE_VAT>56.65</PRICE_VAT>
      <MANUFACTURER>ExampleBrand 190</MANUFACTURER>
      <CATEGORYTEXT>Main Category | Subcategory 190</CATEGORYTEXT>
      <EAN>8646052428890</EAN>
      <DELIVERY_DATE>3</DELIVERY_DATE>
    </SHOPITEM>

    <SHOPITEM>
      <ITEM_ID>191</ITEM_ID>
      <PRODUCTNAME>Example Product 191</PRODUCTNAME>
      <PRODUCT>Category 191</PRODUCT>
      <DESCRIPTION>Description for example product 191.</DESCRIPTION>
      <URL>https://example.com/product-191</URL>
      <IMGURL>https://example.com/images/product-191.jpg</IMGURL>
      <PRICE_VAT>92.24</PRICE_VAT>
      <MANUFACTURER>ExampleBrand 191</MANUFACTURER>
      <CATEGORYTEXT>Main Category | Subcategory 191</CATEGORYTEXT>
      <EAN>7538229066601</EAN>
      <DELIVERY_DATE>3</DELIVERY_DATE>
    </SHOPITEM>

    <SHOPITEM>
      <ITEM_ID>192</ITEM_ID>
      <PRODUCTNAME>Example Product 192</PRODUCTNAME>
      <PRODUCT>Category 192</PRODUCT>
      <DESCRIPTION>Description for example product 192.</DESCRIPTION>
      <URL>https://example.com/product-192</URL>
      <IMGURL>https://example.com/images/product-192.jpg</IMGURL>
      <PRICE_VAT>39.79</PRICE_VAT>
      <MANUFACTURER>ExampleBrand 192</MANUFACTURER>
      <CATEGORYTEXT>Main Category | Subcategory 192</CATEGORYTEXT>
      <EAN>5960397296458</EAN>
      <DELIVERY_DATE>4</DELIVERY_DATE>
    </SHOPITEM>

    <SHOPITEM>
      <ITEM_ID>193</ITEM_ID>
      <PRODUCTNAME>Example Product 193</PRODUCTNAME>
      <PRODUCT>Category 193</PRODUCT>
      <DESCRIPTION>Description for example product 193.</DESCRIPTION>
      <URL>https://example.com/product-193</URL>
      <IMGURL>https://example.com/images/product-193.jpg</IMGURL>
      <PRICE_VAT>2.52</PRICE_VAT>
      <MANUFACTURER>ExampleBrand 193</MANUFACTURER>
      <CATEGORYTEXT>Main Category | Subcategory 193</CATEGORYTEXT>
      <EAN>5388185677074</EAN>
      <DELIVERY_DATE>1</DELIVERY_DATE>
    </SHOPITEM>

    <SHOPITEM>
      <ITEM_ID>194</ITEM_ID>
      <PRODUCTNAME>Example Product 194</PRODUCTNAME>
      <PRODUCT>Category 194</PRODUCT>
      <DESCRIPTION>Description for example product 194.</DESCRIPTION>
      <URL>https://example.com/product-194</URL>
      <IMGURL>https://example.com/images/product-194.jpg</IMGURL>
      <PRICE_VAT>74.60</PRICE_VAT>
      <MANUFACTURER>ExampleBrand 194</MANUFACTURER>
      <CATEGORYTEXT>Main Category | Subcategory 194</CATEGORYTEXT>
      <EAN>8877354306609</EAN>
      <DELIVERY_DATE>4</DELIVERY_DATE>
    </SHOPITEM>

    <SHOPITEM>
      <ITEM_ID>195</ITEM_ID>
      <PRODUCTNAME>Example Product 195</PRODUCTNAME>
      <PRODUCT>Category 195</PRODUCT>
      <DESCRIPTION>Description for example product 195.</DESCRIPTION>
      <URL>https://example.com/product-195</URL>
      <IMGURL>https://example.com/images/product-195.jpg</IMGURL>
      <PRICE_VAT>55.41</PRICE_VAT>
      <MANUFACTURER>ExampleBrand 195</MANUFACTURER>
      <CATEGORYTEXT>Main Category | Subcategory 195</CATEGORYTEXT>
      <EAN>9940738941784</EAN>
      <DELIVERY_DATE>1</DELIVERY_DATE>
    </SHOPITEM>

    <SHOPITEM>
      <ITEM_ID>196</ITEM_ID>
      <PRODUCTNAME>Example Product 196</PRODUCTNAME>
      <PRODUCT>Category 196</PRODUCT>
      <DESCRIPTION>Description for example product 196.</DESCRIPTION>
      <URL>https://example.com/product-196</URL>
      <IMGURL>https://example.com/images/product-196.jpg</IMGURL>
      <PRICE_VAT>15.08</PRICE_VAT>
      <MANUFACTURER>ExampleBrand 196</MANUFACTURER>
      <CATEGORYTEXT>Main Category | Subcategory 196</CATEGORYTEXT>
      <EAN>6052263184512</EAN>
      <DELIVERY_DATE>2</DELIVERY_DATE>
    </SHOPITEM>

    <SHOPITEM>
      <ITEM_ID>197</ITEM_ID>
      <PRODUCTNAME>Example Product 197</PRODUCTNAME>
      <PRODUCT>Category 197</PRODUCT>
      <DESCRIPTION>Description for example product 197.</DESCRIPTION>
      <URL>https://example.com/product-197</URL>
      <IMGURL>https://example.com/images/product-197.jpg</IMGURL>
      <PRICE_VAT>85.73</PRICE_VAT>
      <MANUFACTURER>ExampleBrand 197</MANUFACTURER>
      <CATEGORYTEXT>Main Category | Subcategory 197</CATEGORYTEXT>
      <EAN>3459234469498</EAN>
      <DELIVERY_DATE>2</DELIVERY_DATE>
    </SHOPITEM>

    <SHOPITEM>
      <ITEM_ID>198</ITEM_ID>
      <PRODUCTNAME>Example Product 198</PRODUCTNAME>
      <PRODUCT>Category 198</PRODUCT>
      <DESCRIPTION>Description for example product 198.</DESCRIPTION>
      <URL>https://example.com/product-198</URL>
      <IMGURL>https://example.com/images/product-198.jpg</IMGURL>
      <PRICE_VAT>94.91</PRICE_VAT>
      <MANUFACTURER>ExampleBrand 198</MANUFACTURER>
      <CATEGORYTEXT>Main Category | Subcategory 198</CATEGORYTEXT>
      <EAN>2410749393026</EAN>
      <DELIVERY_DATE>3</DELIVERY_DATE>
    </SHOPITEM>

    <SHOPITEM>
      <ITEM_ID>199</ITEM_ID>
      <PRODUCTNAME>Example Product 199</PRODUCTNAME>
      <PRODUCT>Category 199</PRODUCT>
      <DESCRIPTION>Description for example product 199.</DESCRIPTION>
      <URL>https://example.com/product-199</URL>
      <IMGURL>https://example.com/images/product-199.jpg</IMGURL>
      <PRICE_VAT>73.98</PRICE_VAT>
      <MANUFACTURER>ExampleBrand 199</MANUFACTURER>
      <CATEGORYTEXT>Main Category | Subcategory 199</CATEGORYTEXT>
      <EAN>3196257065708</EAN>
      <DELIVERY_DATE>3</DELIVERY_DATE>
    </SHOPITEM>

    <SHOPITEM>
      <ITEM_ID>200</ITEM_ID>
      <PRODUCTNAME>Example Product 200</PRODUCTNAME>
      <PRODUCT>Category 200</PRODUCT>
      <DESCRIPTION>Description for example product 200.</DESCRIPTION>
      <URL>https://example.com/product-200</URL>
      <IMGURL>https://example.com/images/product-200.jpg</IMGURL>
      <PRICE_VAT>61.77</PRICE_VAT>
      <MANUFACTURER>ExampleBrand 200</MANUFACTURER>
      <CATEGORYTEXT>Main Category | Subcategory 200</CATEGORYTEXT>
      <EAN>3738763137597</EAN>
      <DELIVERY_DATE>1</DELIVERY_DATE>
    </SHOPITEM>

    <SHOPITEM>
      <ITEM_ID>201</ITEM_ID>
      <PRODUCTNAME>Example Product 201</PRODUCTNAME>
      <PRODUCT>Category 201</PRODUCT>
      <DESCRIPTION>Description for example product 201.</DESCRIPTION>
      <URL>https://example.com/product-201</URL>
      <IMGURL>https://example.com/images/product-201.jpg</IMGURL>
      <PRICE_VAT>56.98</PRICE_VAT>
      <MANUFACTURER>ExampleBrand 201</MANUFACTURER>
      <CATEGORYTEXT>Main Category | Subcategory 201</CATEGORYTEXT>
      <EAN>9720633295362</EAN>
      <DELIVERY_DATE>3</DELIVERY_DATE>
    </SHOPITEM>

    <SHOPITEM>
      <ITEM_ID>202</ITEM_ID>
      <PRODUCTNAME>Example Product 202</PRODUCTNAME>
      <PRODUCT>Category 202</PRODUCT>
      <DESCRIPTION>Description for example product 202.</DESCRIPTION>
      <URL>https://example.com/product-202</URL>
      <IMGURL>https://example.com/images/product-202.jpg</IMGURL>
      <PRICE_VAT>39.09</PRICE_VAT>
      <MANUFACTURER>ExampleBrand 202</MANUFACTURER>
      <CATEGORYTEXT>Main Category | Subcategory 202</CATEGORYTEXT>
      <EAN>5705600317003</EAN>
      <DELIVERY_DATE>1</DELIVERY_DATE>
    </SHOPITEM>

    <SHOPITEM>
      <ITEM_ID>203</ITEM_ID>
      <PRODUCTNAME>Example Product 203</PRODUCTNAME>
      <PRODUCT>Category 203</PRODUCT>
      <DESCRIPTION>Description for example product 203.</DESCRIPTION>
      <URL>https://example.com/product-203</URL>
      <IMGURL>https://example.com/images/product-203.jpg</IMGURL>
      <PRICE_VAT>72.07</PRICE_VAT>
      <MANUFACTURER>ExampleBrand 203</MANUFACTURER>
      <CATEGORYTEXT>Main Category | Subcategory 203</CATEGORYTEXT>
      <EAN>1708093241834</EAN>
      <DELIVERY_DATE>5</DELIVERY_DATE>
    </SHOPITEM>

    <SHOPITEM>
      <ITEM_ID>204</ITEM_ID>
      <PRODUCTNAME>Example Product 204</PRODUCTNAME>
      <PRODUCT>Category 204</PRODUCT>
      <DESCRIPTION>Description for example product 204.</DESCRIPTION>
      <URL>https://example.com/product-204</URL>
      <IMGURL>https://example.com/images/product-204.jpg</IMGURL>
      <PRICE_VAT>98.27</PRICE_VAT>
      <MANUFACTURER>ExampleBrand 204</MANUFACTURER>
      <CATEGORYTEXT>Main Category | Subcategory 204</CATEGORYTEXT>
      <EAN>8465830988161</EAN>
      <DELIVERY_DATE>5</DELIVERY_DATE>
    </SHOPITEM>

    <SHOPITEM>
      <ITEM_ID>205</ITEM_ID>
      <PRODUCTNAME>Example Product 205</PRODUCTNAME>
      <PRODUCT>Category 205</PRODUCT>
      <DESCRIPTION>Description for example product 205.</DESCRIPTION>
      <URL>https://example.com/product-205</URL>
      <IMGURL>https://example.com/images/product-205.jpg</IMGURL>
      <PRICE_VAT>83.21</PRICE_VAT>
      <MANUFACTURER>ExampleBrand 205</MANUFACTURER>
      <CATEGORYTEXT>Main Category | Subcategory 205</CATEGORYTEXT>
      <EAN>1649887642916</EAN>
      <DELIVERY_DATE>5</DELIVERY_DATE>
    </SHOPITEM>

    <SHOPITEM>
      <ITEM_ID>206</ITEM_ID>
      <PRODUCTNAME>Example Product 206</PRODUCTNAME>
      <PRODUCT>Category 206</PRODUCT>
      <DESCRIPTION>Description for example product 206.</DESCRIPTION>
      <URL>https://example.com/product-206</URL>
      <IMGURL>https://example.com/images/product-206.jpg</IMGURL>
      <PRICE_VAT>7.55</PRICE_VAT>
      <MANUFACTURER>ExampleBrand 206</MANUFACTURER>
      <CATEGORYTEXT>Main Category | Subcategory 206</CATEGORYTEXT>
      <EAN>6847652593888</EAN>
      <DELIVERY_DATE>5</DELIVERY_DATE>
    </SHOPITEM>

    <SHOPITEM>
      <ITEM_ID>207</ITEM_ID>
      <PRODUCTNAME>Example Product 207</PRODUCTNAME>
      <PRODUCT>Category 207</PRODUCT>
      <DESCRIPTION>Description for example product 207.</DESCRIPTION>
      <URL>https://example.com/product-207</URL>
      <IMGURL>https://example.com/images/product-207.jpg</IMGURL>
      <PRICE_VAT>89.25</PRICE_VAT>
      <MANUFACTURER>ExampleBrand 207</MANUFACTURER>
      <CATEGORYTEXT>Main Category | Subcategory 207</CATEGORYTEXT>
      <EAN>2755451204740</EAN>
      <DELIVERY_DATE>1</DELIVERY_DATE>
    </SHOPITEM>

    <SHOPITEM>
      <ITEM_ID>208</ITEM_ID>
      <PRODUCTNAME>Example Product 208</PRODUCTNAME>
      <PRODUCT>Category 208</PRODUCT>
      <DESCRIPTION>Description for example product 208.</DESCRIPTION>
      <URL>https://example.com/product-208</URL>
      <IMGURL>https://example.com/images/product-208.jpg</IMGURL>
      <PRICE_VAT>17.79</PRICE_VAT>
      <MANUFACTURER>ExampleBrand 208</MANUFACTURER>
      <CATEGORYTEXT>Main Category | Subcategory 208</CATEGORYTEXT>
      <EAN>2193182874239</EAN>
      <DELIVERY_DATE>2</DELIVERY_DATE>
    </SHOPITEM>

    <SHOPITEM>
      <ITEM_ID>209</ITEM_ID>
      <PRODUCTNAME>Example Product 209</PRODUCTNAME>
      <PRODUCT>Category 209</PRODUCT>
      <DESCRIPTION>Description for example product 209.</DESCRIPTION>
      <URL>https://example.com/product-209</URL>
      <IMGURL>https://example.com/images/product-209.jpg</IMGURL>
      <PRICE_VAT>96.43</PRICE_VAT>
      <MANUFACTURER>ExampleBrand 209</MANUFACTURER>
      <CATEGORYTEXT>Main Category | Subcategory 209</CATEGORYTEXT>
      <EAN>2924122955294</EAN>
      <DELIVERY_DATE>3</DELIVERY_DATE>
    </SHOPITEM>

    <SHOPITEM>
      <ITEM_ID>210</ITEM_ID>
      <PRODUCTNAME>Example Product 210</PRODUCTNAME>
      <PRODUCT>Category 210</PRODUCT>
      <DESCRIPTION>Description for example product 210.</DESCRIPTION>
      <URL>https://example.com/product-210</URL>
      <IMGURL>https://example.com/images/product-210.jpg</IMGURL>
      <PRICE_VAT>57.77</PRICE_VAT>
      <MANUFACTURER>ExampleBrand 210</MANUFACTURER>
      <CATEGORYTEXT>Main Category | Subcategory 210</CATEGORYTEXT>
      <EAN>5921692004713</EAN>
      <DELIVERY_DATE>3</DELIVERY_DATE>
    </SHOPITEM>

    <SHOPITEM>
      <ITEM_ID>211</ITEM_ID>
      <PRODUCTNAME>Example Product 211</PRODUCTNAME>
      <PRODUCT>Category 211</PRODUCT>
      <DESCRIPTION>Description for example product 211.</DESCRIPTION>
      <URL>https://example.com/product-211</URL>
      <IMGURL>https://example.com/images/product-211.jpg</IMGURL>
      <PRICE_VAT>18.55</PRICE_VAT>
      <MANUFACTURER>ExampleBrand 211</MANUFACTURER>
      <CATEGORYTEXT>Main Category | Subcategory 211</CATEGORYTEXT>
      <EAN>5870108202919</EAN>
      <DELIVERY_DATE>3</DELIVERY_DATE>
    </SHOPITEM>

    <SHOPITEM>
      <ITEM_ID>212</ITEM_ID>
      <PRODUCTNAME>Example Product 212</PRODUCTNAME>
      <PRODUCT>Category 212</PRODUCT>
      <DESCRIPTION>Description for example product 212.</DESCRIPTION>
      <URL>https://example.com/product-212</URL>
      <IMGURL>https://example.com/images/product-212.jpg</IMGURL>
      <PRICE_VAT>93.66</PRICE_VAT>
      <MANUFACTURER>ExampleBrand 212</MANUFACTURER>
      <CATEGORYTEXT>Main Category | Subcategory 212</CATEGORYTEXT>
      <EAN>5755658538525</EAN>
      <DELIVERY_DATE>3</DELIVERY_DATE>
    </SHOPITEM>

    <SHOPITEM>
      <ITEM_ID>213</ITEM_ID>
      <PRODUCTNAME>Example Product 213</PRODUCTNAME>
      <PRODUCT>Category 213</PRODUCT>
      <DESCRIPTION>Description for example product 213.</DESCRIPTION>
      <URL>https://example.com/product-213</URL>
      <IMGURL>https://example.com/images/product-213.jpg</IMGURL>
      <PRICE_VAT>47.49</PRICE_VAT>
      <MANUFACTURER>ExampleBrand 213</MANUFACTURER>
      <CATEGORYTEXT>Main Category | Subcategory 213</CATEGORYTEXT>
      <EAN>9320562196681</EAN>
      <DELIVERY_DATE>5</DELIVERY_DATE>
    </SHOPITEM>

    <SHOPITEM>
      <ITEM_ID>214</ITEM_ID>
      <PRODUCTNAME>Example Product 214</PRODUCTNAME>
      <PRODUCT>Category 214</PRODUCT>
      <DESCRIPTION>Description for example product 214.</DESCRIPTION>
      <URL>https://example.com/product-214</URL>
      <IMGURL>https://example.com/images/product-214.jpg</IMGURL>
      <PRICE_VAT>42.70</PRICE_VAT>
      <MANUFACTURER>ExampleBrand 214</MANUFACTURER>
      <CATEGORYTEXT>Main Category | Subcategory 214</CATEGORYTEXT>
      <EAN>9388424688587</EAN>
      <DELIVERY_DATE>3</DELIVERY_DATE>
    </SHOPITEM>

    <SHOPITEM>
      <ITEM_ID>215</ITEM_ID>
      <PRODUCTNAME>Example Product 215</PRODUCTNAME>
      <PRODUCT>Category 215</PRODUCT>
      <DESCRIPTION>Description for example product 215.</DESCRIPTION>
      <URL>https://example.com/product-215</URL>
      <IMGURL>https://example.com/images/product-215.jpg</IMGURL>
      <PRICE_VAT>60.03</PRICE_VAT>
      <MANUFACTURER>ExampleBrand 215</MANUFACTURER>
      <CATEGORYTEXT>Main Category | Subcategory 215</CATEGORYTEXT>
      <EAN>7897268147218</EAN>
      <DELIVERY_DATE>4</DELIVERY_DATE>
    </SHOPITEM>

    <SHOPITEM>
      <ITEM_ID>216</ITEM_ID>
      <PRODUCTNAME>Example Product 216</PRODUCTNAME>
      <PRODUCT>Category 216</PRODUCT>
      <DESCRIPTION>Description for example product 216.</DESCRIPTION>
      <URL>https://example.com/product-216</URL>
      <IMGURL>https://example.com/images/product-216.jpg</IMGURL>
      <PRICE_VAT>25.54</PRICE_VAT>
      <MANUFACTURER>ExampleBrand 216</MANUFACTURER>
      <CATEGORYTEXT>Main Category | Subcategory 216</CATEGORYTEXT>
      <EAN>2423255957979</EAN>
      <DELIVERY_DATE>1</DELIVERY_DATE>
    </SHOPITEM>

    <SHOPITEM>
      <ITEM_ID>217</ITEM_ID>
      <PRODUCTNAME>Example Product 217</PRODUCTNAME>
      <PRODUCT>Category 217</PRODUCT>
      <DESCRIPTION>Description for example product 217.</DESCRIPTION>
      <URL>https://example.com/product-217</URL>
      <IMGURL>https://example.com/images/product-217.jpg</IMGURL>
      <PRICE_VAT>15.08</PRICE_VAT>
      <MANUFACTURER>ExampleBrand 217</MANUFACTURER>
      <CATEGORYTEXT>Main Category | Subcategory 217</CATEGORYTEXT>
      <EAN>5803675088677</EAN>
      <DELIVERY_DATE>3</DELIVERY_DATE>
    </SHOPITEM>

    <SHOPITEM>
      <ITEM_ID>218</ITEM_ID>
      <PRODUCTNAME>Example Product 218</PRODUCTNAME>
      <PRODUCT>Category 218</PRODUCT>
      <DESCRIPTION>Description for example product 218.</DESCRIPTION>
      <URL>https://example.com/product-218</URL>
      <IMGURL>https://example.com/images/product-218.jpg</IMGURL>
      <PRICE_VAT>49.13</PRICE_VAT>
      <MANUFACTURER>ExampleBrand 218</MANUFACTURER>
      <CATEGORYTEXT>Main Category | Subcategory 218</CATEGORYTEXT>
      <EAN>3867288199023</EAN>
      <DELIVERY_DATE>2</DELIVERY_DATE>
    </SHOPITEM>

    <SHOPITEM>
      <ITEM_ID>219</ITEM_ID>
      <PRODUCTNAME>Example Product 219</PRODUCTNAME>
      <PRODUCT>Category 219</PRODUCT>
      <DESCRIPTION>Description for example product 219.</DESCRIPTION>
      <URL>https://example.com/product-219</URL>
      <IMGURL>https://example.com/images/product-219.jpg</IMGURL>
      <PRICE_VAT>35.42</PRICE_VAT>
      <MANUFACTURER>ExampleBrand 219</MANUFACTURER>
      <CATEGORYTEXT>Main Category | Subcategory 219</CATEGORYTEXT>
      <EAN>6430220685359</EAN>
      <DELIVERY_DATE>1</DELIVERY_DATE>
    </SHOPITEM>

    <SHOPITEM>
      <ITEM_ID>220</ITEM_ID>
      <PRODUCTNAME>Example Product 220</PRODUCTNAME>
      <PRODUCT>Category 220</PRODUCT>
      <DESCRIPTION>Description for example product 220.</DESCRIPTION>
      <URL>https://example.com/product-220</URL>
      <IMGURL>https://example.com/images/product-220.jpg</IMGURL>
      <PRICE_VAT>3.77</PRICE_VAT>
      <MANUFACTURER>ExampleBrand 220</MANUFACTURER>
      <CATEGORYTEXT>Main Category | Subcategory 220</CATEGORYTEXT>
      <EAN>5545322400110</EAN>
      <DELIVERY_DATE>2</DELIVERY_DATE>
    </SHOPITEM>

    <SHOPITEM>
      <ITEM_ID>221</ITEM_ID>
      <PRODUCTNAME>Example Product 221</PRODUCTNAME>
      <PRODUCT>Category 221</PRODUCT>
      <DESCRIPTION>Description for example product 221.</DESCRIPTION>
      <URL>https://example.com/product-221</URL>
      <IMGURL>https://example.com/images/product-221.jpg</IMGURL>
      <PRICE_VAT>54.02</PRICE_VAT>
      <MANUFACTURER>ExampleBrand 221</MANUFACTURER>
      <CATEGORYTEXT>Main Category | Subcategory 221</CATEGORYTEXT>
      <EAN>8015443693857</EAN>
      <DELIVERY_DATE>4</DELIVERY_DATE>
    </SHOPITEM>

    <SHOPITEM>
      <ITEM_ID>222</ITEM_ID>
      <PRODUCTNAME>Example Product 222</PRODUCTNAME>
      <PRODUCT>Category 222</PRODUCT>
      <DESCRIPTION>Description for example product 222.</DESCRIPTION>
      <URL>https://example.com/product-222</URL>
      <IMGURL>https://example.com/images/product-222.jpg</IMGURL>
      <PRICE_VAT>20.26</PRICE_VAT>
      <MANUFACTURER>ExampleBrand 222</MANUFACTURER>
      <CATEGORYTEXT>Main Category | Subcategory 222</CATEGORYTEXT>
      <EAN>5632935661542</EAN>
      <DELIVERY_DATE>5</DELIVERY_DATE>
    </SHOPITEM>

    <SHOPITEM>
      <ITEM_ID>223</ITEM_ID>
      <PRODUCTNAME>Example Product 223</PRODUCTNAME>
      <PRODUCT>Category 223</PRODUCT>
      <DESCRIPTION>Description for example product 223.</DESCRIPTION>
      <URL>https://example.com/product-223</URL>
      <IMGURL>https://example.com/images/product-223.jpg</IMGURL>
      <PRICE_VAT>100.29</PRICE_VAT>
      <MANUFACTURER>ExampleBrand 223</MANUFACTURER>
      <CATEGORYTEXT>Main Category | Subcategory 223</CATEGORYTEXT>
      <EAN>1666481880559</EAN>
      <DELIVERY_DATE>3</DELIVERY_DATE>
    </SHOPITEM>

    <SHOPITEM>
      <ITEM_ID>224</ITEM_ID>
      <PRODUCTNAME>Example Product 224</PRODUCTNAME>
      <PRODUCT>Category 224</PRODUCT>
      <DESCRIPTION>Description for example product 224.</DESCRIPTION>
      <URL>https://example.com/product-224</URL>
      <IMGURL>https://example.com/images/product-224.jpg</IMGURL>
      <PRICE_VAT>93.96</PRICE_VAT>
      <MANUFACTURER>ExampleBrand 224</MANUFACTURER>
      <CATEGORYTEXT>Main Category | Subcategory 224</CATEGORYTEXT>
      <EAN>3239857332563</EAN>
      <DELIVERY_DATE>5</DELIVERY_DATE>
    </SHOPITEM>

    <SHOPITEM>
      <ITEM_ID>225</ITEM_ID>
      <PRODUCTNAME>Example Product 225</PRODUCTNAME>
      <PRODUCT>Category 225</PRODUCT>
      <DESCRIPTION>Description for example product 225.</DESCRIPTION>
      <URL>https://example.com/product-225</URL>
      <IMGURL>https://example.com/images/product-225.jpg</IMGURL>
      <PRICE_VAT>83.68</PRICE_VAT>
      <MANUFACTURER>ExampleBrand 225</MANUFACTURER>
      <CATEGORYTEXT>Main Category | Subcategory 225</CATEGORYTEXT>
      <EAN>5495730276820</EAN>
      <DELIVERY_DATE>5</DELIVERY_DATE>
    </SHOPITEM>

    <SHOPITEM>
      <ITEM_ID>226</ITEM_ID>
      <PRODUCTNAME>Example Product 226</PRODUCTNAME>
      <PRODUCT>Category 226</PRODUCT>
      <DESCRIPTION>Description for example product 226.</DESCRIPTION>
      <URL>https://example.com/product-226</URL>
      <IMGURL>https://example.com/images/product-226.jpg</IMGURL>
      <PRICE_VAT>48.12</PRICE_VAT>
      <MANUFACTURER>ExampleBrand 226</MANUFACTURER>
      <CATEGORYTEXT>Main Category | Subcategory 226</CATEGORYTEXT>
      <EAN>7650406528417</EAN>
      <DELIVERY_DATE>2</DELIVERY_DATE>
    </SHOPITEM>

    <SHOPITEM>
      <ITEM_ID>227</ITEM_ID>
      <PRODUCTNAME>Example Product 227</PRODUCTNAME>
      <PRODUCT>Category 227</PRODUCT>
      <DESCRIPTION>Description for example product 227.</DESCRIPTION>
      <URL>https://example.com/product-227</URL>
      <IMGURL>https://example.com/images/product-227.jpg</IMGURL>
      <PRICE_VAT>93.78</PRICE_VAT>
      <MANUFACTURER>ExampleBrand 227</MANUFACTURER>
      <CATEGORYTEXT>Main Category | Subcategory 227</CATEGORYTEXT>
      <EAN>3765172914194</EAN>
      <DELIVERY_DATE>3</DELIVERY_DATE>
    </SHOPITEM>

    <SHOPITEM>
      <ITEM_ID>228</ITEM_ID>
      <PRODUCTNAME>Example Product 228</PRODUCTNAME>
      <PRODUCT>Category 228</PRODUCT>
      <DESCRIPTION>Description for example product 228.</DESCRIPTION>
      <URL>https://example.com/product-228</URL>
      <IMGURL>https://example.com/images/product-228.jpg</IMGURL>
      <PRICE_VAT>94.25</PRICE_VAT>
      <MANUFACTURER>ExampleBrand 228</MANUFACTURER>
      <CATEGORYTEXT>Main Category | Subcategory 228</CATEGORYTEXT>
      <EAN>5718862972368</EAN>
      <DELIVERY_DATE>1</DELIVERY_DATE>
    </SHOPITEM>

    <SHOPITEM>
      <ITEM_ID>229</ITEM_ID>
      <PRODUCTNAME>Example Product 229</PRODUCTNAME>
      <PRODUCT>Category 229</PRODUCT>
      <DESCRIPTION>Description for example product 229.</DESCRIPTION>
      <URL>https://example.com/product-229</URL>
      <IMGURL>https://example.com/images/product-229.jpg</IMGURL>
      <PRICE_VAT>51.93</PRICE_VAT>
      <MANUFACTURER>ExampleBrand 229</MANUFACTURER>
      <CATEGORYTEXT>Main Category | Subcategory 229</CATEGORYTEXT>
      <EAN>9178394781969</EAN>
      <DELIVERY_DATE>1</DELIVERY_DATE>
    </SHOPITEM>

    <SHOPITEM>
      <ITEM_ID>230</ITEM_ID>
      <PRODUCTNAME>Example Product 230</PRODUCTNAME>
      <PRODUCT>Category 230</PRODUCT>
      <DESCRIPTION>Description for example product 230.</DESCRIPTION>
      <URL>https://example.com/product-230</URL>
      <IMGURL>https://example.com/images/product-230.jpg</IMGURL>
      <PRICE_VAT>54.40</PRICE_VAT>
      <MANUFACTURER>ExampleBrand 230</MANUFACTURER>
      <CATEGORYTEXT>Main Category | Subcategory 230</CATEGORYTEXT>
      <EAN>2231699994093</EAN>
      <DELIVERY_DATE>2</DELIVERY_DATE>
    </SHOPITEM>

    <SHOPITEM>
      <ITEM_ID>231</ITEM_ID>
      <PRODUCTNAME>Example Product 231</PRODUCTNAME>
      <PRODUCT>Category 231</PRODUCT>
      <DESCRIPTION>Description for example product 231.</DESCRIPTION>
      <URL>https://example.com/product-231</URL>
      <IMGURL>https://example.com/images/product-231.jpg</IMGURL>
      <PRICE_VAT>17.10</PRICE_VAT>
      <MANUFACTURER>ExampleBrand 231</MANUFACTURER>
      <CATEGORYTEXT>Main Category | Subcategory 231</CATEGORYTEXT>
      <EAN>2872508405566</EAN>
      <DELIVERY_DATE>2</DELIVERY_DATE>
    </SHOPITEM>

    <SHOPITEM>
      <ITEM_ID>232</ITEM_ID>
      <PRODUCTNAME>Example Product 232</PRODUCTNAME>
      <PRODUCT>Category 232</PRODUCT>
      <DESCRIPTION>Description for example product 232.</DESCRIPTION>
      <URL>https://example.com/product-232</URL>
      <IMGURL>https://example.com/images/product-232.jpg</IMGURL>
      <PRICE_VAT>65.52</PRICE_VAT>
      <MANUFACTURER>ExampleBrand 232</MANUFACTURER>
      <CATEGORYTEXT>Main Category | Subcategory 232</CATEGORYTEXT>
      <EAN>4948664293830</EAN>
      <DELIVERY_DATE>4</DELIVERY_DATE>
    </SHOPITEM>

    <SHOPITEM>
      <ITEM_ID>233</ITEM_ID>
      <PRODUCTNAME>Example Product 233</PRODUCTNAME>
      <PRODUCT>Category 233</PRODUCT>
      <DESCRIPTION>Description for example product 233.</DESCRIPTION>
      <URL>https://example.com/product-233</URL>
      <IMGURL>https://example.com/images/product-233.jpg</IMGURL>
      <PRICE_VAT>96.07</PRICE_VAT>
      <MANUFACTURER>ExampleBrand 233</MANUFACTURER>
      <CATEGORYTEXT>Main Category | Subcategory 233</CATEGORYTEXT>
      <EAN>5522015343412</EAN>
      <DELIVERY_DATE>2</DELIVERY_DATE>
    </SHOPITEM>

    <SHOPITEM>
      <ITEM_ID>234</ITEM_ID>
      <PRODUCTNAME>Example Product 234</PRODUCTNAME>
      <PRODUCT>Category 234</PRODUCT>
      <DESCRIPTION>Description for example product 234.</DESCRIPTION>
      <URL>https://example.com/product-234</URL>
      <IMGURL>https://example.com/images/product-234.jpg</IMGURL>
      <PRICE_VAT>39.23</PRICE_VAT>
      <MANUFACTURER>ExampleBrand 234</MANUFACTURER>
      <CATEGORYTEXT>Main Category | Subcategory 234</CATEGORYTEXT>
      <EAN>7845649591644</EAN>
      <DELIVERY_DATE>4</DELIVERY_DATE>
    </SHOPITEM>

    <SHOPITEM>
      <ITEM_ID>235</ITEM_ID>
      <PRODUCTNAME>Example Product 235</PRODUCTNAME>
      <PRODUCT>Category 235</PRODUCT>
      <DESCRIPTION>Description for example product 235.</DESCRIPTION>
      <URL>https://example.com/product-235</URL>
      <IMGURL>https://example.com/images/product-235.jpg</IMGURL>
      <PRICE_VAT>84.45</PRICE_VAT>
      <MANUFACTURER>ExampleBrand 235</MANUFACTURER>
      <CATEGORYTEXT>Main Category | Subcategory 235</CATEGORYTEXT>
      <EAN>1014237689846</EAN>
      <DELIVERY_DATE>4</DELIVERY_DATE>
    </SHOPITEM>

    <SHOPITEM>
      <ITEM_ID>236</ITEM_ID>
      <PRODUCTNAME>Example Product 236</PRODUCTNAME>
      <PRODUCT>Category 236</PRODUCT>
      <DESCRIPTION>Description for example product 236.</DESCRIPTION>
      <URL>https://example.com/product-236</URL>
      <IMGURL>https://example.com/images/product-236.jpg</IMGURL>
      <PRICE_VAT>89.19</PRICE_VAT>
      <MANUFACTURER>ExampleBrand 236</MANUFACTURER>
      <CATEGORYTEXT>Main Category | Subcategory 236</CATEGORYTEXT>
      <EAN>1219849152685</EAN>
      <DELIVERY_DATE>5</DELIVERY_DATE>
    </SHOPITEM>

    <SHOPITEM>
      <ITEM_ID>237</ITEM_ID>
      <PRODUCTNAME>Example Product 237</PRODUCTNAME>
      <PRODUCT>Category 237</PRODUCT>
      <DESCRIPTION>Description for example product 237.</DESCRIPTION>
      <URL>https://example.com/product-237</URL>
      <IMGURL>https://example.com/images/product-237.jpg</IMGURL>
      <PRICE_VAT>53.81</PRICE_VAT>
      <MANUFACTURER>ExampleBrand 237</MANUFACTURER>
      <CATEGORYTEXT>Main Category | Subcategory 237</CATEGORYTEXT>
      <EAN>4286650373643</EAN>
      <DELIVERY_DATE>3</DELIVERY_DATE>
    </SHOPITEM>

    <SHOPITEM>
      <ITEM_ID>238</ITEM_ID>
      <PRODUCTNAME>Example Product 238</PRODUCTNAME>
      <PRODUCT>Category 238</PRODUCT>
      <DESCRIPTION>Description for example product 238.</DESCRIPTION>
      <URL>https://example.com/product-238</URL>
      <IMGURL>https://example.com/images/product-238.jpg</IMGURL>
      <PRICE_VAT>94.71</PRICE_VAT>
      <MANUFACTURER>ExampleBrand 238</MANUFACTURER>
      <CATEGORYTEXT>Main Category | Subcategory 238</CATEGORYTEXT>
      <EAN>8713199804787</EAN>
      <DELIVERY_DATE>4</DELIVERY_DATE>
    </SHOPITEM>

    <SHOPITEM>
      <ITEM_ID>239</ITEM_ID>
      <PRODUCTNAME>Example Product 239</PRODUCTNAME>
      <PRODUCT>Category 239</PRODUCT>
      <DESCRIPTION>Description for example product 239.</DESCRIPTION>
      <URL>https://example.com/product-239</URL>
      <IMGURL>https://example.com/images/product-239.jpg</IMGURL>
      <PRICE_VAT>64.65</PRICE_VAT>
      <MANUFACTURER>ExampleBrand 239</MANUFACTURER>
      <CATEGORYTEXT>Main Category | Subcategory 239</CATEGORYTEXT>
      <EAN>1423236945615</EAN>
      <DELIVERY_DATE>2</DELIVERY_DATE>
    </SHOPITEM>

    <SHOPITEM>
      <ITEM_ID>240</ITEM_ID>
      <PRODUCTNAME>Example Product 240</PRODUCTNAME>
      <PRODUCT>Category 240</PRODUCT>
      <DESCRIPTION>Description for example product 240.</DESCRIPTION>
      <URL>https://example.com/product-240</URL>
      <IMGURL>https://example.com/images/product-240.jpg</IMGURL>
      <PRICE_VAT>9.21</PRICE_VAT>
      <MANUFACTURER>ExampleBrand 240</MANUFACTURER>
      <CATEGORYTEXT>Main Category | Subcategory 240</CATEGORYTEXT>
      <EAN>5660278812000</EAN>
      <DELIVERY_DATE>4</DELIVERY_DATE>
    </SHOPITEM>

    <SHOPITEM>
      <ITEM_ID>241</ITEM_ID>
      <PRODUCTNAME>Example Product 241</PRODUCTNAME>
      <PRODUCT>Category 241</PRODUCT>
      <DESCRIPTION>Description for example product 241.</DESCRIPTION>
      <URL>https://example.com/product-241</URL>
      <IMGURL>https://example.com/images/product-241.jpg</IMGURL>
      <PRICE_VAT>29.64</PRICE_VAT>
      <MANUFACTURER>ExampleBrand 241</MANUFACTURER>
      <CATEGORYTEXT>Main Category | Subcategory 241</CATEGORYTEXT>
      <EAN>9344381336403</EAN>
      <DELIVERY_DATE>2</DELIVERY_DATE>
    </SHOPITEM>

    <SHOPITEM>
      <ITEM_ID>242</ITEM_ID>
      <PRODUCTNAME>Example Product 242</PRODUCTNAME>
      <PRODUCT>Category 242</PRODUCT>
      <DESCRIPTION>Description for example product 242.</DESCRIPTION>
      <URL>https://example.com/product-242</URL>
      <IMGURL>https://example.com/images/product-242.jpg</IMGURL>
      <PRICE_VAT>100.57</PRICE_VAT>
      <MANUFACTURER>ExampleBrand 242</MANUFACTURER>
      <CATEGORYTEXT>Main Category | Subcategory 242</CATEGORYTEXT>
      <EAN>2889118074261</EAN>
      <DELIVERY_DATE>5</DELIVERY_DATE>
    </SHOPITEM>

    <SHOPITEM>
      <ITEM_ID>243</ITEM_ID>
      <PRODUCTNAME>Example Product 243</PRODUCTNAME>
      <PRODUCT>Category 243</PRODUCT>
      <DESCRIPTION>Description for example product 243.</DESCRIPTION>
      <URL>https://example.com/product-243</URL>
      <IMGURL>https://example.com/images/product-243.jpg</IMGURL>
      <PRICE_VAT>62.71</PRICE_VAT>
      <MANUFACTURER>ExampleBrand 243</MANUFACTURER>
      <CATEGORYTEXT>Main Category | Subcategory 243</CATEGORYTEXT>
      <EAN>3881417874625</EAN>
      <DELIVERY_DATE>5</DELIVERY_DATE>
    </SHOPITEM>

    <SHOPITEM>
      <ITEM_ID>244</ITEM_ID>
      <PRODUCTNAME>Example Product 244</PRODUCTNAME>
      <PRODUCT>Category 244</PRODUCT>
      <DESCRIPTION>Description for example product 244.</DESCRIPTION>
      <URL>https://example.com/product-244</URL>
      <IMGURL>https://example.com/images/product-244.jpg</IMGURL>
      <PRICE_VAT>10.58</PRICE_VAT>
      <MANUFACTURER>ExampleBrand 244</MANUFACTURER>
      <CATEGORYTEXT>Main Category | Subcategory 244</CATEGORYTEXT>
      <EAN>2958291279679</EAN>
      <DELIVERY_DATE>1</DELIVERY_DATE>
    </SHOPITEM>

    <SHOPITEM>
      <ITEM_ID>245</ITEM_ID>
      <PRODUCTNAME>Example Product 245</PRODUCTNAME>
      <PRODUCT>Category 245</PRODUCT>
      <DESCRIPTION>Description for example product 245.</DESCRIPTION>
      <URL>https://example.com/product-245</URL>
      <IMGURL>https://example.com/images/product-245.jpg</IMGURL>
      <PRICE_VAT>51.93</PRICE_VAT>
      <MANUFACTURER>ExampleBrand 245</MANUFACTURER>
      <CATEGORYTEXT>Main Category | Subcategory 245</CATEGORYTEXT>
      <EAN>2974437991434</EAN>
      <DELIVERY_DATE>2</DELIVERY_DATE>
    </SHOPITEM>

    <SHOPITEM>
      <ITEM_ID>246</ITEM_ID>
      <PRODUCTNAME>Example Product 246</PRODUCTNAME>
      <PRODUCT>Category 246</PRODUCT>
      <DESCRIPTION>Description for example product 246.</DESCRIPTION>
      <URL>https://example.com/product-246</URL>
      <IMGURL>https://example.com/images/product-246.jpg</IMGURL>
      <PRICE_VAT>75.86</PRICE_VAT>
      <MANUFACTURER>ExampleBrand 246</MANUFACTURER>
      <CATEGORYTEXT>Main Category | Subcategory 246</CATEGORYTEXT>
      <EAN>6183505654482</EAN>
      <DELIVERY_DATE>4</DELIVERY_DATE>
    </SHOPITEM>

    <SHOPITEM>
      <ITEM_ID>247</ITEM_ID>
      <PRODUCTNAME>Example Product 247</PRODUCTNAME>
      <PRODUCT>Category 247</PRODUCT>
      <DESCRIPTION>Description for example product 247.</DESCRIPTION>
      <URL>https://example.com/product-247</URL>
      <IMGURL>https://example.com/images/product-247.jpg</IMGURL>
      <PRICE_VAT>20.14</PRICE_VAT>
      <MANUFACTURER>ExampleBrand 247</MANUFACTURER>
      <CATEGORYTEXT>Main Category | Subcategory 247</CATEGORYTEXT>
      <EAN>6475009821079</EAN>
      <DELIVERY_DATE>3</DELIVERY_DATE>
    </SHOPITEM>

    <SHOPITEM>
      <ITEM_ID>248</ITEM_ID>
      <PRODUCTNAME>Example Product 248</PRODUCTNAME>
      <PRODUCT>Category 248</PRODUCT>
      <DESCRIPTION>Description for example product 248.</DESCRIPTION>
      <URL>https://example.com/product-248</URL>
      <IMGURL>https://example.com/images/product-248.jpg</IMGURL>
      <PRICE_VAT>73.38</PRICE_VAT>
      <MANUFACTURER>ExampleBrand 248</MANUFACTURER>
      <CATEGORYTEXT>Main Category | Subcategory 248</CATEGORYTEXT>
      <EAN>6007074039218</EAN>
      <DELIVERY_DATE>1</DELIVERY_DATE>
    </SHOPITEM>

    <SHOPITEM>
      <ITEM_ID>249</ITEM_ID>
      <PRODUCTNAME>Example Product 249</PRODUCTNAME>
      <PRODUCT>Category 249</PRODUCT>
      <DESCRIPTION>Description for example product 249.</DESCRIPTION>
      <URL>https://example.com/product-249</URL>
      <IMGURL>https://example.com/images/product-249.jpg</IMGURL>
      <PRICE_VAT>48.06</PRICE_VAT>
      <MANUFACTURER>ExampleBrand 249</MANUFACTURER>
      <CATEGORYTEXT>Main Category | Subcategory 249</CATEGORYTEXT>
      <EAN>3083428692498</EAN>
      <DELIVERY_DATE>2</DELIVERY_DATE>
    </SHOPITEM>

    <SHOPITEM>
      <ITEM_ID>250</ITEM_ID>
      <PRODUCTNAME>Example Product 250</PRODUCTNAME>
      <PRODUCT>Category 250</PRODUCT>
      <DESCRIPTION>Description for example product 250.</DESCRIPTION>
      <URL>https://example.com/product-250</URL>
      <IMGURL>https://example.com/images/product-250.jpg</IMGURL>
      <PRICE_VAT>27.23</PRICE_VAT>
      <MANUFACTURER>ExampleBrand 250</MANUFACTURER>
      <CATEGORYTEXT>Main Category | Subcategory 250</CATEGORYTEXT>
      <EAN>1494634946795</EAN>
      <DELIVERY_DATE>1</DELIVERY_DATE>
    </SHOPITEM>

    <SHOPITEM>
      <ITEM_ID>251</ITEM_ID>
      <PRODUCTNAME>Example Product 251</PRODUCTNAME>
      <PRODUCT>Category 251</PRODUCT>
      <DESCRIPTION>Description for example product 251.</DESCRIPTION>
      <URL>https://example.com/product-251</URL>
      <IMGURL>https://example.com/images/product-251.jpg</IMGURL>
      <PRICE_VAT>29.04</PRICE_VAT>
      <MANUFACTURER>ExampleBrand 251</MANUFACTURER>
      <CATEGORYTEXT>Main Category | Subcategory 251</CATEGORYTEXT>
      <EAN>5323435741205</EAN>
      <DELIVERY_DATE>2</DELIVERY_DATE>
    </SHOPITEM>

    <SHOPITEM>
      <ITEM_ID>252</ITEM_ID>
      <PRODUCTNAME>Example Product 252</PRODUCTNAME>
      <PRODUCT>Category 252</PRODUCT>
      <DESCRIPTION>Description for example product 252.</DESCRIPTION>
      <URL>https://example.com/product-252</URL>
      <IMGURL>https://example.com/images/product-252.jpg</IMGURL>
      <PRICE_VAT>17.92</PRICE_VAT>
      <MANUFACTURER>ExampleBrand 252</MANUFACTURER>
      <CATEGORYTEXT>Main Category | Subcategory 252</CATEGORYTEXT>
      <EAN>8369883851357</EAN>
      <DELIVERY_DATE>4</DELIVERY_DATE>
    </SHOPITEM>

    <SHOPITEM>
      <ITEM_ID>253</ITEM_ID>
      <PRODUCTNAME>Example Product 253</PRODUCTNAME>
      <PRODUCT>Category 253</PRODUCT>
      <DESCRIPTION>Description for example product 253.</DESCRIPTION>
      <URL>https://example.com/product-253</URL>
      <IMGURL>https://example.com/images/product-253.jpg</IMGURL>
      <PRICE_VAT>85.03</PRICE_VAT>
      <MANUFACTURER>ExampleBrand 253</MANUFACTURER>
      <CATEGORYTEXT>Main Category | Subcategory 253</CATEGORYTEXT>
      <EAN>9198422883152</EAN>
      <DELIVERY_DATE>4</DELIVERY_DATE>
    </SHOPITEM>

    <SHOPITEM>
      <ITEM_ID>254</ITEM_ID>
      <PRODUCTNAME>Example Product 254</PRODUCTNAME>
      <PRODUCT>Category 254</PRODUCT>
      <DESCRIPTION>Description for example product 254.</DESCRIPTION>
      <URL>https://example.com/product-254</URL>
      <IMGURL>https://example.com/images/product-254.jpg</IMGURL>
      <PRICE_VAT>45.06</PRICE_VAT>
      <MANUFACTURER>ExampleBrand 254</MANUFACTURER>
      <CATEGORYTEXT>Main Category | Subcategory 254</CATEGORYTEXT>
      <EAN>5048484141126</EAN>
      <DELIVERY_DATE>4</DELIVERY_DATE>
    </SHOPITEM>

    <SHOPITEM>
      <ITEM_ID>255</ITEM_ID>
      <PRODUCTNAME>Example Product 255</PRODUCTNAME>
      <PRODUCT>Category 255</PRODUCT>
      <DESCRIPTION>Description for example product 255.</DESCRIPTION>
      <URL>https://example.com/product-255</URL>
      <IMGURL>https://example.com/images/product-255.jpg</IMGURL>
      <PRICE_VAT>42.94</PRICE_VAT>
      <MANUFACTURER>ExampleBrand 255</MANUFACTURER>
      <CATEGORYTEXT>Main Category | Subcategory 255</CATEGORYTEXT>
      <EAN>7917135981091</EAN>
      <DELIVERY_DATE>5</DELIVERY_DATE>
    </SHOPITEM>

    <SHOPITEM>
      <ITEM_ID>256</ITEM_ID>
      <PRODUCTNAME>Example Product 256</PRODUCTNAME>
      <PRODUCT>Category 256</PRODUCT>
      <DESCRIPTION>Description for example product 256.</DESCRIPTION>
      <URL>https://example.com/product-256</URL>
      <IMGURL>https://example.com/images/product-256.jpg</IMGURL>
      <PRICE_VAT>12.49</PRICE_VAT>
      <MANUFACTURER>ExampleBrand 256</MANUFACTURER>
      <CATEGORYTEXT>Main Category | Subcategory 256</CATEGORYTEXT>
      <EAN>9186613769480</EAN>
      <DELIVERY_DATE>3</DELIVERY_DATE>
    </SHOPITEM>

    <SHOPITEM>
      <ITEM_ID>257</ITEM_ID>
      <PRODUCTNAME>Example Product 257</PRODUCTNAME>
      <PRODUCT>Category 257</PRODUCT>
      <DESCRIPTION>Description for example product 257.</DESCRIPTION>
      <URL>https://example.com/product-257</URL>
      <IMGURL>https://example.com/images/product-257.jpg</IMGURL>
      <PRICE_VAT>33.23</PRICE_VAT>
      <MANUFACTURER>ExampleBrand 257</MANUFACTURER>
      <CATEGORYTEXT>Main Category | Subcategory 257</CATEGORYTEXT>
      <EAN>6388638049399</EAN>
      <DELIVERY_DATE>1</DELIVERY_DATE>
    </SHOPITEM>

    <SHOPITEM>
      <ITEM_ID>258</ITEM_ID>
      <PRODUCTNAME>Example Product 258</PRODUCTNAME>
      <PRODUCT>Category 258</PRODUCT>
      <DESCRIPTION>Description for example product 258.</DESCRIPTION>
      <URL>https://example.com/product-258</URL>
      <IMGURL>https://example.com/images/product-258.jpg</IMGURL>
      <PRICE_VAT>9.64</PRICE_VAT>
      <MANUFACTURER>ExampleBrand 258</MANUFACTURER>
      <CATEGORYTEXT>Main Category | Subcategory 258</CATEGORYTEXT>
      <EAN>4954090288712</EAN>
      <DELIVERY_DATE>2</DELIVERY_DATE>
    </SHOPITEM>

    <SHOPITEM>
      <ITEM_ID>259</ITEM_ID>
      <PRODUCTNAME>Example Product 259</PRODUCTNAME>
      <PRODUCT>Category 259</PRODUCT>
      <DESCRIPTION>Description for example product 259.</DESCRIPTION>
      <URL>https://example.com/product-259</URL>
      <IMGURL>https://example.com/images/product-259.jpg</IMGURL>
      <PRICE_VAT>57.63</PRICE_VAT>
      <MANUFACTURER>ExampleBrand 259</MANUFACTURER>
      <CATEGORYTEXT>Main Category | Subcategory 259</CATEGORYTEXT>
      <EAN>1397056911121</EAN>
      <DELIVERY_DATE>1</DELIVERY_DATE>
    </SHOPITEM>

    <SHOPITEM>
      <ITEM_ID>260</ITEM_ID>
      <PRODUCTNAME>Example Product 260</PRODUCTNAME>
      <PRODUCT>Category 260</PRODUCT>
      <DESCRIPTION>Description for example product 260.</DESCRIPTION>
      <URL>https://example.com/product-260</URL>
      <IMGURL>https://example.com/images/product-260.jpg</IMGURL>
      <PRICE_VAT>21.68</PRICE_VAT>
      <MANUFACTURER>ExampleBrand 260</MANUFACTURER>
      <CATEGORYTEXT>Main Category | Subcategory 260</CATEGORYTEXT>
      <EAN>5793040520292</EAN>
      <DELIVERY_DATE>5</DELIVERY_DATE>
    </SHOPITEM>

    <SHOPITEM>
      <ITEM_ID>261</ITEM_ID>
      <PRODUCTNAME>Example Product 261</PRODUCTNAME>
      <PRODUCT>Category 261</PRODUCT>
      <DESCRIPTION>Description for example product 261.</DESCRIPTION>
      <URL>https://example.com/product-261</URL>
      <IMGURL>https://example.com/images/product-261.jpg</IMGURL>
      <PRICE_VAT>16.13</PRICE_VAT>
      <MANUFACTURER>ExampleBrand 261</MANUFACTURER>
      <CATEGORYTEXT>Main Category | Subcategory 261</CATEGORYTEXT>
      <EAN>7772549914844</EAN>
      <DELIVERY_DATE>4</DELIVERY_DATE>
    </SHOPITEM>

    <SHOPITEM>
      <ITEM_ID>262</ITEM_ID>
      <PRODUCTNAME>Example Product 262</PRODUCTNAME>
      <PRODUCT>Category 262</PRODUCT>
      <DESCRIPTION>Description for example product 262.</DESCRIPTION>
      <URL>https://example.com/product-262</URL>
      <IMGURL>https://example.com/images/product-262.jpg</IMGURL>
      <PRICE_VAT>74.63</PRICE_VAT>
      <MANUFACTURER>ExampleBrand 262</MANUFACTURER>
      <CATEGORYTEXT>Main Category | Subcategory 262</CATEGORYTEXT>
      <EAN>4248150281432</EAN>
      <DELIVERY_DATE>4</DELIVERY_DATE>
    </SHOPITEM>

    <SHOPITEM>
      <ITEM_ID>263</ITEM_ID>
      <PRODUCTNAME>Example Product 263</PRODUCTNAME>
      <PRODUCT>Category 263</PRODUCT>
      <DESCRIPTION>Description for example product 263.</DESCRIPTION>
      <URL>https://example.com/product-263</URL>
      <IMGURL>https://example.com/images/product-263.jpg</IMGURL>
      <PRICE_VAT>88.67</PRICE_VAT>
      <MANUFACTURER>ExampleBrand 263</MANUFACTURER>
      <CATEGORYTEXT>Main Category | Subcategory 263</CATEGORYTEXT>
      <EAN>6563180279774</EAN>
      <DELIVERY_DATE>2</DELIVERY_DATE>
    </SHOPITEM>

    <SHOPITEM>
      <ITEM_ID>264</ITEM_ID>
      <PRODUCTNAME>Example Product 264</PRODUCTNAME>
      <PRODUCT>Category 264</PRODUCT>
      <DESCRIPTION>Description for example product 264.</DESCRIPTION>
      <URL>https://example.com/product-264</URL>
      <IMGURL>https://example.com/images/product-264.jpg</IMGURL>
      <PRICE_VAT>49.40</PRICE_VAT>
      <MANUFACTURER>ExampleBrand 264</MANUFACTURER>
      <CATEGORYTEXT>Main Category | Subcategory 264</CATEGORYTEXT>
      <EAN>3941069461687</EAN>
      <DELIVERY_DATE>4</DELIVERY_DATE>
    </SHOPITEM>

    <SHOPITEM>
      <ITEM_ID>265</ITEM_ID>
      <PRODUCTNAME>Example Product 265</PRODUCTNAME>
      <PRODUCT>Category 265</PRODUCT>
      <DESCRIPTION>Description for example product 265.</DESCRIPTION>
      <URL>https://example.com/product-265</URL>
      <IMGURL>https://example.com/images/product-265.jpg</IMGURL>
      <PRICE_VAT>71.21</PRICE_VAT>
      <MANUFACTURER>ExampleBrand 265</MANUFACTURER>
      <CATEGORYTEXT>Main Category | Subcategory 265</CATEGORYTEXT>
      <EAN>5330693026975</EAN>
      <DELIVERY_DATE>3</DELIVERY_DATE>
    </SHOPITEM>

    <SHOPITEM>
      <ITEM_ID>266</ITEM_ID>
      <PRODUCTNAME>Example Product 266</PRODUCTNAME>
      <PRODUCT>Category 266</PRODUCT>
      <DESCRIPTION>Description for example product 266.</DESCRIPTION>
      <URL>https://example.com/product-266</URL>
      <IMGURL>https://example.com/images/product-266.jpg</IMGURL>
      <PRICE_VAT>70.18</PRICE_VAT>
      <MANUFACTURER>ExampleBrand 266</MANUFACTURER>
      <CATEGORYTEXT>Main Category | Subcategory 266</CATEGORYTEXT>
      <EAN>7040252542836</EAN>
      <DELIVERY_DATE>3</DELIVERY_DATE>
    </SHOPITEM>

    <SHOPITEM>
      <ITEM_ID>267</ITEM_ID>
      <PRODUCTNAME>Example Product 267</PRODUCTNAME>
      <PRODUCT>Category 267</PRODUCT>
      <DESCRIPTION>Description for example product 267.</DESCRIPTION>
      <URL>https://example.com/product-267</URL>
      <IMGURL>https://example.com/images/product-267.jpg</IMGURL>
      <PRICE_VAT>67.98</PRICE_VAT>
      <MANUFACTURER>ExampleBrand 267</MANUFACTURER>
      <CATEGORYTEXT>Main Category | Subcategory 267</CATEGORYTEXT>
      <EAN>3716871131108</EAN>
      <DELIVERY_DATE>1</DELIVERY_DATE>
    </SHOPITEM>

    <SHOPITEM>
      <ITEM_ID>268</ITEM_ID>
      <PRODUCTNAME>Example Product 268</PRODUCTNAME>
      <PRODUCT>Category 268</PRODUCT>
      <DESCRIPTION>Description for example product 268.</DESCRIPTION>
      <URL>https://example.com/product-268</URL>
      <IMGURL>https://example.com/images/product-268.jpg</IMGURL>
      <PRICE_VAT>29.54</PRICE_VAT>
      <MANUFACTURER>ExampleBrand 268</MANUFACTURER>
      <CATEGORYTEXT>Main Category | Subcategory 268</CATEGORYTEXT>
      <EAN>7296098334405</EAN>
      <DELIVERY_DATE>5</DELIVERY_DATE>
    </SHOPITEM>

    <SHOPITEM>
      <ITEM_ID>269</ITEM_ID>
      <PRODUCTNAME>Example Product 269</PRODUCTNAME>
      <PRODUCT>Category 269</PRODUCT>
      <DESCRIPTION>Description for example product 269.</DESCRIPTION>
      <URL>https://example.com/product-269</URL>
      <IMGURL>https://example.com/images/product-269.jpg</IMGURL>
      <PRICE_VAT>12.69</PRICE_VAT>
      <MANUFACTURER>ExampleBrand 269</MANUFACTURER>
      <CATEGORYTEXT>Main Category | Subcategory 269</CATEGORYTEXT>
      <EAN>9389569064821</EAN>
      <DELIVERY_DATE>1</DELIVERY_DATE>
    </SHOPITEM>

    <SHOPITEM>
      <ITEM_ID>270</ITEM_ID>
      <PRODUCTNAME>Example Product 270</PRODUCTNAME>
      <PRODUCT>Category 270</PRODUCT>
      <DESCRIPTION>Description for example product 270.</DESCRIPTION>
      <URL>https://example.com/product-270</URL>
      <IMGURL>https://example.com/images/product-270.jpg</IMGURL>
      <PRICE_VAT>12.59</PRICE_VAT>
      <MANUFACTURER>ExampleBrand 270</MANUFACTURER>
      <CATEGORYTEXT>Main Category | Subcategory 270</CATEGORYTEXT>
      <EAN>4721287428261</EAN>
      <DELIVERY_DATE>3</DELIVERY_DATE>
    </SHOPITEM>

    <SHOPITEM>
      <ITEM_ID>271</ITEM_ID>
      <PRODUCTNAME>Example Product 271</PRODUCTNAME>
      <PRODUCT>Category 271</PRODUCT>
      <DESCRIPTION>Description for example product 271.</DESCRIPTION>
      <URL>https://example.com/product-271</URL>
      <IMGURL>https://example.com/images/product-271.jpg</IMGURL>
      <PRICE_VAT>79.31</PRICE_VAT>
      <MANUFACTURER>ExampleBrand 271</MANUFACTURER>
      <CATEGORYTEXT>Main Category | Subcategory 271</CATEGORYTEXT>
      <EAN>8114583558785</EAN>
      <DELIVERY_DATE>3</DELIVERY_DATE>
    </SHOPITEM>

    <SHOPITEM>
      <ITEM_ID>272</ITEM_ID>
      <PRODUCTNAME>Example Product 272</PRODUCTNAME>
      <PRODUCT>Category 272</PRODUCT>
      <DESCRIPTION>Description for example product 272.</DESCRIPTION>
      <URL>https://example.com/product-272</URL>
      <IMGURL>https://example.com/images/product-272.jpg</IMGURL>
      <PRICE_VAT>69.00</PRICE_VAT>
      <MANUFACTURER>ExampleBrand 272</MANUFACTURER>
      <CATEGORYTEXT>Main Category | Subcategory 272</CATEGORYTEXT>
      <EAN>4852360969102</EAN>
      <DELIVERY_DATE>4</DELIVERY_DATE>
    </SHOPITEM>

    <SHOPITEM>
      <ITEM_ID>273</ITEM_ID>
      <PRODUCTNAME>Example Product 273</PRODUCTNAME>
      <PRODUCT>Category 273</PRODUCT>
      <DESCRIPTION>Description for example product 273.</DESCRIPTION>
      <URL>https://example.com/product-273</URL>
      <IMGURL>https://example.com/images/product-273.jpg</IMGURL>
      <PRICE_VAT>10.80</PRICE_VAT>
      <MANUFACTURER>ExampleBrand 273</MANUFACTURER>
      <CATEGORYTEXT>Main Category | Subcategory 273</CATEGORYTEXT>
      <EAN>3307070940026</EAN>
      <DELIVERY_DATE>4</DELIVERY_DATE>
    </SHOPITEM>

    <SHOPITEM>
      <ITEM_ID>274</ITEM_ID>
      <PRODUCTNAME>Example Product 274</PRODUCTNAME>
      <PRODUCT>Category 274</PRODUCT>
      <DESCRIPTION>Description for example product 274.</DESCRIPTION>
      <URL>https://example.com/product-274</URL>
      <IMGURL>https://example.com/images/product-274.jpg</IMGURL>
      <PRICE_VAT>70.27</PRICE_VAT>
      <MANUFACTURER>ExampleBrand 274</MANUFACTURER>
      <CATEGORYTEXT>Main Category | Subcategory 274</CATEGORYTEXT>
      <EAN>7504985238565</EAN>
      <DELIVERY_DATE>4</DELIVERY_DATE>
    </SHOPITEM>

    <SHOPITEM>
      <ITEM_ID>275</ITEM_ID>
      <PRODUCTNAME>Example Product 275</PRODUCTNAME>
      <PRODUCT>Category 275</PRODUCT>
      <DESCRIPTION>Description for example product 275.</DESCRIPTION>
      <URL>https://example.com/product-275</URL>
      <IMGURL>https://example.com/images/product-275.jpg</IMGURL>
      <PRICE_VAT>95.70</PRICE_VAT>
      <MANUFACTURER>ExampleBrand 275</MANUFACTURER>
      <CATEGORYTEXT>Main Category | Subcategory 275</CATEGORYTEXT>
      <EAN>2741562649541</EAN>
      <DELIVERY_DATE>5</DELIVERY_DATE>
    </SHOPITEM>

    <SHOPITEM>
      <ITEM_ID>276</ITEM_ID>
      <PRODUCTNAME>Example Product 276</PRODUCTNAME>
      <PRODUCT>Category 276</PRODUCT>
      <DESCRIPTION>Description for example product 276.</DESCRIPTION>
      <URL>https://example.com/product-276</URL>
      <IMGURL>https://example.com/images/product-276.jpg</IMGURL>
      <PRICE_VAT>54.95</PRICE_VAT>
      <MANUFACTURER>ExampleBrand 276</MANUFACTURER>
      <CATEGORYTEXT>Main Category | Subcategory 276</CATEGORYTEXT>
      <EAN>7068388263092</EAN>
      <DELIVERY_DATE>3</DELIVERY_DATE>
    </SHOPITEM>

    <SHOPITEM>
      <ITEM_ID>277</ITEM_ID>
      <PRODUCTNAME>Example Product 277</PRODUCTNAME>
      <PRODUCT>Category 277</PRODUCT>
      <DESCRIPTION>Description for example product 277.</DESCRIPTION>
      <URL>https://example.com/product-277</URL>
      <IMGURL>https://example.com/images/product-277.jpg</IMGURL>
      <PRICE_VAT>79.46</PRICE_VAT>
      <MANUFACTURER>ExampleBrand 277</MANUFACTURER>
      <CATEGORYTEXT>Main Category | Subcategory 277</CATEGORYTEXT>
      <EAN>7041693054768</EAN>
      <DELIVERY_DATE>5</DELIVERY_DATE>
    </SHOPITEM>

    <SHOPITEM>
      <ITEM_ID>278</ITEM_ID>
      <PRODUCTNAME>Example Product 278</PRODUCTNAME>
      <PRODUCT>Category 278</PRODUCT>
      <DESCRIPTION>Description for example product 278.</DESCRIPTION>
      <URL>https://example.com/product-278</URL>
      <IMGURL>https://example.com/images/product-278.jpg</IMGURL>
      <PRICE_VAT>26.44</PRICE_VAT>
      <MANUFACTURER>ExampleBrand 278</MANUFACTURER>
      <CATEGORYTEXT>Main Category | Subcategory 278</CATEGORYTEXT>
      <EAN>3365979323175</EAN>
      <DELIVERY_DATE>3</DELIVERY_DATE>
    </SHOPITEM>

    <SHOPITEM>
      <ITEM_ID>279</ITEM_ID>
      <PRODUCTNAME>Example Product 279</PRODUCTNAME>
      <PRODUCT>Category 279</PRODUCT>
      <DESCRIPTION>Description for example product 279.</DESCRIPTION>
      <URL>https://example.com/product-279</URL>
      <IMGURL>https://example.com/images/product-279.jpg</IMGURL>
      <PRICE_VAT>19.80</PRICE_VAT>
      <MANUFACTURER>ExampleBrand 279</MANUFACTURER>
      <CATEGORYTEXT>Main Category | Subcategory 279</CATEGORYTEXT>
      <EAN>3055073721564</EAN>
      <DELIVERY_DATE>2</DELIVERY_DATE>
    </SHOPITEM>

    <SHOPITEM>
      <ITEM_ID>280</ITEM_ID>
      <PRODUCTNAME>Example Product 280</PRODUCTNAME>
      <PRODUCT>Category 280</PRODUCT>
      <DESCRIPTION>Description for example product 280.</DESCRIPTION>
      <URL>https://example.com/product-280</URL>
      <IMGURL>https://example.com/images/product-280.jpg</IMGURL>
      <PRICE_VAT>60.83</PRICE_VAT>
      <MANUFACTURER>ExampleBrand 280</MANUFACTURER>
      <CATEGORYTEXT>Main Category | Subcategory 280</CATEGORYTEXT>
      <EAN>8157367581665</EAN>
      <DELIVERY_DATE>1</DELIVERY_DATE>
    </SHOPITEM>

    <SHOPITEM>
      <ITEM_ID>281</ITEM_ID>
      <PRODUCTNAME>Example Product 281</PRODUCTNAME>
      <PRODUCT>Category 281</PRODUCT>
      <DESCRIPTION>Description for example product 281.</DESCRIPTION>
      <URL>https://example.com/product-281</URL>
      <IMGURL>https://example.com/images/product-281.jpg</IMGURL>
      <PRICE_VAT>43.26</PRICE_VAT>
      <MANUFACTURER>ExampleBrand 281</MANUFACTURER>
      <CATEGORYTEXT>Main Category | Subcategory 281</CATEGORYTEXT>
      <EAN>8180930820111</EAN>
      <DELIVERY_DATE>3</DELIVERY_DATE>
    </SHOPITEM>

    <SHOPITEM>
      <ITEM_ID>282</ITEM_ID>
      <PRODUCTNAME>Example Product 282</PRODUCTNAME>
      <PRODUCT>Category 282</PRODUCT>
      <DESCRIPTION>Description for example product 282.</DESCRIPTION>
      <URL>https://example.com/product-282</URL>
      <IMGURL>https://example.com/images/product-282.jpg</IMGURL>
      <PRICE_VAT>15.50</PRICE_VAT>
      <MANUFACTURER>ExampleBrand 282</MANUFACTURER>
      <CATEGORYTEXT>Main Category | Subcategory 282</CATEGORYTEXT>
      <EAN>4341702041850</EAN>
      <DELIVERY_DATE>2</DELIVERY_DATE>
    </SHOPITEM>

    <SHOPITEM>
      <ITEM_ID>283</ITEM_ID>
      <PRODUCTNAME>Example Product 283</PRODUCTNAME>
      <PRODUCT>Category 283</PRODUCT>
      <DESCRIPTION>Description for example product 283.</DESCRIPTION>
      <URL>https://example.com/product-283</URL>
      <IMGURL>https://example.com/images/product-283.jpg</IMGURL>
      <PRICE_VAT>12.74</PRICE_VAT>
      <MANUFACTURER>ExampleBrand 283</MANUFACTURER>
      <CATEGORYTEXT>Main Category | Subcategory 283</CATEGORYTEXT>
      <EAN>8884356239146</EAN>
      <DELIVERY_DATE>2</DELIVERY_DATE>
    </SHOPITEM>

    <SHOPITEM>
      <ITEM_ID>284</ITEM_ID>
      <PRODUCTNAME>Example Product 284</PRODUCTNAME>
      <PRODUCT>Category 284</PRODUCT>
      <DESCRIPTION>Description for example product 284.</DESCRIPTION>
      <URL>https://example.com/product-284</URL>
      <IMGURL>https://example.com/images/product-284.jpg</IMGURL>
      <PRICE_VAT>62.63</PRICE_VAT>
      <MANUFACTURER>ExampleBrand 284</MANUFACTURER>
      <CATEGORYTEXT>Main Category | Subcategory 284</CATEGORYTEXT>
      <EAN>6487602642000</EAN>
      <DELIVERY_DATE>3</DELIVERY_DATE>
    </SHOPITEM>

    <SHOPITEM>
      <ITEM_ID>285</ITEM_ID>
      <PRODUCTNAME>Example Product 285</PRODUCTNAME>
      <PRODUCT>Category 285</PRODUCT>
      <DESCRIPTION>Description for example product 285.</DESCRIPTION>
      <URL>https://example.com/product-285</URL>
      <IMGURL>https://example.com/images/product-285.jpg</IMGURL>
      <PRICE_VAT>56.52</PRICE_VAT>
      <MANUFACTURER>ExampleBrand 285</MANUFACTURER>
      <CATEGORYTEXT>Main Category | Subcategory 285</CATEGORYTEXT>
      <EAN>2359789710811</EAN>
      <DELIVERY_DATE>4</DELIVERY_DATE>
    </SHOPITEM>

    <SHOPITEM>
      <ITEM_ID>286</ITEM_ID>
      <PRODUCTNAME>Example Product 286</PRODUCTNAME>
      <PRODUCT>Category 286</PRODUCT>
      <DESCRIPTION>Description for example product 286.</DESCRIPTION>
      <URL>https://example.com/product-286</URL>
      <IMGURL>https://example.com/images/product-286.jpg</IMGURL>
      <PRICE_VAT>73.88</PRICE_VAT>
      <MANUFACTURER>ExampleBrand 286</MANUFACTURER>
      <CATEGORYTEXT>Main Category | Subcategory 286</CATEGORYTEXT>
      <EAN>7041149611426</EAN>
      <DELIVERY_DATE>2</DELIVERY_DATE>
    </SHOPITEM>

    <SHOPITEM>
      <ITEM_ID>287</ITEM_ID>
      <PRODUCTNAME>Example Product 287</PRODUCTNAME>
      <PRODUCT>Category 287</PRODUCT>
      <DESCRIPTION>Description for example product 287.</DESCRIPTION>
      <URL>https://example.com/product-287</URL>
      <IMGURL>https://example.com/images/product-287.jpg</IMGURL>
      <PRICE_VAT>70.14</PRICE_VAT>
      <MANUFACTURER>ExampleBrand 287</MANUFACTURER>
      <CATEGORYTEXT>Main Category | Subcategory 287</CATEGORYTEXT>
      <EAN>8130452247951</EAN>
      <DELIVERY_DATE>2</DELIVERY_DATE>
    </SHOPITEM>

    <SHOPITEM>
      <ITEM_ID>288</ITEM_ID>
      <PRODUCTNAME>Example Product 288</PRODUCTNAME>
      <PRODUCT>Category 288</PRODUCT>
      <DESCRIPTION>Description for example product 288.</DESCRIPTION>
      <URL>https://example.com/product-288</URL>
      <IMGURL>https://example.com/images/product-288.jpg</IMGURL>
      <PRICE_VAT>45.11</PRICE_VAT>
      <MANUFACTURER>ExampleBrand 288</MANUFACTURER>
      <CATEGORYTEXT>Main Category | Subcategory 288</CATEGORYTEXT>
      <EAN>8474208845053</EAN>
      <DELIVERY_DATE>3</DELIVERY_DATE>
    </SHOPITEM>

    <SHOPITEM>
      <ITEM_ID>289</ITEM_ID>
      <PRODUCTNAME>Example Product 289</PRODUCTNAME>
      <PRODUCT>Category 289</PRODUCT>
      <DESCRIPTION>Description for example product 289.</DESCRIPTION>
      <URL>https://example.com/product-289</URL>
      <IMGURL>https://example.com/images/product-289.jpg</IMGURL>
      <PRICE_VAT>80.02</PRICE_VAT>
      <MANUFACTURER>ExampleBrand 289</MANUFACTURER>
      <CATEGORYTEXT>Main Category | Subcategory 289</CATEGORYTEXT>
      <EAN>6711664243666</EAN>
      <DELIVERY_DATE>4</DELIVERY_DATE>
    </SHOPITEM>

    <SHOPITEM>
      <ITEM_ID>290</ITEM_ID>
      <PRODUCTNAME>Example Product 290</PRODUCTNAME>
      <PRODUCT>Category 290</PRODUCT>
      <DESCRIPTION>Description for example product 290.</DESCRIPTION>
      <URL>https://example.com/product-290</URL>
      <IMGURL>https://example.com/images/product-290.jpg</IMGURL>
      <PRICE_VAT>19.15</PRICE_VAT>
      <MANUFACTURER>ExampleBrand 290</MANUFACTURER>
      <CATEGORYTEXT>Main Category | Subcategory 290</CATEGORYTEXT>
      <EAN>3583591533654</EAN>
      <DELIVERY_DATE>3</DELIVERY_DATE>
    </SHOPITEM>

    <SHOPITEM>
      <ITEM_ID>291</ITEM_ID>
      <PRODUCTNAME>Example Product 291</PRODUCTNAME>
      <PRODUCT>Category 291</PRODUCT>
      <DESCRIPTION>Description for example product 291.</DESCRIPTION>
      <URL>https://example.com/product-291</URL>
      <IMGURL>https://example.com/images/product-291.jpg</IMGURL>
      <PRICE_VAT>15.86</PRICE_VAT>
      <MANUFACTURER>ExampleBrand 291</MANUFACTURER>
      <CATEGORYTEXT>Main Category | Subcategory 291</CATEGORYTEXT>
      <EAN>6169186208040</EAN>
      <DELIVERY_DATE>5</DELIVERY_DATE>
    </SHOPITEM>

    <SHOPITEM>
      <ITEM_ID>292</ITEM_ID>
      <PRODUCTNAME>Example Product 292</PRODUCTNAME>
      <PRODUCT>Category 292</PRODUCT>
      <DESCRIPTION>Description for example product 292.</DESCRIPTION>
      <URL>https://example.com/product-292</URL>
      <IMGURL>https://example.com/images/product-292.jpg</IMGURL>
      <PRICE_VAT>41.56</PRICE_VAT>
      <MANUFACTURER>ExampleBrand 292</MANUFACTURER>
      <CATEGORYTEXT>Main Category | Subcategory 292</CATEGORYTEXT>
      <EAN>7639527352182</EAN>
      <DELIVERY_DATE>2</DELIVERY_DATE>
    </SHOPITEM>

    <SHOPITEM>
      <ITEM_ID>293</ITEM_ID>
      <PRODUCTNAME>Example Product 293</PRODUCTNAME>
      <PRODUCT>Category 293</PRODUCT>
      <DESCRIPTION>Description for example product 293.</DESCRIPTION>
      <URL>https://example.com/product-293</URL>
      <IMGURL>https://example.com/images/product-293.jpg</IMGURL>
      <PRICE_VAT>97.14</PRICE_VAT>
      <MANUFACTURER>ExampleBrand 293</MANUFACTURER>
      <CATEGORYTEXT>Main Category | Subcategory 293</CATEGORYTEXT>
      <EAN>6728258642653</EAN>
      <DELIVERY_DATE>1</DELIVERY_DATE>
    </SHOPITEM>

    <SHOPITEM>
      <ITEM_ID>294</ITEM_ID>
      <PRODUCTNAME>Example Product 294</PRODUCTNAME>
      <PRODUCT>Category 294</PRODUCT>
      <DESCRIPTION>Description for example product 294.</DESCRIPTION>
      <URL>https://example.com/product-294</URL>
      <IMGURL>https://example.com/images/product-294.jpg</IMGURL>
      <PRICE_VAT>89.31</PRICE_VAT>
      <MANUFACTURER>ExampleBrand 294</MANUFACTURER>
      <CATEGORYTEXT>Main Category | Subcategory 294</CATEGORYTEXT>
      <EAN>4133818549739</EAN>
      <DELIVERY_DATE>1</DELIVERY_DATE>
    </SHOPITEM>

    <SHOPITEM>
      <ITEM_ID>295</ITEM_ID>
      <PRODUCTNAME>Example Product 295</PRODUCTNAME>
      <PRODUCT>Category 295</PRODUCT>
      <DESCRIPTION>Description for example product 295.</DESCRIPTION>
      <URL>https://example.com/product-295</URL>
      <IMGURL>https://example.com/images/product-295.jpg</IMGURL>
      <PRICE_VAT>60.00</PRICE_VAT>
      <MANUFACTURER>ExampleBrand 295</MANUFACTURER>
      <CATEGORYTEXT>Main Category | Subcategory 295</CATEGORYTEXT>
      <EAN>3925809278215</EAN>
      <DELIVERY_DATE>1</DELIVERY_DATE>
    </SHOPITEM>

    <SHOPITEM>
      <ITEM_ID>296</ITEM_ID>
      <PRODUCTNAME>Example Product 296</PRODUCTNAME>
      <PRODUCT>Category 296</PRODUCT>
      <DESCRIPTION>Description for example product 296.</DESCRIPTION>
      <URL>https://example.com/product-296</URL>
      <IMGURL>https://example.com/images/product-296.jpg</IMGURL>
      <PRICE_VAT>38.92</PRICE_VAT>
      <MANUFACTURER>ExampleBrand 296</MANUFACTURER>
      <CATEGORYTEXT>Main Category | Subcategory 296</CATEGORYTEXT>
      <EAN>5791995985837</EAN>
      <DELIVERY_DATE>2</DELIVERY_DATE>
    </SHOPITEM>

    <SHOPITEM>
      <ITEM_ID>297</ITEM_ID>
      <PRODUCTNAME>Example Product 297</PRODUCTNAME>
      <PRODUCT>Category 297</PRODUCT>
      <DESCRIPTION>Description for example product 297.</DESCRIPTION>
      <URL>https://example.com/product-297</URL>
      <IMGURL>https://example.com/images/product-297.jpg</IMGURL>
      <PRICE_VAT>12.66</PRICE_VAT>
      <MANUFACTURER>ExampleBrand 297</MANUFACTURER>
      <CATEGORYTEXT>Main Category | Subcategory 297</CATEGORYTEXT>
      <EAN>8653193794116</EAN>
      <DELIVERY_DATE>1</DELIVERY_DATE>
    </SHOPITEM>

    <SHOPITEM>
      <ITEM_ID>298</ITEM_ID>
      <PRODUCTNAME>Example Product 298</PRODUCTNAME>
      <PRODUCT>Category 298</PRODUCT>
      <DESCRIPTION>Description for example product 298.</DESCRIPTION>
      <URL>https://example.com/product-298</URL>
      <IMGURL>https://example.com/images/product-298.jpg</IMGURL>
      <PRICE_VAT>24.37</PRICE_VAT>
      <MANUFACTURER>ExampleBrand 298</MANUFACTURER>
      <CATEGORYTEXT>Main Category | Subcategory 298</CATEGORYTEXT>
      <EAN>6005710829762</EAN>
      <DELIVERY_DATE>1</DELIVERY_DATE>
    </SHOPITEM>

    <SHOPITEM>
      <ITEM_ID>299</ITEM_ID>
      <PRODUCTNAME>Example Product 299</PRODUCTNAME>
      <PRODUCT>Category 299</PRODUCT>
      <DESCRIPTION>Description for example product 299.</DESCRIPTION>
      <URL>https://example.com/product-299</URL>
      <IMGURL>https://example.com/images/product-299.jpg</IMGURL>
      <PRICE_VAT>58.62</PRICE_VAT>
      <MANUFACTURER>ExampleBrand 299</MANUFACTURER>
      <CATEGORYTEXT>Main Category | Subcategory 299</CATEGORYTEXT>
      <EAN>5290764063630</EAN>
      <DELIVERY_DATE>5</DELIVERY_DATE>
    </SHOPITEM>

    <SHOPITEM>
      <ITEM_ID>300</ITEM_ID>
      <PRODUCTNAME>Example Product 300</PRODUCTNAME>
      <PRODUCT>Category 300</PRODUCT>
      <DESCRIPTION>Description for example product 300.</DESCRIPTION>
      <URL>https://example.com/product-300</URL>
      <IMGURL>https://example.com/images/product-300.jpg</IMGURL>
      <PRICE_VAT>82.62</PRICE_VAT>
      <MANUFACTURER>ExampleBrand 300</MANUFACTURER>
      <CATEGORYTEXT>Main Category | Subcategory 300</CATEGORYTEXT>
      <EAN>6105941660765</EAN>
      <DELIVERY_DATE>1</DELIVERY_DATE>
    </SHOPITEM>

    <SHOPITEM>
      <ITEM_ID>301</ITEM_ID>
      <PRODUCTNAME>Example Product 301</PRODUCTNAME>
      <PRODUCT>Category 301</PRODUCT>
      <DESCRIPTION>Description for example product 301.</DESCRIPTION>
      <URL>https://example.com/product-301</URL>
      <IMGURL>https://example.com/images/product-301.jpg</IMGURL>
      <PRICE_VAT>49.17</PRICE_VAT>
      <MANUFACTURER>ExampleBrand 301</MANUFACTURER>
      <CATEGORYTEXT>Main Category | Subcategory 301</CATEGORYTEXT>
      <EAN>4347283300762</EAN>
      <DELIVERY_DATE>1</DELIVERY_DATE>
    </SHOPITEM>

    <SHOPITEM>
      <ITEM_ID>302</ITEM_ID>
      <PRODUCTNAME>Example Product 302</PRODUCTNAME>
      <PRODUCT>Category 302</PRODUCT>
      <DESCRIPTION>Description for example product 302.</DESCRIPTION>
      <URL>https://example.com/product-302</URL>
      <IMGURL>https://example.com/images/product-302.jpg</IMGURL>
      <PRICE_VAT>56.38</PRICE_VAT>
      <MANUFACTURER>ExampleBrand 302</MANUFACTURER>
      <CATEGORYTEXT>Main Category | Subcategory 302</CATEGORYTEXT>
      <EAN>1198385538000</EAN>
      <DELIVERY_DATE>5</DELIVERY_DATE>
    </SHOPITEM>

    <SHOPITEM>
      <ITEM_ID>303</ITEM_ID>
      <PRODUCTNAME>Example Product 303</PRODUCTNAME>
      <PRODUCT>Category 303</PRODUCT>
      <DESCRIPTION>Description for example product 303.</DESCRIPTION>
      <URL>https://example.com/product-303</URL>
      <IMGURL>https://example.com/images/product-303.jpg</IMGURL>
      <PRICE_VAT>51.37</PRICE_VAT>
      <MANUFACTURER>ExampleBrand 303</MANUFACTURER>
      <CATEGORYTEXT>Main Category | Subcategory 303</CATEGORYTEXT>
      <EAN>1802450794821</EAN>
      <DELIVERY_DATE>3</DELIVERY_DATE>
    </SHOPITEM>

    <SHOPITEM>
      <ITEM_ID>304</ITEM_ID>
      <PRODUCTNAME>Example Product 304</PRODUCTNAME>
      <PRODUCT>Category 304</PRODUCT>
      <DESCRIPTION>Description for example product 304.</DESCRIPTION>
      <URL>https://example.com/product-304</URL>
      <IMGURL>https://example.com/images/product-304.jpg</IMGURL>
      <PRICE_VAT>76.84</PRICE_VAT>
      <MANUFACTURER>ExampleBrand 304</MANUFACTURER>
      <CATEGORYTEXT>Main Category | Subcategory 304</CATEGORYTEXT>
      <EAN>3220689292801</EAN>
      <DELIVERY_DATE>1</DELIVERY_DATE>
    </SHOPITEM>

    <SHOPITEM>
      <ITEM_ID>305</ITEM_ID>
      <PRODUCTNAME>Example Product 305</PRODUCTNAME>
      <PRODUCT>Category 305</PRODUCT>
      <DESCRIPTION>Description for example product 305.</DESCRIPTION>
      <URL>https://example.com/product-305</URL>
      <IMGURL>https://example.com/images/product-305.jpg</IMGURL>
      <PRICE_VAT>9.54</PRICE_VAT>
      <MANUFACTURER>ExampleBrand 305</MANUFACTURER>
      <CATEGORYTEXT>Main Category | Subcategory 305</CATEGORYTEXT>
      <EAN>4654396407254</EAN>
      <DELIVERY_DATE>5</DELIVERY_DATE>
    </SHOPITEM>

    <SHOPITEM>
      <ITEM_ID>306</ITEM_ID>
      <PRODUCTNAME>Example Product 306</PRODUCTNAME>
      <PRODUCT>Category 306</PRODUCT>
      <DESCRIPTION>Description for example product 306.</DESCRIPTION>
      <URL>https://example.com/product-306</URL>
      <IMGURL>https://example.com/images/product-306.jpg</IMGURL>
      <PRICE_VAT>39.72</PRICE_VAT>
      <MANUFACTURER>ExampleBrand 306</MANUFACTURER>
      <CATEGORYTEXT>Main Category | Subcategory 306</CATEGORYTEXT>
      <EAN>2022324630254</EAN>
      <DELIVERY_DATE>1</DELIVERY_DATE>
    </SHOPITEM>

    <SHOPITEM>
      <ITEM_ID>307</ITEM_ID>
      <PRODUCTNAME>Example Product 307</PRODUCTNAME>
      <PRODUCT>Category 307</PRODUCT>
      <DESCRIPTION>Description for example product 307.</DESCRIPTION>
      <URL>https://example.com/product-307</URL>
      <IMGURL>https://example.com/images/product-307.jpg</IMGURL>
      <PRICE_VAT>67.88</PRICE_VAT>
      <MANUFACTURER>ExampleBrand 307</MANUFACTURER>
      <CATEGORYTEXT>Main Category | Subcategory 307</CATEGORYTEXT>
      <EAN>3435036978850</EAN>
      <DELIVERY_DATE>1</DELIVERY_DATE>
    </SHOPITEM>

    <SHOPITEM>
      <ITEM_ID>308</ITEM_ID>
      <PRODUCTNAME>Example Product 308</PRODUCTNAME>
      <PRODUCT>Category 308</PRODUCT>
      <DESCRIPTION>Description for example product 308.</DESCRIPTION>
      <URL>https://example.com/product-308</URL>
      <IMGURL>https://example.com/images/product-308.jpg</IMGURL>
      <PRICE_VAT>39.09</PRICE_VAT>
      <MANUFACTURER>ExampleBrand 308</MANUFACTURER>
      <CATEGORYTEXT>Main Category | Subcategory 308</CATEGORYTEXT>
      <EAN>6851785909068</EAN>
      <DELIVERY_DATE>2</DELIVERY_DATE>
    </SHOPITEM>

    <SHOPITEM>
      <ITEM_ID>309</ITEM_ID>
      <PRODUCTNAME>Example Product 309</PRODUCTNAME>
      <PRODUCT>Category 309</PRODUCT>
      <DESCRIPTION>Description for example product 309.</DESCRIPTION>
      <URL>https://example.com/product-309</URL>
      <IMGURL>https://example.com/images/product-309.jpg</IMGURL>
      <PRICE_VAT>13.35</PRICE_VAT>
      <MANUFACTURER>ExampleBrand 309</MANUFACTURER>
      <CATEGORYTEXT>Main Category | Subcategory 309</CATEGORYTEXT>
      <EAN>1308998373065</EAN>
      <DELIVERY_DATE>1</DELIVERY_DATE>
    </SHOPITEM>

    <SHOPITEM>
      <ITEM_ID>310</ITEM_ID>
      <PRODUCTNAME>Example Product 310</PRODUCTNAME>
      <PRODUCT>Category 310</PRODUCT>
      <DESCRIPTION>Description for example product 310.</DESCRIPTION>
      <URL>https://example.com/product-310</URL>
      <IMGURL>https://example.com/images/product-310.jpg</IMGURL>
      <PRICE_VAT>52.90</PRICE_VAT>
      <MANUFACTURER>ExampleBrand 310</MANUFACTURER>
      <CATEGORYTEXT>Main Category | Subcategory 310</CATEGORYTEXT>
      <EAN>8870502975013</EAN>
      <DELIVERY_DATE>2</DELIVERY_DATE>
    </SHOPITEM>

    <SHOPITEM>
      <ITEM_ID>311</ITEM_ID>
      <PRODUCTNAME>Example Product 311</PRODUCTNAME>
      <PRODUCT>Category 311</PRODUCT>
      <DESCRIPTION>Description for example product 311.</DESCRIPTION>
      <URL>https://example.com/product-311</URL>
      <IMGURL>https://example.com/images/product-311.jpg</IMGURL>
      <PRICE_VAT>11.34</PRICE_VAT>
      <MANUFACTURER>ExampleBrand 311</MANUFACTURER>
      <CATEGORYTEXT>Main Category | Subcategory 311</CATEGORYTEXT>
      <EAN>2262040909827</EAN>
      <DELIVERY_DATE>2</DELIVERY_DATE>
    </SHOPITEM>

    <SHOPITEM>
      <ITEM_ID>312</ITEM_ID>
      <PRODUCTNAME>Example Product 312</PRODUCTNAME>
      <PRODUCT>Category 312</PRODUCT>
      <DESCRIPTION>Description for example product 312.</DESCRIPTION>
      <URL>https://example.com/product-312</URL>
      <IMGURL>https://example.com/images/product-312.jpg</IMGURL>
      <PRICE_VAT>35.95</PRICE_VAT>
      <MANUFACTURER>ExampleBrand 312</MANUFACTURER>
      <CATEGORYTEXT>Main Category | Subcategory 312</CATEGORYTEXT>
      <EAN>3371321954078</EAN>
      <DELIVERY_DATE>1</DELIVERY_DATE>
    </SHOPITEM>

    <SHOPITEM>
      <ITEM_ID>313</ITEM_ID>
      <PRODUCTNAME>Example Product 313</PRODUCTNAME>
      <PRODUCT>Category 313</PRODUCT>
      <DESCRIPTION>Description for example product 313.</DESCRIPTION>
      <URL>https://example.com/product-313</URL>
      <IMGURL>https://example.com/images/product-313.jpg</IMGURL>
      <PRICE_VAT>88.43</PRICE_VAT>
      <MANUFACTURER>ExampleBrand 313</MANUFACTURER>
      <CATEGORYTEXT>Main Category | Subcategory 313</CATEGORYTEXT>
      <EAN>4305262038345</EAN>
      <DELIVERY_DATE>2</DELIVERY_DATE>
    </SHOPITEM>

    <SHOPITEM>
      <ITEM_ID>314</ITEM_ID>
      <PRODUCTNAME>Example Product 314</PRODUCTNAME>
      <PRODUCT>Category 314</PRODUCT>
      <DESCRIPTION>Description for example product 314.</DESCRIPTION>
      <URL>https://example.com/product-314</URL>
      <IMGURL>https://example.com/images/product-314.jpg</IMGURL>
      <PRICE_VAT>26.69</PRICE_VAT>
      <MANUFACTURER>ExampleBrand 314</MANUFACTURER>
      <CATEGORYTEXT>Main Category | Subcategory 314</CATEGORYTEXT>
      <EAN>5482794181726</EAN>
      <DELIVERY_DATE>1</DELIVERY_DATE>
    </SHOPITEM>

    <SHOPITEM>
      <ITEM_ID>315</ITEM_ID>
      <PRODUCTNAME>Example Product 315</PRODUCTNAME>
      <PRODUCT>Category 315</PRODUCT>
      <DESCRIPTION>Description for example product 315.</DESCRIPTION>
      <URL>https://example.com/product-315</URL>
      <IMGURL>https://example.com/images/product-315.jpg</IMGURL>
      <PRICE_VAT>21.12</PRICE_VAT>
      <MANUFACTURER>ExampleBrand 315</MANUFACTURER>
      <CATEGORYTEXT>Main Category | Subcategory 315</CATEGORYTEXT>
      <EAN>9563451109090</EAN>
      <DELIVERY_DATE>1</DELIVERY_DATE>
    </SHOPITEM>

    <SHOPITEM>
      <ITEM_ID>316</ITEM_ID>
      <PRODUCTNAME>Example Product 316</PRODUCTNAME>
      <PRODUCT>Category 316</PRODUCT>
      <DESCRIPTION>Description for example product 316.</DESCRIPTION>
      <URL>https://example.com/product-316</URL>
      <IMGURL>https://example.com/images/product-316.jpg</IMGURL>
      <PRICE_VAT>68.34</PRICE_VAT>
      <MANUFACTURER>ExampleBrand 316</MANUFACTURER>
      <CATEGORYTEXT>Main Category | Subcategory 316</CATEGORYTEXT>
      <EAN>7822733439079</EAN>
      <DELIVERY_DATE>3</DELIVERY_DATE>
    </SHOPITEM>

    <SHOPITEM>
      <ITEM_ID>317</ITEM_ID>
      <PRODUCTNAME>Example Product 317</PRODUCTNAME>
      <PRODUCT>Category 317</PRODUCT>
      <DESCRIPTION>Description for example product 317.</DESCRIPTION>
      <URL>https://example.com/product-317</URL>
      <IMGURL>https://example.com/images/product-317.jpg</IMGURL>
      <PRICE_VAT>62.24</PRICE_VAT>
      <MANUFACTURER>ExampleBrand 317</MANUFACTURER>
      <CATEGORYTEXT>Main Category | Subcategory 317</CATEGORYTEXT>
      <EAN>7780334522761</EAN>
      <DELIVERY_DATE>2</DELIVERY_DATE>
    </SHOPITEM>

    <SHOPITEM>
      <ITEM_ID>318</ITEM_ID>
      <PRODUCTNAME>Example Product 318</PRODUCTNAME>
      <PRODUCT>Category 318</PRODUCT>
      <DESCRIPTION>Description for example product 318.</DESCRIPTION>
      <URL>https://example.com/product-318</URL>
      <IMGURL>https://example.com/images/product-318.jpg</IMGURL>
      <PRICE_VAT>38.48</PRICE_VAT>
      <MANUFACTURER>ExampleBrand 318</MANUFACTURER>
      <CATEGORYTEXT>Main Category | Subcategory 318</CATEGORYTEXT>
      <EAN>5594529094385</EAN>
      <DELIVERY_DATE>5</DELIVERY_DATE>
    </SHOPITEM>

    <SHOPITEM>
      <ITEM_ID>319</ITEM_ID>
      <PRODUCTNAME>Example Product 319</PRODUCTNAME>
      <PRODUCT>Category 319</PRODUCT>
      <DESCRIPTION>Description for example product 319.</DESCRIPTION>
      <URL>https://example.com/product-319</URL>
      <IMGURL>https://example.com/images/product-319.jpg</IMGURL>
      <PRICE_VAT>94.58</PRICE_VAT>
      <MANUFACTURER>ExampleBrand 319</MANUFACTURER>
      <CATEGORYTEXT>Main Category | Subcategory 319</CATEGORYTEXT>
      <EAN>3564590132505</EAN>
      <DELIVERY_DATE>4</DELIVERY_DATE>
    </SHOPITEM>

    <SHOPITEM>
      <ITEM_ID>320</ITEM_ID>
      <PRODUCTNAME>Example Product 320</PRODUCTNAME>
      <PRODUCT>Category 320</PRODUCT>
      <DESCRIPTION>Description for example product 320.</DESCRIPTION>
      <URL>https://example.com/product-320</URL>
      <IMGURL>https://example.com/images/product-320.jpg</IMGURL>
      <PRICE_VAT>10.23</PRICE_VAT>
      <MANUFACTURER>ExampleBrand 320</MANUFACTURER>
      <CATEGORYTEXT>Main Category | Subcategory 320</CATEGORYTEXT>
      <EAN>6412033897433</EAN>
      <DELIVERY_DATE>2</DELIVERY_DATE>
    </SHOPITEM>

    <SHOPITEM>
      <ITEM_ID>321</ITEM_ID>
      <PRODUCTNAME>Example Product 321</PRODUCTNAME>
      <PRODUCT>Category 321</PRODUCT>
      <DESCRIPTION>Description for example product 321.</DESCRIPTION>
      <URL>https://example.com/product-321</URL>
      <IMGURL>https://example.com/images/product-321.jpg</IMGURL>
      <PRICE_VAT>55.53</PRICE_VAT>
      <MANUFACTURER>ExampleBrand 321</MANUFACTURER>
      <CATEGORYTEXT>Main Category | Subcategory 321</CATEGORYTEXT>
      <EAN>6765253232984</EAN>
      <DELIVERY_DATE>3</DELIVERY_DATE>
    </SHOPITEM>

    <SHOPITEM>
      <ITEM_ID>322</ITEM_ID>
      <PRODUCTNAME>Example Product 322</PRODUCTNAME>
      <PRODUCT>Category 322</PRODUCT>
      <DESCRIPTION>Description for example product 322.</DESCRIPTION>
      <URL>https://example.com/product-322</URL>
      <IMGURL>https://example.com/images/product-322.jpg</IMGURL>
      <PRICE_VAT>34.32</PRICE_VAT>
      <MANUFACTURER>ExampleBrand 322</MANUFACTURER>
      <CATEGORYTEXT>Main Category | Subcategory 322</CATEGORYTEXT>
      <EAN>9893593392198</EAN>
      <DELIVERY_DATE>2</DELIVERY_DATE>
    </SHOPITEM>

    <SHOPITEM>
      <ITEM_ID>323</ITEM_ID>
      <PRODUCTNAME>Example Product 323</PRODUCTNAME>
      <PRODUCT>Category 323</PRODUCT>
      <DESCRIPTION>Description for example product 323.</DESCRIPTION>
      <URL>https://example.com/product-323</URL>
      <IMGURL>https://example.com/images/product-323.jpg</IMGURL>
      <PRICE_VAT>75.37</PRICE_VAT>
      <MANUFACTURER>ExampleBrand 323</MANUFACTURER>
      <CATEGORYTEXT>Main Category | Subcategory 323</CATEGORYTEXT>
      <EAN>7880048640628</EAN>
      <DELIVERY_DATE>2</DELIVERY_DATE>
    </SHOPITEM>

    <SHOPITEM>
      <ITEM_ID>324</ITEM_ID>
      <PRODUCTNAME>Example Product 324</PRODUCTNAME>
      <PRODUCT>Category 324</PRODUCT>
      <DESCRIPTION>Description for example product 324.</DESCRIPTION>
      <URL>https://example.com/product-324</URL>
      <IMGURL>https://example.com/images/product-324.jpg</IMGURL>
      <PRICE_VAT>4.53</PRICE_VAT>
      <MANUFACTURER>ExampleBrand 324</MANUFACTURER>
      <CATEGORYTEXT>Main Category | Subcategory 324</CATEGORYTEXT>
      <EAN>8838786887492</EAN>
      <DELIVERY_DATE>2</DELIVERY_DATE>
    </SHOPITEM>

    <SHOPITEM>
      <ITEM_ID>325</ITEM_ID>
      <PRODUCTNAME>Example Product 325</PRODUCTNAME>
      <PRODUCT>Category 325</PRODUCT>
      <DESCRIPTION>Description for example product 325.</DESCRIPTION>
      <URL>https://example.com/product-325</URL>
      <IMGURL>https://example.com/images/product-325.jpg</IMGURL>
      <PRICE_VAT>98.31</PRICE_VAT>
      <MANUFACTURER>ExampleBrand 325</MANUFACTURER>
      <CATEGORYTEXT>Main Category | Subcategory 325</CATEGORYTEXT>
      <EAN>2786307754670</EAN>
      <DELIVERY_DATE>1</DELIVERY_DATE>
    </SHOPITEM>

    <SHOPITEM>
      <ITEM_ID>326</ITEM_ID>
      <PRODUCTNAME>Example Product 326</PRODUCTNAME>
      <PRODUCT>Category 326</PRODUCT>
      <DESCRIPTION>Description for example product 326.</DESCRIPTION>
      <URL>https://example.com/product-326</URL>
      <IMGURL>https://example.com/images/product-326.jpg</IMGURL>
      <PRICE_VAT>97.25</PRICE_VAT>
      <MANUFACTURER>ExampleBrand 326</MANUFACTURER>
      <CATEGORYTEXT>Main Category | Subcategory 326</CATEGORYTEXT>
      <EAN>1794827383060</EAN>
      <DELIVERY_DATE>1</DELIVERY_DATE>
    </SHOPITEM>

    <SHOPITEM>
      <ITEM_ID>327</ITEM_ID>
      <PRODUCTNAME>Example Product 327</PRODUCTNAME>
      <PRODUCT>Category 327</PRODUCT>
      <DESCRIPTION>Description for example product 327.</DESCRIPTION>
      <URL>https://example.com/product-327</URL>
      <IMGURL>https://example.com/images/product-327.jpg</IMGURL>
      <PRICE_VAT>20.91</PRICE_VAT>
      <MANUFACTURER>ExampleBrand 327</MANUFACTURER>
      <CATEGORYTEXT>Main Category | Subcategory 327</CATEGORYTEXT>
      <EAN>5812713033218</EAN>
      <DELIVERY_DATE>3</DELIVERY_DATE>
    </SHOPITEM>

    <SHOPITEM>
      <ITEM_ID>328</ITEM_ID>
      <PRODUCTNAME>Example Product 328</PRODUCTNAME>
      <PRODUCT>Category 328</PRODUCT>
      <DESCRIPTION>Description for example product 328.</DESCRIPTION>
      <URL>https://example.com/product-328</URL>
      <IMGURL>https://example.com/images/product-328.jpg</IMGURL>
      <PRICE_VAT>51.91</PRICE_VAT>
      <MANUFACTURER>ExampleBrand 328</MANUFACTURER>
      <CATEGORYTEXT>Main Category | Subcategory 328</CATEGORYTEXT>
      <EAN>5418416421921</EAN>
      <DELIVERY_DATE>5</DELIVERY_DATE>
    </SHOPITEM>

    <SHOPITEM>
      <ITEM_ID>329</ITEM_ID>
      <PRODUCTNAME>Example Product 329</PRODUCTNAME>
      <PRODUCT>Category 329</PRODUCT>
      <DESCRIPTION>Description for example product 329.</DESCRIPTION>
      <URL>https://example.com/product-329</URL>
      <IMGURL>https://example.com/images/product-329.jpg</IMGURL>
      <PRICE_VAT>100.97</PRICE_VAT>
      <MANUFACTURER>ExampleBrand 329</MANUFACTURER>
      <CATEGORYTEXT>Main Category | Subcategory 329</CATEGORYTEXT>
      <EAN>1116414354167</EAN>
      <DELIVERY_DATE>2</DELIVERY_DATE>
    </SHOPITEM>

    <SHOPITEM>
      <ITEM_ID>330</ITEM_ID>
      <PRODUCTNAME>Example Product 330</PRODUCTNAME>
      <PRODUCT>Category 330</PRODUCT>
      <DESCRIPTION>Description for example product 330.</DESCRIPTION>
      <URL>https://example.com/product-330</URL>
      <IMGURL>https://example.com/images/product-330.jpg</IMGURL>
      <PRICE_VAT>37.91</PRICE_VAT>
      <MANUFACTURER>ExampleBrand 330</MANUFACTURER>
      <CATEGORYTEXT>Main Category | Subcategory 330</CATEGORYTEXT>
      <EAN>5503585041785</EAN>
      <DELIVERY_DATE>3</DELIVERY_DATE>
    </SHOPITEM>

    <SHOPITEM>
      <ITEM_ID>331</ITEM_ID>
      <PRODUCTNAME>Example Product 331</PRODUCTNAME>
      <PRODUCT>Category 331</PRODUCT>
      <DESCRIPTION>Description for example product 331.</DESCRIPTION>
      <URL>https://example.com/product-331</URL>
      <IMGURL>https://example.com/images/product-331.jpg</IMGURL>
      <PRICE_VAT>43.98</PRICE_VAT>
      <MANUFACTURER>ExampleBrand 331</MANUFACTURER>
      <CATEGORYTEXT>Main Category | Subcategory 331</CATEGORYTEXT>
      <EAN>7616486808089</EAN>
      <DELIVERY_DATE>5</DELIVERY_DATE>
    </SHOPITEM>

    <SHOPITEM>
      <ITEM_ID>332</ITEM_ID>
      <PRODUCTNAME>Example Product 332</PRODUCTNAME>
      <PRODUCT>Category 332</PRODUCT>
      <DESCRIPTION>Description for example product 332.</DESCRIPTION>
      <URL>https://example.com/product-332</URL>
      <IMGURL>https://example.com/images/product-332.jpg</IMGURL>
      <PRICE_VAT>28.89</PRICE_VAT>
      <MANUFACTURER>ExampleBrand 332</MANUFACTURER>
      <CATEGORYTEXT>Main Category | Subcategory 332</CATEGORYTEXT>
      <EAN>3205669015164</EAN>
      <DELIVERY_DATE>4</DELIVERY_DATE>
    </SHOPITEM>

    <SHOPITEM>
      <ITEM_ID>333</ITEM_ID>
      <PRODUCTNAME>Example Product 333</PRODUCTNAME>
      <PRODUCT>Category 333</PRODUCT>
      <DESCRIPTION>Description for example product 333.</DESCRIPTION>
      <URL>https://example.com/product-333</URL>
      <IMGURL>https://example.com/images/product-333.jpg</IMGURL>
      <PRICE_VAT>38.79</PRICE_VAT>
      <MANUFACTURER>ExampleBrand 333</MANUFACTURER>
      <CATEGORYTEXT>Main Category | Subcategory 333</CATEGORYTEXT>
      <EAN>2542953431916</EAN>
      <DELIVERY_DATE>5</DELIVERY_DATE>
    </SHOPITEM>

    <SHOPITEM>
      <ITEM_ID>334</ITEM_ID>
      <PRODUCTNAME>Example Product 334</PRODUCTNAME>
      <PRODUCT>Category 334</PRODUCT>
      <DESCRIPTION>Description for example product 334.</DESCRIPTION>
      <URL>https://example.com/product-334</URL>
      <IMGURL>https://example.com/images/product-334.jpg</IMGURL>
      <PRICE_VAT>33.70</PRICE_VAT>
      <MANUFACTURER>ExampleBrand 334</MANUFACTURER>
      <CATEGORYTEXT>Main Category | Subcategory 334</CATEGORYTEXT>
      <EAN>7747242902941</EAN>
      <DELIVERY_DATE>2</DELIVERY_DATE>
    </SHOPITEM>

    <SHOPITEM>
      <ITEM_ID>335</ITEM_ID>
      <PRODUCTNAME>Example Product 335</PRODUCTNAME>
      <PRODUCT>Category 335</PRODUCT>
      <DESCRIPTION>Description for example product 335.</DESCRIPTION>
      <URL>https://example.com/product-335</URL>
      <IMGURL>https://example.com/images/product-335.jpg</IMGURL>
      <PRICE_VAT>27.27</PRICE_VAT>
      <MANUFACTURER>ExampleBrand 335</MANUFACTURER>
      <CATEGORYTEXT>Main Category | Subcategory 335</CATEGORYTEXT>
      <EAN>2847865178345</EAN>
      <DELIVERY_DATE>2</DELIVERY_DATE>
    </SHOPITEM>

    <SHOPITEM>
      <ITEM_ID>336</ITEM_ID>
      <PRODUCTNAME>Example Product 336</PRODUCTNAME>
      <PRODUCT>Category 336</PRODUCT>
      <DESCRIPTION>Description for example product 336.</DESCRIPTION>
      <URL>https://example.com/product-336</URL>
      <IMGURL>https://example.com/images/product-336.jpg</IMGURL>
      <PRICE_VAT>58.84</PRICE_VAT>
      <MANUFACTURER>ExampleBrand 336</MANUFACTURER>
      <CATEGORYTEXT>Main Category | Subcategory 336</CATEGORYTEXT>
      <EAN>5550203825880</EAN>
      <DELIVERY_DATE>5</DELIVERY_DATE>
    </SHOPITEM>

    <SHOPITEM>
      <ITEM_ID>337</ITEM_ID>
      <PRODUCTNAME>Example Product 337</PRODUCTNAME>
      <PRODUCT>Category 337</PRODUCT>
      <DESCRIPTION>Description for example product 337.</DESCRIPTION>
      <URL>https://example.com/product-337</URL>
      <IMGURL>https://example.com/images/product-337.jpg</IMGURL>
      <PRICE_VAT>28.59</PRICE_VAT>
      <MANUFACTURER>ExampleBrand 337</MANUFACTURER>
      <CATEGORYTEXT>Main Category | Subcategory 337</CATEGORYTEXT>
      <EAN>5532843237325</EAN>
      <DELIVERY_DATE>4</DELIVERY_DATE>
    </SHOPITEM>

    <SHOPITEM>
      <ITEM_ID>338</ITEM_ID>
      <PRODUCTNAME>Example Product 338</PRODUCTNAME>
      <PRODUCT>Category 338</PRODUCT>
      <DESCRIPTION>Description for example product 338.</DESCRIPTION>
      <URL>https://example.com/product-338</URL>
      <IMGURL>https://example.com/images/product-338.jpg</IMGURL>
      <PRICE_VAT>47.08</PRICE_VAT>
      <MANUFACTURER>ExampleBrand 338</MANUFACTURER>
      <CATEGORYTEXT>Main Category | Subcategory 338</CATEGORYTEXT>
      <EAN>7553862977415</EAN>
      <DELIVERY_DATE>4</DELIVERY_DATE>
    </SHOPITEM>

    <SHOPITEM>
      <ITEM_ID>339</ITEM_ID>
      <PRODUCTNAME>Example Product 339</PRODUCTNAME>
      <PRODUCT>Category 339</PRODUCT>
      <DESCRIPTION>Description for example product 339.</DESCRIPTION>
      <URL>https://example.com/product-339</URL>
      <IMGURL>https://example.com/images/product-339.jpg</IMGURL>
      <PRICE_VAT>64.89</PRICE_VAT>
      <MANUFACTURER>ExampleBrand 339</MANUFACTURER>
      <CATEGORYTEXT>Main Category | Subcategory 339</CATEGORYTEXT>
      <EAN>6820970396827</EAN>
      <DELIVERY_DATE>3</DELIVERY_DATE>
    </SHOPITEM>

    <SHOPITEM>
      <ITEM_ID>340</ITEM_ID>
      <PRODUCTNAME>Example Product 340</PRODUCTNAME>
      <PRODUCT>Category 340</PRODUCT>
      <DESCRIPTION>Description for example product 340.</DESCRIPTION>
      <URL>https://example.com/product-340</URL>
      <IMGURL>https://example.com/images/product-340.jpg</IMGURL>
      <PRICE_VAT>40.09</PRICE_VAT>
      <MANUFACTURER>ExampleBrand 340</MANUFACTURER>
      <CATEGORYTEXT>Main Category | Subcategory 340</CATEGORYTEXT>
      <EAN>8167293984888</EAN>
      <DELIVERY_DATE>4</DELIVERY_DATE>
    </SHOPITEM>

    <SHOPITEM>
      <ITEM_ID>341</ITEM_ID>
      <PRODUCTNAME>Example Product 341</PRODUCTNAME>
      <PRODUCT>Category 341</PRODUCT>
      <DESCRIPTION>Description for example product 341.</DESCRIPTION>
      <URL>https://example.com/product-341</URL>
      <IMGURL>https://example.com/images/product-341.jpg</IMGURL>
      <PRICE_VAT>31.64</PRICE_VAT>
      <MANUFACTURER>ExampleBrand 341</MANUFACTURER>
      <CATEGORYTEXT>Main Category | Subcategory 341</CATEGORYTEXT>
      <EAN>8994506484292</EAN>
      <DELIVERY_DATE>4</DELIVERY_DATE>
    </SHOPITEM>

    <SHOPITEM>
      <ITEM_ID>342</ITEM_ID>
      <PRODUCTNAME>Example Product 342</PRODUCTNAME>
      <PRODUCT>Category 342</PRODUCT>
      <DESCRIPTION>Description for example product 342.</DESCRIPTION>
      <URL>https://example.com/product-342</URL>
      <IMGURL>https://example.com/images/product-342.jpg</IMGURL>
      <PRICE_VAT>8.63</PRICE_VAT>
      <MANUFACTURER>ExampleBrand 342</MANUFACTURER>
      <CATEGORYTEXT>Main Category | Subcategory 342</CATEGORYTEXT>
      <EAN>2923955229334</EAN>
      <DELIVERY_DATE>5</DELIVERY_DATE>
    </SHOPITEM>

    <SHOPITEM>
      <ITEM_ID>343</ITEM_ID>
      <PRODUCTNAME>Example Product 343</PRODUCTNAME>
      <PRODUCT>Category 343</PRODUCT>
      <DESCRIPTION>Description for example product 343.</DESCRIPTION>
      <URL>https://example.com/product-343</URL>
      <IMGURL>https://example.com/images/product-343.jpg</IMGURL>
      <PRICE_VAT>64.90</PRICE_VAT>
      <MANUFACTURER>ExampleBrand 343</MANUFACTURER>
      <CATEGORYTEXT>Main Category | Subcategory 343</CATEGORYTEXT>
      <EAN>8045089674162</EAN>
      <DELIVERY_DATE>1</DELIVERY_DATE>
    </SHOPITEM>

    <SHOPITEM>
      <ITEM_ID>344</ITEM_ID>
      <PRODUCTNAME>Example Product 344</PRODUCTNAME>
      <PRODUCT>Category 344</PRODUCT>
      <DESCRIPTION>Description for example product 344.</DESCRIPTION>
      <URL>https://example.com/product-344</URL>
      <IMGURL>https://example.com/images/product-344.jpg</IMGURL>
      <PRICE_VAT>52.02</PRICE_VAT>
      <MANUFACTURER>ExampleBrand 344</MANUFACTURER>
      <CATEGORYTEXT>Main Category | Subcategory 344</CATEGORYTEXT>
      <EAN>4152129718123</EAN>
      <DELIVERY_DATE>2</DELIVERY_DATE>
    </SHOPITEM>

    <SHOPITEM>
      <ITEM_ID>345</ITEM_ID>
      <PRODUCTNAME>Example Product 345</PRODUCTNAME>
      <PRODUCT>Category 345</PRODUCT>
      <DESCRIPTION>Description for example product 345.</DESCRIPTION>
      <URL>https://example.com/product-345</URL>
      <IMGURL>https://example.com/images/product-345.jpg</IMGURL>
      <PRICE_VAT>75.79</PRICE_VAT>
      <MANUFACTURER>ExampleBrand 345</MANUFACTURER>
      <CATEGORYTEXT>Main Category | Subcategory 345</CATEGORYTEXT>
      <EAN>5404071986633</EAN>
      <DELIVERY_DATE>1</DELIVERY_DATE>
    </SHOPITEM>

    <SHOPITEM>
      <ITEM_ID>346</ITEM_ID>
      <PRODUCTNAME>Example Product 346</PRODUCTNAME>
      <PRODUCT>Category 346</PRODUCT>
      <DESCRIPTION>Description for example product 346.</DESCRIPTION>
      <URL>https://example.com/product-346</URL>
      <IMGURL>https://example.com/images/product-346.jpg</IMGURL>
      <PRICE_VAT>44.60</PRICE_VAT>
      <MANUFACTURER>ExampleBrand 346</MANUFACTURER>
      <CATEGORYTEXT>Main Category | Subcategory 346</CATEGORYTEXT>
      <EAN>2841698341984</EAN>
      <DELIVERY_DATE>1</DELIVERY_DATE>
    </SHOPITEM>

    <SHOPITEM>
      <ITEM_ID>347</ITEM_ID>
      <PRODUCTNAME>Example Product 347</PRODUCTNAME>
      <PRODUCT>Category 347</PRODUCT>
      <DESCRIPTION>Description for example product 347.</DESCRIPTION>
      <URL>https://example.com/product-347</URL>
      <IMGURL>https://example.com/images/product-347.jpg</IMGURL>
      <PRICE_VAT>5.01</PRICE_VAT>
      <MANUFACTURER>ExampleBrand 347</MANUFACTURER>
      <CATEGORYTEXT>Main Category | Subcategory 347</CATEGORYTEXT>
      <EAN>1878828171263</EAN>
      <DELIVERY_DATE>4</DELIVERY_DATE>
    </SHOPITEM>

    <SHOPITEM>
      <ITEM_ID>348</ITEM_ID>
      <PRODUCTNAME>Example Product 348</PRODUCTNAME>
      <PRODUCT>Category 348</PRODUCT>
      <DESCRIPTION>Description for example product 348.</DESCRIPTION>
      <URL>https://example.com/product-348</URL>
      <IMGURL>https://example.com/images/product-348.jpg</IMGURL>
      <PRICE_VAT>62.21</PRICE_VAT>
      <MANUFACTURER>ExampleBrand 348</MANUFACTURER>
      <CATEGORYTEXT>Main Category | Subcategory 348</CATEGORYTEXT>
      <EAN>2720647879755</EAN>
      <DELIVERY_DATE>3</DELIVERY_DATE>
    </SHOPITEM>

    <SHOPITEM>
      <ITEM_ID>349</ITEM_ID>
      <PRODUCTNAME>Example Product 349</PRODUCTNAME>
      <PRODUCT>Category 349</PRODUCT>
      <DESCRIPTION>Description for example product 349.</DESCRIPTION>
      <URL>https://example.com/product-349</URL>
      <IMGURL>https://example.com/images/product-349.jpg</IMGURL>
      <PRICE_VAT>63.52</PRICE_VAT>
      <MANUFACTURER>ExampleBrand 349</MANUFACTURER>
      <CATEGORYTEXT>Main Category | Subcategory 349</CATEGORYTEXT>
      <EAN>4057774609721</EAN>
      <DELIVERY_DATE>2</DELIVERY_DATE>
    </SHOPITEM>

    <SHOPITEM>
      <ITEM_ID>350</ITEM_ID>
      <PRODUCTNAME>Example Product 350</PRODUCTNAME>
      <PRODUCT>Category 350</PRODUCT>
      <DESCRIPTION>Description for example product 350.</DESCRIPTION>
      <URL>https://example.com/product-350</URL>
      <IMGURL>https://example.com/images/product-350.jpg</IMGURL>
      <PRICE_VAT>2.40</PRICE_VAT>
      <MANUFACTURER>ExampleBrand 350</MANUFACTURER>
      <CATEGORYTEXT>Main Category | Subcategory 350</CATEGORYTEXT>
      <EAN>7691584702109</EAN>
      <DELIVERY_DATE>5</DELIVERY_DATE>
    </SHOPITEM>

    <SHOPITEM>
      <ITEM_ID>351</ITEM_ID>
      <PRODUCTNAME>Example Product 351</PRODUCTNAME>
      <PRODUCT>Category 351</PRODUCT>
      <DESCRIPTION>Description for example product 351.</DESCRIPTION>
      <URL>https://example.com/product-351</URL>
      <IMGURL>https://example.com/images/product-351.jpg</IMGURL>
      <PRICE_VAT>27.41</PRICE_VAT>
      <MANUFACTURER>ExampleBrand 351</MANUFACTURER>
      <CATEGORYTEXT>Main Category | Subcategory 351</CATEGORYTEXT>
      <EAN>5033154820689</EAN>
      <DELIVERY_DATE>4</DELIVERY_DATE>
    </SHOPITEM>

    <SHOPITEM>
      <ITEM_ID>352</ITEM_ID>
      <PRODUCTNAME>Example Product 352</PRODUCTNAME>
      <PRODUCT>Category 352</PRODUCT>
      <DESCRIPTION>Description for example product 352.</DESCRIPTION>
      <URL>https://example.com/product-352</URL>
      <IMGURL>https://example.com/images/product-352.jpg</IMGURL>
      <PRICE_VAT>14.47</PRICE_VAT>
      <MANUFACTURER>ExampleBrand 352</MANUFACTURER>
      <CATEGORYTEXT>Main Category | Subcategory 352</CATEGORYTEXT>
      <EAN>9568229129877</EAN>
      <DELIVERY_DATE>3</DELIVERY_DATE>
    </SHOPITEM>

    <SHOPITEM>
      <ITEM_ID>353</ITEM_ID>
      <PRODUCTNAME>Example Product 353</PRODUCTNAME>
      <PRODUCT>Category 353</PRODUCT>
      <DESCRIPTION>Description for example product 353.</DESCRIPTION>
      <URL>https://example.com/product-353</URL>
      <IMGURL>https://example.com/images/product-353.jpg</IMGURL>
      <PRICE_VAT>71.62</PRICE_VAT>
      <MANUFACTURER>ExampleBrand 353</MANUFACTURER>
      <CATEGORYTEXT>Main Category | Subcategory 353</CATEGORYTEXT>
      <EAN>2701843436741</EAN>
      <DELIVERY_DATE>4</DELIVERY_DATE>
    </SHOPITEM>

    <SHOPITEM>
      <ITEM_ID>354</ITEM_ID>
      <PRODUCTNAME>Example Product 354</PRODUCTNAME>
      <PRODUCT>Category 354</PRODUCT>
      <DESCRIPTION>Description for example product 354.</DESCRIPTION>
      <URL>https://example.com/product-354</URL>
      <IMGURL>https://example.com/images/product-354.jpg</IMGURL>
      <PRICE_VAT>94.50</PRICE_VAT>
      <MANUFACTURER>ExampleBrand 354</MANUFACTURER>
      <CATEGORYTEXT>Main Category | Subcategory 354</CATEGORYTEXT>
      <EAN>7283399673492</EAN>
      <DELIVERY_DATE>4</DELIVERY_DATE>
    </SHOPITEM>

    <SHOPITEM>
      <ITEM_ID>355</ITEM_ID>
      <PRODUCTNAME>Example Product 355</PRODUCTNAME>
      <PRODUCT>Category 355</PRODUCT>
      <DESCRIPTION>Description for example product 355.</DESCRIPTION>
      <URL>https://example.com/product-355</URL>
      <IMGURL>https://example.com/images/product-355.jpg</IMGURL>
      <PRICE_VAT>85.42</PRICE_VAT>
      <MANUFACTURER>ExampleBrand 355</MANUFACTURER>
      <CATEGORYTEXT>Main Category | Subcategory 355</CATEGORYTEXT>
      <EAN>5910220185308</EAN>
      <DELIVERY_DATE>3</DELIVERY_DATE>
    </SHOPITEM>

    <SHOPITEM>
      <ITEM_ID>356</ITEM_ID>
      <PRODUCTNAME>Example Product 356</PRODUCTNAME>
      <PRODUCT>Category 356</PRODUCT>
      <DESCRIPTION>Description for example product 356.</DESCRIPTION>
      <URL>https://example.com/product-356</URL>
      <IMGURL>https://example.com/images/product-356.jpg</IMGURL>
      <PRICE_VAT>32.98</PRICE_VAT>
      <MANUFACTURER>ExampleBrand 356</MANUFACTURER>
      <CATEGORYTEXT>Main Category | Subcategory 356</CATEGORYTEXT>
      <EAN>5605933598837</EAN>
      <DELIVERY_DATE>3</DELIVERY_DATE>
    </SHOPITEM>

    <SHOPITEM>
      <ITEM_ID>357</ITEM_ID>
      <PRODUCTNAME>Example Product 357</PRODUCTNAME>
      <PRODUCT>Category 357</PRODUCT>
      <DESCRIPTION>Description for example product 357.</DESCRIPTION>
      <URL>https://example.com/product-357</URL>
      <IMGURL>https://example.com/images/product-357.jpg</IMGURL>
      <PRICE_VAT>67.65</PRICE_VAT>
      <MANUFACTURER>ExampleBrand 357</MANUFACTURER>
      <CATEGORYTEXT>Main Category | Subcategory 357</CATEGORYTEXT>
      <EAN>8047356029907</EAN>
      <DELIVERY_DATE>2</DELIVERY_DATE>
    </SHOPITEM>

    <SHOPITEM>
      <ITEM_ID>358</ITEM_ID>
      <PRODUCTNAME>Example Product 358</PRODUCTNAME>
      <PRODUCT>Category 358</PRODUCT>
      <DESCRIPTION>Description for example product 358.</DESCRIPTION>
      <URL>https://example.com/product-358</URL>
      <IMGURL>https://example.com/images/product-358.jpg</IMGURL>
      <PRICE_VAT>79.19</PRICE_VAT>
      <MANUFACTURER>ExampleBrand 358</MANUFACTURER>
      <CATEGORYTEXT>Main Category | Subcategory 358</CATEGORYTEXT>
      <EAN>1902426984279</EAN>
      <DELIVERY_DATE>5</DELIVERY_DATE>
    </SHOPITEM>

    <SHOPITEM>
      <ITEM_ID>359</ITEM_ID>
      <PRODUCTNAME>Example Product 359</PRODUCTNAME>
      <PRODUCT>Category 359</PRODUCT>
      <DESCRIPTION>Description for example product 359.</DESCRIPTION>
      <URL>https://example.com/product-359</URL>
      <IMGURL>https://example.com/images/product-359.jpg</IMGURL>
      <PRICE_VAT>26.45</PRICE_VAT>
      <MANUFACTURER>ExampleBrand 359</MANUFACTURER>
      <CATEGORYTEXT>Main Category | Subcategory 359</CATEGORYTEXT>
      <EAN>2070911303080</EAN>
      <DELIVERY_DATE>2</DELIVERY_DATE>
    </SHOPITEM>

    <SHOPITEM>
      <ITEM_ID>360</ITEM_ID>
      <PRODUCTNAME>Example Product 360</PRODUCTNAME>
      <PRODUCT>Category 360</PRODUCT>
      <DESCRIPTION>Description for example product 360.</DESCRIPTION>
      <URL>https://example.com/product-360</URL>
      <IMGURL>https://example.com/images/product-360.jpg</IMGURL>
      <PRICE_VAT>87.93</PRICE_VAT>
      <MANUFACTURER>ExampleBrand 360</MANUFACTURER>
      <CATEGORYTEXT>Main Category | Subcategory 360</CATEGORYTEXT>
      <EAN>5472240835307</EAN>
      <DELIVERY_DATE>5</DELIVERY_DATE>
    </SHOPITEM>

    <SHOPITEM>
      <ITEM_ID>361</ITEM_ID>
      <PRODUCTNAME>Example Product 361</PRODUCTNAME>
      <PRODUCT>Category 361</PRODUCT>
      <DESCRIPTION>Description for example product 361.</DESCRIPTION>
      <URL>https://example.com/product-361</URL>
      <IMGURL>https://example.com/images/product-361.jpg</IMGURL>
      <PRICE_VAT>81.54</PRICE_VAT>
      <MANUFACTURER>ExampleBrand 361</MANUFACTURER>
      <CATEGORYTEXT>Main Category | Subcategory 361</CATEGORYTEXT>
      <EAN>1614468602752</EAN>
      <DELIVERY_DATE>5</DELIVERY_DATE>
    </SHOPITEM>

    <SHOPITEM>
      <ITEM_ID>362</ITEM_ID>
      <PRODUCTNAME>Example Product 362</PRODUCTNAME>
      <PRODUCT>Category 362</PRODUCT>
      <DESCRIPTION>Description for example product 362.</DESCRIPTION>
      <URL>https://example.com/product-362</URL>
      <IMGURL>https://example.com/images/product-362.jpg</IMGURL>
      <PRICE_VAT>26.74</PRICE_VAT>
      <MANUFACTURER>ExampleBrand 362</MANUFACTURER>
      <CATEGORYTEXT>Main Category | Subcategory 362</CATEGORYTEXT>
      <EAN>5695394898944</EAN>
      <DELIVERY_DATE>2</DELIVERY_DATE>
    </SHOPITEM>

    <SHOPITEM>
      <ITEM_ID>363</ITEM_ID>
      <PRODUCTNAME>Example Product 363</PRODUCTNAME>
      <PRODUCT>Category 363</PRODUCT>
      <DESCRIPTION>Description for example product 363.</DESCRIPTION>
      <URL>https://example.com/product-363</URL>
      <IMGURL>https://example.com/images/product-363.jpg</IMGURL>
      <PRICE_VAT>45.27</PRICE_VAT>
      <MANUFACTURER>ExampleBrand 363</MANUFACTURER>
      <CATEGORYTEXT>Main Category | Subcategory 363</CATEGORYTEXT>
      <EAN>3971766428347</EAN>
      <DELIVERY_DATE>2</DELIVERY_DATE>
    </SHOPITEM>

    <SHOPITEM>
      <ITEM_ID>364</ITEM_ID>
      <PRODUCTNAME>Example Product 364</PRODUCTNAME>
      <PRODUCT>Category 364</PRODUCT>
      <DESCRIPTION>Description for example product 364.</DESCRIPTION>
      <URL>https://example.com/product-364</URL>
      <IMGURL>https://example.com/images/product-364.jpg</IMGURL>
      <PRICE_VAT>53.50</PRICE_VAT>
      <MANUFACTURER>ExampleBrand 364</MANUFACTURER>
      <CATEGORYTEXT>Main Category | Subcategory 364</CATEGORYTEXT>
      <EAN>3952401347081</EAN>
      <DELIVERY_DATE>5</DELIVERY_DATE>
    </SHOPITEM>

    <SHOPITEM>
      <ITEM_ID>365</ITEM_ID>
      <PRODUCTNAME>Example Product 365</PRODUCTNAME>
      <PRODUCT>Category 365</PRODUCT>
      <DESCRIPTION>Description for example product 365.</DESCRIPTION>
      <URL>https://example.com/product-365</URL>
      <IMGURL>https://example.com/images/product-365.jpg</IMGURL>
      <PRICE_VAT>4.79</PRICE_VAT>
      <MANUFACTURER>ExampleBrand 365</MANUFACTURER>
      <CATEGORYTEXT>Main Category | Subcategory 365</CATEGORYTEXT>
      <EAN>4119860450358</EAN>
      <DELIVERY_DATE>2</DELIVERY_DATE>
    </SHOPITEM>

    <SHOPITEM>
      <ITEM_ID>366</ITEM_ID>
      <PRODUCTNAME>Example Product 366</PRODUCTNAME>
      <PRODUCT>Category 366</PRODUCT>
      <DESCRIPTION>Description for example product 366.</DESCRIPTION>
      <URL>https://example.com/product-366</URL>
      <IMGURL>https://example.com/images/product-366.jpg</IMGURL>
      <PRICE_VAT>7.06</PRICE_VAT>
      <MANUFACTURER>ExampleBrand 366</MANUFACTURER>
      <CATEGORYTEXT>Main Category | Subcategory 366</CATEGORYTEXT>
      <EAN>4840669192907</EAN>
      <DELIVERY_DATE>1</DELIVERY_DATE>
    </SHOPITEM>

    <SHOPITEM>
      <ITEM_ID>367</ITEM_ID>
      <PRODUCTNAME>Example Product 367</PRODUCTNAME>
      <PRODUCT>Category 367</PRODUCT>
      <DESCRIPTION>Description for example product 367.</DESCRIPTION>
      <URL>https://example.com/product-367</URL>
      <IMGURL>https://example.com/images/product-367.jpg</IMGURL>
      <PRICE_VAT>92.56</PRICE_VAT>
      <MANUFACTURER>ExampleBrand 367</MANUFACTURER>
      <CATEGORYTEXT>Main Category | Subcategory 367</CATEGORYTEXT>
      <EAN>6661997669452</EAN>
      <DELIVERY_DATE>4</DELIVERY_DATE>
    </SHOPITEM>

    <SHOPITEM>
      <ITEM_ID>368</ITEM_ID>
      <PRODUCTNAME>Example Product 368</PRODUCTNAME>
      <PRODUCT>Category 368</PRODUCT>
      <DESCRIPTION>Description for example product 368.</DESCRIPTION>
      <URL>https://example.com/product-368</URL>
      <IMGURL>https://example.com/images/product-368.jpg</IMGURL>
      <PRICE_VAT>24.73</PRICE_VAT>
      <MANUFACTURER>ExampleBrand 368</MANUFACTURER>
      <CATEGORYTEXT>Main Category | Subcategory 368</CATEGORYTEXT>
      <EAN>8132696720562</EAN>
      <DELIVERY_DATE>4</DELIVERY_DATE>
    </SHOPITEM>

    <SHOPITEM>
      <ITEM_ID>369</ITEM_ID>
      <PRODUCTNAME>Example Product 369</PRODUCTNAME>
      <PRODUCT>Category 369</PRODUCT>
      <DESCRIPTION>Description for example product 369.</DESCRIPTION>
      <URL>https://example.com/product-369</URL>
      <IMGURL>https://example.com/images/product-369.jpg</IMGURL>
      <PRICE_VAT>2.93</PRICE_VAT>
      <MANUFACTURER>ExampleBrand 369</MANUFACTURER>
      <CATEGORYTEXT>Main Category | Subcategory 369</CATEGORYTEXT>
      <EAN>3208512635368</EAN>
      <DELIVERY_DATE>4</DELIVERY_DATE>
    </SHOPITEM>

    <SHOPITEM>
      <ITEM_ID>370</ITEM_ID>
      <PRODUCTNAME>Example Product 370</PRODUCTNAME>
      <PRODUCT>Category 370</PRODUCT>
      <DESCRIPTION>Description for example product 370.</DESCRIPTION>
      <URL>https://example.com/product-370</URL>
      <IMGURL>https://example.com/images/product-370.jpg</IMGURL>
      <PRICE_VAT>90.46</PRICE_VAT>
      <MANUFACTURER>ExampleBrand 370</MANUFACTURER>
      <CATEGORYTEXT>Main Category | Subcategory 370</CATEGORYTEXT>
      <EAN>4988218627148</EAN>
      <DELIVERY_DATE>5</DELIVERY_DATE>
    </SHOPITEM>

    <SHOPITEM>
      <ITEM_ID>371</ITEM_ID>
      <PRODUCTNAME>Example Product 371</PRODUCTNAME>
      <PRODUCT>Category 371</PRODUCT>
      <DESCRIPTION>Description for example product 371.</DESCRIPTION>
      <URL>https://example.com/product-371</URL>
      <IMGURL>https://example.com/images/product-371.jpg</IMGURL>
      <PRICE_VAT>26.15</PRICE_VAT>
      <MANUFACTURER>ExampleBrand 371</MANUFACTURER>
      <CATEGORYTEXT>Main Category | Subcategory 371</CATEGORYTEXT>
      <EAN>3846260181517</EAN>
      <DELIVERY_DATE>3</DELIVERY_DATE>
    </SHOPITEM>

    <SHOPITEM>
      <ITEM_ID>372</ITEM_ID>
      <PRODUCTNAME>Example Product 372</PRODUCTNAME>
      <PRODUCT>Category 372</PRODUCT>
      <DESCRIPTION>Description for example product 372.</DESCRIPTION>
      <URL>https://example.com/product-372</URL>
      <IMGURL>https://example.com/images/product-372.jpg</IMGURL>
      <PRICE_VAT>81.05</PRICE_VAT>
      <MANUFACTURER>ExampleBrand 372</MANUFACTURER>
      <CATEGORYTEXT>Main Category | Subcategory 372</CATEGORYTEXT>
      <EAN>2418252956556</EAN>
      <DELIVERY_DATE>4</DELIVERY_DATE>
    </SHOPITEM>

    <SHOPITEM>
      <ITEM_ID>373</ITEM_ID>
      <PRODUCTNAME>Example Product 373</PRODUCTNAME>
      <PRODUCT>Category 373</PRODUCT>
      <DESCRIPTION>Description for example product 373.</DESCRIPTION>
      <URL>https://example.com/product-373</URL>
      <IMGURL>https://example.com/images/product-373.jpg</IMGURL>
      <PRICE_VAT>83.96</PRICE_VAT>
      <MANUFACTURER>ExampleBrand 373</MANUFACTURER>
      <CATEGORYTEXT>Main Category | Subcategory 373</CATEGORYTEXT>
      <EAN>2289986340193</EAN>
      <DELIVERY_DATE>2</DELIVERY_DATE>
    </SHOPITEM>

    <SHOPITEM>
      <ITEM_ID>374</ITEM_ID>
      <PRODUCTNAME>Example Product 374</PRODUCTNAME>
      <PRODUCT>Category 374</PRODUCT>
      <DESCRIPTION>Description for example product 374.</DESCRIPTION>
      <URL>https://example.com/product-374</URL>
      <IMGURL>https://example.com/images/product-374.jpg</IMGURL>
      <PRICE_VAT>31.37</PRICE_VAT>
      <MANUFACTURER>ExampleBrand 374</MANUFACTURER>
      <CATEGORYTEXT>Main Category | Subcategory 374</CATEGORYTEXT>
      <EAN>7537002218345</EAN>
      <DELIVERY_DATE>3</DELIVERY_DATE>
    </SHOPITEM>

    <SHOPITEM>
      <ITEM_ID>375</ITEM_ID>
      <PRODUCTNAME>Example Product 375</PRODUCTNAME>
      <PRODUCT>Category 375</PRODUCT>
      <DESCRIPTION>Description for example product 375.</DESCRIPTION>
      <URL>https://example.com/product-375</URL>
      <IMGURL>https://example.com/images/product-375.jpg</IMGURL>
      <PRICE_VAT>77.51</PRICE_VAT>
      <MANUFACTURER>ExampleBrand 375</MANUFACTURER>
      <CATEGORYTEXT>Main Category | Subcategory 375</CATEGORYTEXT>
      <EAN>3012402963600</EAN>
      <DELIVERY_DATE>1</DELIVERY_DATE>
    </SHOPITEM>

    <SHOPITEM>
      <ITEM_ID>376</ITEM_ID>
      <PRODUCTNAME>Example Product 376</PRODUCTNAME>
      <PRODUCT>Category 376</PRODUCT>
      <DESCRIPTION>Description for example product 376.</DESCRIPTION>
      <URL>https://example.com/product-376</URL>
      <IMGURL>https://example.com/images/product-376.jpg</IMGURL>
      <PRICE_VAT>46.92</PRICE_VAT>
      <MANUFACTURER>ExampleBrand 376</MANUFACTURER>
      <CATEGORYTEXT>Main Category | Subcategory 376</CATEGORYTEXT>
      <EAN>3697092274588</EAN>
      <DELIVERY_DATE>1</DELIVERY_DATE>
    </SHOPITEM>

    <SHOPITEM>
      <ITEM_ID>377</ITEM_ID>
      <PRODUCTNAME>Example Product 377</PRODUCTNAME>
      <PRODUCT>Category 377</PRODUCT>
      <DESCRIPTION>Description for example product 377.</DESCRIPTION>
      <URL>https://example.com/product-377</URL>
      <IMGURL>https://example.com/images/product-377.jpg</IMGURL>
      <PRICE_VAT>26.16</PRICE_VAT>
      <MANUFACTURER>ExampleBrand 377</MANUFACTURER>
      <CATEGORYTEXT>Main Category | Subcategory 377</CATEGORYTEXT>
      <EAN>3839702967015</EAN>
      <DELIVERY_DATE>1</DELIVERY_DATE>
    </SHOPITEM>

    <SHOPITEM>
      <ITEM_ID>378</ITEM_ID>
      <PRODUCTNAME>Example Product 378</PRODUCTNAME>
      <PRODUCT>Category 378</PRODUCT>
      <DESCRIPTION>Description for example product 378.</DESCRIPTION>
      <URL>https://example.com/product-378</URL>
      <IMGURL>https://example.com/images/product-378.jpg</IMGURL>
      <PRICE_VAT>27.63</PRICE_VAT>
      <MANUFACTURER>ExampleBrand 378</MANUFACTURER>
      <CATEGORYTEXT>Main Category | Subcategory 378</CATEGORYTEXT>
      <EAN>6987940281975</EAN>
      <DELIVERY_DATE>3</DELIVERY_DATE>
    </SHOPITEM>

    <SHOPITEM>
      <ITEM_ID>379</ITEM_ID>
      <PRODUCTNAME>Example Product 379</PRODUCTNAME>
      <PRODUCT>Category 379</PRODUCT>
      <DESCRIPTION>Description for example product 379.</DESCRIPTION>
      <URL>https://example.com/product-379</URL>
      <IMGURL>https://example.com/images/product-379.jpg</IMGURL>
      <PRICE_VAT>42.50</PRICE_VAT>
      <MANUFACTURER>ExampleBrand 379</MANUFACTURER>
      <CATEGORYTEXT>Main Category | Subcategory 379</CATEGORYTEXT>
      <EAN>5948879935953</EAN>
      <DELIVERY_DATE>4</DELIVERY_DATE>
    </SHOPITEM>

    <SHOPITEM>
      <ITEM_ID>380</ITEM_ID>
      <PRODUCTNAME>Example Product 380</PRODUCTNAME>
      <PRODUCT>Category 380</PRODUCT>
      <DESCRIPTION>Description for example product 380.</DESCRIPTION>
      <URL>https://example.com/product-380</URL>
      <IMGURL>https://example.com/images/product-380.jpg</IMGURL>
      <PRICE_VAT>78.04</PRICE_VAT>
      <MANUFACTURER>ExampleBrand 380</MANUFACTURER>
      <CATEGORYTEXT>Main Category | Subcategory 380</CATEGORYTEXT>
      <EAN>3146686879574</EAN>
      <DELIVERY_DATE>3</DELIVERY_DATE>
    </SHOPITEM>

    <SHOPITEM>
      <ITEM_ID>381</ITEM_ID>
      <PRODUCTNAME>Example Product 381</PRODUCTNAME>
      <PRODUCT>Category 381</PRODUCT>
      <DESCRIPTION>Description for example product 381.</DESCRIPTION>
      <URL>https://example.com/product-381</URL>
      <IMGURL>https://example.com/images/product-381.jpg</IMGURL>
      <PRICE_VAT>93.43</PRICE_VAT>
      <MANUFACTURER>ExampleBrand 381</MANUFACTURER>
      <CATEGORYTEXT>Main Category | Subcategory 381</CATEGORYTEXT>
      <EAN>5695771213888</EAN>
      <DELIVERY_DATE>5</DELIVERY_DATE>
    </SHOPITEM>

    <SHOPITEM>
      <ITEM_ID>382</ITEM_ID>
      <PRODUCTNAME>Example Product 382</PRODUCTNAME>
      <PRODUCT>Category 382</PRODUCT>
      <DESCRIPTION>Description for example product 382.</DESCRIPTION>
      <URL>https://example.com/product-382</URL>
      <IMGURL>https://example.com/images/product-382.jpg</IMGURL>
      <PRICE_VAT>7.15</PRICE_VAT>
      <MANUFACTURER>ExampleBrand 382</MANUFACTURER>
      <CATEGORYTEXT>Main Category | Subcategory 382</CATEGORYTEXT>
      <EAN>7582053334364</EAN>
      <DELIVERY_DATE>4</DELIVERY_DATE>
    </SHOPITEM>

    <SHOPITEM>
      <ITEM_ID>383</ITEM_ID>
      <PRODUCTNAME>Example Product 383</PRODUCTNAME>
      <PRODUCT>Category 383</PRODUCT>
      <DESCRIPTION>Description for example product 383.</DESCRIPTION>
      <URL>https://example.com/product-383</URL>
      <IMGURL>https://example.com/images/product-383.jpg</IMGURL>
      <PRICE_VAT>95.68</PRICE_VAT>
      <MANUFACTURER>ExampleBrand 383</MANUFACTURER>
      <CATEGORYTEXT>Main Category | Subcategory 383</CATEGORYTEXT>
      <EAN>3474053604673</EAN>
      <DELIVERY_DATE>5</DELIVERY_DATE>
    </SHOPITEM>

    <SHOPITEM>
      <ITEM_ID>384</ITEM_ID>
      <PRODUCTNAME>Example Product 384</PRODUCTNAME>
      <PRODUCT>Category 384</PRODUCT>
      <DESCRIPTION>Description for example product 384.</DESCRIPTION>
      <URL>https://example.com/product-384</URL>
      <IMGURL>https://example.com/images/product-384.jpg</IMGURL>
      <PRICE_VAT>96.62</PRICE_VAT>
      <MANUFACTURER>ExampleBrand 384</MANUFACTURER>
      <CATEGORYTEXT>Main Category | Subcategory 384</CATEGORYTEXT>
      <EAN>1986520849301</EAN>
      <DELIVERY_DATE>1</DELIVERY_DATE>
    </SHOPITEM>

    <SHOPITEM>
      <ITEM_ID>385</ITEM_ID>
      <PRODUCTNAME>Example Product 385</PRODUCTNAME>
      <PRODUCT>Category 385</PRODUCT>
      <DESCRIPTION>Description for example product 385.</DESCRIPTION>
      <URL>https://example.com/product-385</URL>
      <IMGURL>https://example.com/images/product-385.jpg</IMGURL>
      <PRICE_VAT>35.99</PRICE_VAT>
      <MANUFACTURER>ExampleBrand 385</MANUFACTURER>
      <CATEGORYTEXT>Main Category | Subcategory 385</CATEGORYTEXT>
      <EAN>4420725494327</EAN>
      <DELIVERY_DATE>1</DELIVERY_DATE>
    </SHOPITEM>

    <SHOPITEM>
      <ITEM_ID>386</ITEM_ID>
      <PRODUCTNAME>Example Product 386</PRODUCTNAME>
      <PRODUCT>Category 386</PRODUCT>
      <DESCRIPTION>Description for example product 386.</DESCRIPTION>
      <URL>https://example.com/product-386</URL>
      <IMGURL>https://example.com/images/product-386.jpg</IMGURL>
      <PRICE_VAT>67.48</PRICE_VAT>
      <MANUFACTURER>ExampleBrand 386</MANUFACTURER>
      <CATEGORYTEXT>Main Category | Subcategory 386</CATEGORYTEXT>
      <EAN>8120432802670</EAN>
      <DELIVERY_DATE>5</DELIVERY_DATE>
    </SHOPITEM>

    <SHOPITEM>
      <ITEM_ID>387</ITEM_ID>
      <PRODUCTNAME>Example Product 387</PRODUCTNAME>
      <PRODUCT>Category 387</PRODUCT>
      <DESCRIPTION>Description for example product 387.</DESCRIPTION>
      <URL>https://example.com/product-387</URL>
      <IMGURL>https://example.com/images/product-387.jpg</IMGURL>
      <PRICE_VAT>4.26</PRICE_VAT>
      <MANUFACTURER>ExampleBrand 387</MANUFACTURER>
      <CATEGORYTEXT>Main Category | Subcategory 387</CATEGORYTEXT>
      <EAN>4934000852987</EAN>
      <DELIVERY_DATE>5</DELIVERY_DATE>
    </SHOPITEM>

    <SHOPITEM>
      <ITEM_ID>388</ITEM_ID>
      <PRODUCTNAME>Example Product 388</PRODUCTNAME>
      <PRODUCT>Category 388</PRODUCT>
      <DESCRIPTION>Description for example product 388.</DESCRIPTION>
      <URL>https://example.com/product-388</URL>
      <IMGURL>https://example.com/images/product-388.jpg</IMGURL>
      <PRICE_VAT>69.01</PRICE_VAT>
      <MANUFACTURER>ExampleBrand 388</MANUFACTURER>
      <CATEGORYTEXT>Main Category | Subcategory 388</CATEGORYTEXT>
      <EAN>5707271435765</EAN>
      <DELIVERY_DATE>4</DELIVERY_DATE>
    </SHOPITEM>

    <SHOPITEM>
      <ITEM_ID>389</ITEM_ID>
      <PRODUCTNAME>Example Product 389</PRODUCTNAME>
      <PRODUCT>Category 389</PRODUCT>
      <DESCRIPTION>Description for example product 389.</DESCRIPTION>
      <URL>https://example.com/product-389</URL>
      <IMGURL>https://example.com/images/product-389.jpg</IMGURL>
      <PRICE_VAT>84.27</PRICE_VAT>
      <MANUFACTURER>ExampleBrand 389</MANUFACTURER>
      <CATEGORYTEXT>Main Category | Subcategory 389</CATEGORYTEXT>
      <EAN>8270010447833</EAN>
      <DELIVERY_DATE>5</DELIVERY_DATE>
    </SHOPITEM>

    <SHOPITEM>
      <ITEM_ID>390</ITEM_ID>
      <PRODUCTNAME>Example Product 390</PRODUCTNAME>
      <PRODUCT>Category 390</PRODUCT>
      <DESCRIPTION>Description for example product 390.</DESCRIPTION>
      <URL>https://example.com/product-390</URL>
      <IMGURL>https://example.com/images/product-390.jpg</IMGURL>
      <PRICE_VAT>18.51</PRICE_VAT>
      <MANUFACTURER>ExampleBrand 390</MANUFACTURER>
      <CATEGORYTEXT>Main Category | Subcategory 390</CATEGORYTEXT>
      <EAN>5801728504409</EAN>
      <DELIVERY_DATE>5</DELIVERY_DATE>
    </SHOPITEM>

    <SHOPITEM>
      <ITEM_ID>391</ITEM_ID>
      <PRODUCTNAME>Example Product 391</PRODUCTNAME>
      <PRODUCT>Category 391</PRODUCT>
      <DESCRIPTION>Description for example product 391.</DESCRIPTION>
      <URL>https://example.com/product-391</URL>
      <IMGURL>https://example.com/images/product-391.jpg</IMGURL>
      <PRICE_VAT>3.49</PRICE_VAT>
      <MANUFACTURER>ExampleBrand 391</MANUFACTURER>
      <CATEGORYTEXT>Main Category | Subcategory 391</CATEGORYTEXT>
      <EAN>2516962855114</EAN>
      <DELIVERY_DATE>1</DELIVERY_DATE>
    </SHOPITEM>

    <SHOPITEM>
      <ITEM_ID>392</ITEM_ID>
      <PRODUCTNAME>Example Product 392</PRODUCTNAME>
      <PRODUCT>Category 392</PRODUCT>
      <DESCRIPTION>Description for example product 392.</DESCRIPTION>
      <URL>https://example.com/product-392</URL>
      <IMGURL>https://example.com/images/product-392.jpg</IMGURL>
      <PRICE_VAT>70.43</PRICE_VAT>
      <MANUFACTURER>ExampleBrand 392</MANUFACTURER>
      <CATEGORYTEXT>Main Category | Subcategory 392</CATEGORYTEXT>
      <EAN>7580323595842</EAN>
      <DELIVERY_DATE>3</DELIVERY_DATE>
    </SHOPITEM>

    <SHOPITEM>
      <ITEM_ID>393</ITEM_ID>
      <PRODUCTNAME>Example Product 393</PRODUCTNAME>
      <PRODUCT>Category 393</PRODUCT>
      <DESCRIPTION>Description for example product 393.</DESCRIPTION>
      <URL>https://example.com/product-393</URL>
      <IMGURL>https://example.com/images/product-393.jpg</IMGURL>
      <PRICE_VAT>45.64</PRICE_VAT>
      <MANUFACTURER>ExampleBrand 393</MANUFACTURER>
      <CATEGORYTEXT>Main Category | Subcategory 393</CATEGORYTEXT>
      <EAN>3260801471520</EAN>
      <DELIVERY_DATE>4</DELIVERY_DATE>
    </SHOPITEM>

    <SHOPITEM>
      <ITEM_ID>394</ITEM_ID>
      <PRODUCTNAME>Example Product 394</PRODUCTNAME>
      <PRODUCT>Category 394</PRODUCT>
      <DESCRIPTION>Description for example product 394.</DESCRIPTION>
      <URL>https://example.com/product-394</URL>
      <IMGURL>https://example.com/images/product-394.jpg</IMGURL>
      <PRICE_VAT>83.45</PRICE_VAT>
      <MANUFACTURER>ExampleBrand 394</MANUFACTURER>
      <CATEGORYTEXT>Main Category | Subcategory 394</CATEGORYTEXT>
      <EAN>5868681385028</EAN>
      <DELIVERY_DATE>1</DELIVERY_DATE>
    </SHOPITEM>

    <SHOPITEM>
      <ITEM_ID>395</ITEM_ID>
      <PRODUCTNAME>Example Product 395</PRODUCTNAME>
      <PRODUCT>Category 395</PRODUCT>
      <DESCRIPTION>Description for example product 395.</DESCRIPTION>
      <URL>https://example.com/product-395</URL>
      <IMGURL>https://example.com/images/product-395.jpg</IMGURL>
      <PRICE_VAT>9.46</PRICE_VAT>
      <MANUFACTURER>ExampleBrand 395</MANUFACTURER>
      <CATEGORYTEXT>Main Category | Subcategory 395</CATEGORYTEXT>
      <EAN>5382683891454</EAN>
      <DELIVERY_DATE>4</DELIVERY_DATE>
    </SHOPITEM>

    <SHOPITEM>
      <ITEM_ID>396</ITEM_ID>
      <PRODUCTNAME>Example Product 396</PRODUCTNAME>
      <PRODUCT>Category 396</PRODUCT>
      <DESCRIPTION>Description for example product 396.</DESCRIPTION>
      <URL>https://example.com/product-396</URL>
      <IMGURL>https://example.com/images/product-396.jpg</IMGURL>
      <PRICE_VAT>21.59</PRICE_VAT>
      <MANUFACTURER>ExampleBrand 396</MANUFACTURER>
      <CATEGORYTEXT>Main Category | Subcategory 396</CATEGORYTEXT>
      <EAN>1423167455452</EAN>
      <DELIVERY_DATE>4</DELIVERY_DATE>
    </SHOPITEM>

    <SHOPITEM>
      <ITEM_ID>397</ITEM_ID>
      <PRODUCTNAME>Example Product 397</PRODUCTNAME>
      <PRODUCT>Category 397</PRODUCT>
      <DESCRIPTION>Description for example product 397.</DESCRIPTION>
      <URL>https://example.com/product-397</URL>
      <IMGURL>https://example.com/images/product-397.jpg</IMGURL>
      <PRICE_VAT>91.91</PRICE_VAT>
      <MANUFACTURER>ExampleBrand 397</MANUFACTURER>
      <CATEGORYTEXT>Main Category | Subcategory 397</CATEGORYTEXT>
      <EAN>9541277501419</EAN>
      <DELIVERY_DATE>5</DELIVERY_DATE>
    </SHOPITEM>

    <SHOPITEM>
      <ITEM_ID>398</ITEM_ID>
      <PRODUCTNAME>Example Product 398</PRODUCTNAME>
      <PRODUCT>Category 398</PRODUCT>
      <DESCRIPTION>Description for example product 398.</DESCRIPTION>
      <URL>https://example.com/product-398</URL>
      <IMGURL>https://example.com/images/product-398.jpg</IMGURL>
      <PRICE_VAT>37.90</PRICE_VAT>
      <MANUFACTURER>ExampleBrand 398</MANUFACTURER>
      <CATEGORYTEXT>Main Category | Subcategory 398</CATEGORYTEXT>
      <EAN>2845664211460</EAN>
      <DELIVERY_DATE>4</DELIVERY_DATE>
    </SHOPITEM>

    <SHOPITEM>
      <ITEM_ID>399</ITEM_ID>
      <PRODUCTNAME>Example Product 399</PRODUCTNAME>
      <PRODUCT>Category 399</PRODUCT>
      <DESCRIPTION>Description for example product 399.</DESCRIPTION>
      <URL>https://example.com/product-399</URL>
      <IMGURL>https://example.com/images/product-399.jpg</IMGURL>
      <PRICE_VAT>35.34</PRICE_VAT>
      <MANUFACTURER>ExampleBrand 399</MANUFACTURER>
      <CATEGORYTEXT>Main Category | Subcategory 399</CATEGORYTEXT>
      <EAN>4663925982503</EAN>
      <DELIVERY_DATE>4</DELIVERY_DATE>
    </SHOPITEM>

    <SHOPITEM>
      <ITEM_ID>400</ITEM_ID>
      <PRODUCTNAME>Example Product 400</PRODUCTNAME>
      <PRODUCT>Category 400</PRODUCT>
      <DESCRIPTION>Description for example product 400.</DESCRIPTION>
      <URL>https://example.com/product-400</URL>
      <IMGURL>https://example.com/images/product-400.jpg</IMGURL>
      <PRICE_VAT>82.99</PRICE_VAT>
      <MANUFACTURER>ExampleBrand 400</MANUFACTURER>
      <CATEGORYTEXT>Main Category | Subcategory 400</CATEGORYTEXT>
      <EAN>5413957087169</EAN>
      <DELIVERY_DATE>2</DELIVERY_DATE>
    </SHOPITEM>

    <SHOPITEM>
      <ITEM_ID>401</ITEM_ID>
      <PRODUCTNAME>Example Product 401</PRODUCTNAME>
      <PRODUCT>Category 401</PRODUCT>
      <DESCRIPTION>Description for example product 401.</DESCRIPTION>
      <URL>https://example.com/product-401</URL>
      <IMGURL>https://example.com/images/product-401.jpg</IMGURL>
      <PRICE_VAT>13.58</PRICE_VAT>
      <MANUFACTURER>ExampleBrand 401</MANUFACTURER>
      <CATEGORYTEXT>Main Category | Subcategory 401</CATEGORYTEXT>
      <EAN>4675950813090</EAN>
      <DELIVERY_DATE>3</DELIVERY_DATE>
    </SHOPITEM>

    <SHOPITEM>
      <ITEM_ID>402</ITEM_ID>
      <PRODUCTNAME>Example Product 402</PRODUCTNAME>
      <PRODUCT>Category 402</PRODUCT>
      <DESCRIPTION>Description for example product 402.</DESCRIPTION>
      <URL>https://example.com/product-402</URL>
      <IMGURL>https://example.com/images/product-402.jpg</IMGURL>
      <PRICE_VAT>21.51</PRICE_VAT>
      <MANUFACTURER>ExampleBrand 402</MANUFACTURER>
      <CATEGORYTEXT>Main Category | Subcategory 402</CATEGORYTEXT>
      <EAN>3588838097237</EAN>
      <DELIVERY_DATE>4</DELIVERY_DATE>
    </SHOPITEM>

    <SHOPITEM>
      <ITEM_ID>403</ITEM_ID>
      <PRODUCTNAME>Example Product 403</PRODUCTNAME>
      <PRODUCT>Category 403</PRODUCT>
      <DESCRIPTION>Description for example product 403.</DESCRIPTION>
      <URL>https://example.com/product-403</URL>
      <IMGURL>https://example.com/images/product-403.jpg</IMGURL>
      <PRICE_VAT>42.72</PRICE_VAT>
      <MANUFACTURER>ExampleBrand 403</MANUFACTURER>
      <CATEGORYTEXT>Main Category | Subcategory 403</CATEGORYTEXT>
      <EAN>9287780445459</EAN>
      <DELIVERY_DATE>3</DELIVERY_DATE>
    </SHOPITEM>

    <SHOPITEM>
      <ITEM_ID>404</ITEM_ID>
      <PRODUCTNAME>Example Product 404</PRODUCTNAME>
      <PRODUCT>Category 404</PRODUCT>
      <DESCRIPTION>Description for example product 404.</DESCRIPTION>
      <URL>https://example.com/product-404</URL>
      <IMGURL>https://example.com/images/product-404.jpg</IMGURL>
      <PRICE_VAT>75.69</PRICE_VAT>
      <MANUFACTURER>ExampleBrand 404</MANUFACTURER>
      <CATEGORYTEXT>Main Category | Subcategory 404</CATEGORYTEXT>
      <EAN>1859489423922</EAN>
      <DELIVERY_DATE>3</DELIVERY_DATE>
    </SHOPITEM>

    <SHOPITEM>
      <ITEM_ID>405</ITEM_ID>
      <PRODUCTNAME>Example Product 405</PRODUCTNAME>
      <PRODUCT>Category 405</PRODUCT>
      <DESCRIPTION>Description for example product 405.</DESCRIPTION>
      <URL>https://example.com/product-405</URL>
      <IMGURL>https://example.com/images/product-405.jpg</IMGURL>
      <PRICE_VAT>15.04</PRICE_VAT>
      <MANUFACTURER>ExampleBrand 405</MANUFACTURER>
      <CATEGORYTEXT>Main Category | Subcategory 405</CATEGORYTEXT>
      <EAN>5976370805885</EAN>
      <DELIVERY_DATE>3</DELIVERY_DATE>
    </SHOPITEM>

    <SHOPITEM>
      <ITEM_ID>406</ITEM_ID>
      <PRODUCTNAME>Example Product 406</PRODUCTNAME>
      <PRODUCT>Category 406</PRODUCT>
      <DESCRIPTION>Description for example product 406.</DESCRIPTION>
      <URL>https://example.com/product-406</URL>
      <IMGURL>https://example.com/images/product-406.jpg</IMGURL>
      <PRICE_VAT>52.06</PRICE_VAT>
      <MANUFACTURER>ExampleBrand 406</MANUFACTURER>
      <CATEGORYTEXT>Main Category | Subcategory 406</CATEGORYTEXT>
      <EAN>2291590337411</EAN>
      <DELIVERY_DATE>2</DELIVERY_DATE>
    </SHOPITEM>

    <SHOPITEM>
      <ITEM_ID>407</ITEM_ID>
      <PRODUCTNAME>Example Product 407</PRODUCTNAME>
      <PRODUCT>Category 407</PRODUCT>
      <DESCRIPTION>Description for example product 407.</DESCRIPTION>
      <URL>https://example.com/product-407</URL>
      <IMGURL>https://example.com/images/product-407.jpg</IMGURL>
      <PRICE_VAT>94.06</PRICE_VAT>
      <MANUFACTURER>ExampleBrand 407</MANUFACTURER>
      <CATEGORYTEXT>Main Category | Subcategory 407</CATEGORYTEXT>
      <EAN>8931613230676</EAN>
      <DELIVERY_DATE>3</DELIVERY_DATE>
    </SHOPITEM>

    <SHOPITEM>
      <ITEM_ID>408</ITEM_ID>
      <PRODUCTNAME>Example Product 408</PRODUCTNAME>
      <PRODUCT>Category 408</PRODUCT>
      <DESCRIPTION>Description for example product 408.</DESCRIPTION>
      <URL>https://example.com/product-408</URL>
      <IMGURL>https://example.com/images/product-408.jpg</IMGURL>
      <PRICE_VAT>82.96</PRICE_VAT>
      <MANUFACTURER>ExampleBrand 408</MANUFACTURER>
      <CATEGORYTEXT>Main Category | Subcategory 408</CATEGORYTEXT>
      <EAN>2038922152577</EAN>
      <DELIVERY_DATE>2</DELIVERY_DATE>
    </SHOPITEM>

    <SHOPITEM>
      <ITEM_ID>409</ITEM_ID>
      <PRODUCTNAME>Example Product 409</PRODUCTNAME>
      <PRODUCT>Category 409</PRODUCT>
      <DESCRIPTION>Description for example product 409.</DESCRIPTION>
      <URL>https://example.com/product-409</URL>
      <IMGURL>https://example.com/images/product-409.jpg</IMGURL>
      <PRICE_VAT>19.68</PRICE_VAT>
      <MANUFACTURER>ExampleBrand 409</MANUFACTURER>
      <CATEGORYTEXT>Main Category | Subcategory 409</CATEGORYTEXT>
      <EAN>6191968648504</EAN>
      <DELIVERY_DATE>2</DELIVERY_DATE>
    </SHOPITEM>

    <SHOPITEM>
      <ITEM_ID>410</ITEM_ID>
      <PRODUCTNAME>Example Product 410</PRODUCTNAME>
      <PRODUCT>Category 410</PRODUCT>
      <DESCRIPTION>Description for example product 410.</DESCRIPTION>
      <URL>https://example.com/product-410</URL>
      <IMGURL>https://example.com/images/product-410.jpg</IMGURL>
      <PRICE_VAT>31.40</PRICE_VAT>
      <MANUFACTURER>ExampleBrand 410</MANUFACTURER>
      <CATEGORYTEXT>Main Category | Subcategory 410</CATEGORYTEXT>
      <EAN>8764430557657</EAN>
      <DELIVERY_DATE>2</DELIVERY_DATE>
    </SHOPITEM>

    <SHOPITEM>
      <ITEM_ID>411</ITEM_ID>
      <PRODUCTNAME>Example Product 411</PRODUCTNAME>
      <PRODUCT>Category 411</PRODUCT>
      <DESCRIPTION>Description for example product 411.</DESCRIPTION>
      <URL>https://example.com/product-411</URL>
      <IMGURL>https://example.com/images/product-411.jpg</IMGURL>
      <PRICE_VAT>64.33</PRICE_VAT>
      <MANUFACTURER>ExampleBrand 411</MANUFACTURER>
      <CATEGORYTEXT>Main Category | Subcategory 411</CATEGORYTEXT>
      <EAN>3929013734247</EAN>
      <DELIVERY_DATE>4</DELIVERY_DATE>
    </SHOPITEM>

    <SHOPITEM>
      <ITEM_ID>412</ITEM_ID>
      <PRODUCTNAME>Example Product 412</PRODUCTNAME>
      <PRODUCT>Category 412</PRODUCT>
      <DESCRIPTION>Description for example product 412.</DESCRIPTION>
      <URL>https://example.com/product-412</URL>
      <IMGURL>https://example.com/images/product-412.jpg</IMGURL>
      <PRICE_VAT>54.70</PRICE_VAT>
      <MANUFACTURER>ExampleBrand 412</MANUFACTURER>
      <CATEGORYTEXT>Main Category | Subcategory 412</CATEGORYTEXT>
      <EAN>1732649945899</EAN>
      <DELIVERY_DATE>1</DELIVERY_DATE>
    </SHOPITEM>

    <SHOPITEM>
      <ITEM_ID>413</ITEM_ID>
      <PRODUCTNAME>Example Product 413</PRODUCTNAME>
      <PRODUCT>Category 413</PRODUCT>
      <DESCRIPTION>Description for example product 413.</DESCRIPTION>
      <URL>https://example.com/product-413</URL>
      <IMGURL>https://example.com/images/product-413.jpg</IMGURL>
      <PRICE_VAT>23.64</PRICE_VAT>
      <MANUFACTURER>ExampleBrand 413</MANUFACTURER>
      <CATEGORYTEXT>Main Category | Subcategory 413</CATEGORYTEXT>
      <EAN>4800884719792</EAN>
      <DELIVERY_DATE>4</DELIVERY_DATE>
    </SHOPITEM>

    <SHOPITEM>
      <ITEM_ID>414</ITEM_ID>
      <PRODUCTNAME>Example Product 414</PRODUCTNAME>
      <PRODUCT>Category 414</PRODUCT>
      <DESCRIPTION>Description for example product 414.</DESCRIPTION>
      <URL>https://example.com/product-414</URL>
      <IMGURL>https://example.com/images/product-414.jpg</IMGURL>
      <PRICE_VAT>20.37</PRICE_VAT>
      <MANUFACTURER>ExampleBrand 414</MANUFACTURER>
      <CATEGORYTEXT>Main Category | Subcategory 414</CATEGORYTEXT>
      <EAN>6369129077071</EAN>
      <DELIVERY_DATE>1</DELIVERY_DATE>
    </SHOPITEM>

    <SHOPITEM>
      <ITEM_ID>415</ITEM_ID>
      <PRODUCTNAME>Example Product 415</PRODUCTNAME>
      <PRODUCT>Category 415</PRODUCT>
      <DESCRIPTION>Description for example product 415.</DESCRIPTION>
      <URL>https://example.com/product-415</URL>
      <IMGURL>https://example.com/images/product-415.jpg</IMGURL>
      <PRICE_VAT>79.54</PRICE_VAT>
      <MANUFACTURER>ExampleBrand 415</MANUFACTURER>
      <CATEGORYTEXT>Main Category | Subcategory 415</CATEGORYTEXT>
      <EAN>2725265336373</EAN>
      <DELIVERY_DATE>4</DELIVERY_DATE>
    </SHOPITEM>

    <SHOPITEM>
      <ITEM_ID>416</ITEM_ID>
      <PRODUCTNAME>Example Product 416</PRODUCTNAME>
      <PRODUCT>Category 416</PRODUCT>
      <DESCRIPTION>Description for example product 416.</DESCRIPTION>
      <URL>https://example.com/product-416</URL>
      <IMGURL>https://example.com/images/product-416.jpg</IMGURL>
      <PRICE_VAT>64.79</PRICE_VAT>
      <MANUFACTURER>ExampleBrand 416</MANUFACTURER>
      <CATEGORYTEXT>Main Category | Subcategory 416</CATEGORYTEXT>
      <EAN>9464876329177</EAN>
      <DELIVERY_DATE>2</DELIVERY_DATE>
    </SHOPITEM>

    <SHOPITEM>
      <ITEM_ID>417</ITEM_ID>
      <PRODUCTNAME>Example Product 417</PRODUCTNAME>
      <PRODUCT>Category 417</PRODUCT>
      <DESCRIPTION>Description for example product 417.</DESCRIPTION>
      <URL>https://example.com/product-417</URL>
      <IMGURL>https://example.com/images/product-417.jpg</IMGURL>
      <PRICE_VAT>67.78</PRICE_VAT>
      <MANUFACTURER>ExampleBrand 417</MANUFACTURER>
      <CATEGORYTEXT>Main Category | Subcategory 417</CATEGORYTEXT>
      <EAN>1791695783667</EAN>
      <DELIVERY_DATE>3</DELIVERY_DATE>
    </SHOPITEM>

    <SHOPITEM>
      <ITEM_ID>418</ITEM_ID>
      <PRODUCTNAME>Example Product 418</PRODUCTNAME>
      <PRODUCT>Category 418</PRODUCT>
      <DESCRIPTION>Description for example product 418.</DESCRIPTION>
      <URL>https://example.com/product-418</URL>
      <IMGURL>https://example.com/images/product-418.jpg</IMGURL>
      <PRICE_VAT>54.52</PRICE_VAT>
      <MANUFACTURER>ExampleBrand 418</MANUFACTURER>
      <CATEGORYTEXT>Main Category | Subcategory 418</CATEGORYTEXT>
      <EAN>2611444496385</EAN>
      <DELIVERY_DATE>5</DELIVERY_DATE>
    </SHOPITEM>

    <SHOPITEM>
      <ITEM_ID>419</ITEM_ID>
      <PRODUCTNAME>Example Product 419</PRODUCTNAME>
      <PRODUCT>Category 419</PRODUCT>
      <DESCRIPTION>Description for example product 419.</DESCRIPTION>
      <URL>https://example.com/product-419</URL>
      <IMGURL>https://example.com/images/product-419.jpg</IMGURL>
      <PRICE_VAT>41.39</PRICE_VAT>
      <MANUFACTURER>ExampleBrand 419</MANUFACTURER>
      <CATEGORYTEXT>Main Category | Subcategory 419</CATEGORYTEXT>
      <EAN>4150820738104</EAN>
      <DELIVERY_DATE>2</DELIVERY_DATE>
    </SHOPITEM>

    <SHOPITEM>
      <ITEM_ID>420</ITEM_ID>
      <PRODUCTNAME>Example Product 420</PRODUCTNAME>
      <PRODUCT>Category 420</PRODUCT>
      <DESCRIPTION>Description for example product 420.</DESCRIPTION>
      <URL>https://example.com/product-420</URL>
      <IMGURL>https://example.com/images/product-420.jpg</IMGURL>
      <PRICE_VAT>28.38</PRICE_VAT>
      <MANUFACTURER>ExampleBrand 420</MANUFACTURER>
      <CATEGORYTEXT>Main Category | Subcategory 420</CATEGORYTEXT>
      <EAN>7466154472325</EAN>
      <DELIVERY_DATE>4</DELIVERY_DATE>
    </SHOPITEM>

    <SHOPITEM>
      <ITEM_ID>421</ITEM_ID>
      <PRODUCTNAME>Example Product 421</PRODUCTNAME>
      <PRODUCT>Category 421</PRODUCT>
      <DESCRIPTION>Description for example product 421.</DESCRIPTION>
      <URL>https://example.com/product-421</URL>
      <IMGURL>https://example.com/images/product-421.jpg</IMGURL>
      <PRICE_VAT>96.97</PRICE_VAT>
      <MANUFACTURER>ExampleBrand 421</MANUFACTURER>
      <CATEGORYTEXT>Main Category | Subcategory 421</CATEGORYTEXT>
      <EAN>9376122153852</EAN>
      <DELIVERY_DATE>3</DELIVERY_DATE>
    </SHOPITEM>

    <SHOPITEM>
      <ITEM_ID>422</ITEM_ID>
      <PRODUCTNAME>Example Product 422</PRODUCTNAME>
      <PRODUCT>Category 422</PRODUCT>
      <DESCRIPTION>Description for example product 422.</DESCRIPTION>
      <URL>https://example.com/product-422</URL>
      <IMGURL>https://example.com/images/product-422.jpg</IMGURL>
      <PRICE_VAT>69.91</PRICE_VAT>
      <MANUFACTURER>ExampleBrand 422</MANUFACTURER>
      <CATEGORYTEXT>Main Category | Subcategory 422</CATEGORYTEXT>
      <EAN>6404137527908</EAN>
      <DELIVERY_DATE>1</DELIVERY_DATE>
    </SHOPITEM>

    <SHOPITEM>
      <ITEM_ID>423</ITEM_ID>
      <PRODUCTNAME>Example Product 423</PRODUCTNAME>
      <PRODUCT>Category 423</PRODUCT>
      <DESCRIPTION>Description for example product 423.</DESCRIPTION>
      <URL>https://example.com/product-423</URL>
      <IMGURL>https://example.com/images/product-423.jpg</IMGURL>
      <PRICE_VAT>22.95</PRICE_VAT>
      <MANUFACTURER>ExampleBrand 423</MANUFACTURER>
      <CATEGORYTEXT>Main Category | Subcategory 423</CATEGORYTEXT>
      <EAN>5300766895603</EAN>
      <DELIVERY_DATE>3</DELIVERY_DATE>
    </SHOPITEM>

    <SHOPITEM>
      <ITEM_ID>424</ITEM_ID>
      <PRODUCTNAME>Example Product 424</PRODUCTNAME>
      <PRODUCT>Category 424</PRODUCT>
      <DESCRIPTION>Description for example product 424.</DESCRIPTION>
      <URL>https://example.com/product-424</URL>
      <IMGURL>https://example.com/images/product-424.jpg</IMGURL>
      <PRICE_VAT>11.02</PRICE_VAT>
      <MANUFACTURER>ExampleBrand 424</MANUFACTURER>
      <CATEGORYTEXT>Main Category | Subcategory 424</CATEGORYTEXT>
      <EAN>1094926011391</EAN>
      <DELIVERY_DATE>2</DELIVERY_DATE>
    </SHOPITEM>

    <SHOPITEM>
      <ITEM_ID>425</ITEM_ID>
      <PRODUCTNAME>Example Product 425</PRODUCTNAME>
      <PRODUCT>Category 425</PRODUCT>
      <DESCRIPTION>Description for example product 425.</DESCRIPTION>
      <URL>https://example.com/product-425</URL>
      <IMGURL>https://example.com/images/product-425.jpg</IMGURL>
      <PRICE_VAT>63.23</PRICE_VAT>
      <MANUFACTURER>ExampleBrand 425</MANUFACTURER>
      <CATEGORYTEXT>Main Category | Subcategory 425</CATEGORYTEXT>
      <EAN>2990762263769</EAN>
      <DELIVERY_DATE>4</DELIVERY_DATE>
    </SHOPITEM>

    <SHOPITEM>
      <ITEM_ID>426</ITEM_ID>
      <PRODUCTNAME>Example Product 426</PRODUCTNAME>
      <PRODUCT>Category 426</PRODUCT>
      <DESCRIPTION>Description for example product 426.</DESCRIPTION>
      <URL>https://example.com/product-426</URL>
      <IMGURL>https://example.com/images/product-426.jpg</IMGURL>
      <PRICE_VAT>11.39</PRICE_VAT>
      <MANUFACTURER>ExampleBrand 426</MANUFACTURER>
      <CATEGORYTEXT>Main Category | Subcategory 426</CATEGORYTEXT>
      <EAN>2123864607628</EAN>
      <DELIVERY_DATE>5</DELIVERY_DATE>
    </SHOPITEM>

    <SHOPITEM>
      <ITEM_ID>427</ITEM_ID>
      <PRODUCTNAME>Example Product 427</PRODUCTNAME>
      <PRODUCT>Category 427</PRODUCT>
      <DESCRIPTION>Description for example product 427.</DESCRIPTION>
      <URL>https://example.com/product-427</URL>
      <IMGURL>https://example.com/images/product-427.jpg</IMGURL>
      <PRICE_VAT>1.26</PRICE_VAT>
      <MANUFACTURER>ExampleBrand 427</MANUFACTURER>
      <CATEGORYTEXT>Main Category | Subcategory 427</CATEGORYTEXT>
      <EAN>1253120056761</EAN>
      <DELIVERY_DATE>3</DELIVERY_DATE>
    </SHOPITEM>

    <SHOPITEM>
      <ITEM_ID>428</ITEM_ID>
      <PRODUCTNAME>Example Product 428</PRODUCTNAME>
      <PRODUCT>Category 428</PRODUCT>
      <DESCRIPTION>Description for example product 428.</DESCRIPTION>
      <URL>https://example.com/product-428</URL>
      <IMGURL>https://example.com/images/product-428.jpg</IMGURL>
      <PRICE_VAT>72.77</PRICE_VAT>
      <MANUFACTURER>ExampleBrand 428</MANUFACTURER>
      <CATEGORYTEXT>Main Category | Subcategory 428</CATEGORYTEXT>
      <EAN>1611274562135</EAN>
      <DELIVERY_DATE>1</DELIVERY_DATE>
    </SHOPITEM>

    <SHOPITEM>
      <ITEM_ID>429</ITEM_ID>
      <PRODUCTNAME>Example Product 429</PRODUCTNAME>
      <PRODUCT>Category 429</PRODUCT>
      <DESCRIPTION>Description for example product 429.</DESCRIPTION>
      <URL>https://example.com/product-429</URL>
      <IMGURL>https://example.com/images/product-429.jpg</IMGURL>
      <PRICE_VAT>6.81</PRICE_VAT>
      <MANUFACTURER>ExampleBrand 429</MANUFACTURER>
      <CATEGORYTEXT>Main Category | Subcategory 429</CATEGORYTEXT>
      <EAN>8896163680794</EAN>
      <DELIVERY_DATE>5</DELIVERY_DATE>
    </SHOPITEM>

    <SHOPITEM>
      <ITEM_ID>430</ITEM_ID>
      <PRODUCTNAME>Example Product 430</PRODUCTNAME>
      <PRODUCT>Category 430</PRODUCT>
      <DESCRIPTION>Description for example product 430.</DESCRIPTION>
      <URL>https://example.com/product-430</URL>
      <IMGURL>https://example.com/images/product-430.jpg</IMGURL>
      <PRICE_VAT>61.08</PRICE_VAT>
      <MANUFACTURER>ExampleBrand 430</MANUFACTURER>
      <CATEGORYTEXT>Main Category | Subcategory 430</CATEGORYTEXT>
      <EAN>3932459302178</EAN>
      <DELIVERY_DATE>1</DELIVERY_DATE>
    </SHOPITEM>

    <SHOPITEM>
      <ITEM_ID>431</ITEM_ID>
      <PRODUCTNAME>Example Product 431</PRODUCTNAME>
      <PRODUCT>Category 431</PRODUCT>
      <DESCRIPTION>Description for example product 431.</DESCRIPTION>
      <URL>https://example.com/product-431</URL>
      <IMGURL>https://example.com/images/product-431.jpg</IMGURL>
      <PRICE_VAT>31.45</PRICE_VAT>
      <MANUFACTURER>ExampleBrand 431</MANUFACTURER>
      <CATEGORYTEXT>Main Category | Subcategory 431</CATEGORYTEXT>
      <EAN>7444795671668</EAN>
      <DELIVERY_DATE>3</DELIVERY_DATE>
    </SHOPITEM>

    <SHOPITEM>
      <ITEM_ID>432</ITEM_ID>
      <PRODUCTNAME>Example Product 432</PRODUCTNAME>
      <PRODUCT>Category 432</PRODUCT>
      <DESCRIPTION>Description for example product 432.</DESCRIPTION>
      <URL>https://example.com/product-432</URL>
      <IMGURL>https://example.com/images/product-432.jpg</IMGURL>
      <PRICE_VAT>8.30</PRICE_VAT>
      <MANUFACTURER>ExampleBrand 432</MANUFACTURER>
      <CATEGORYTEXT>Main Category | Subcategory 432</CATEGORYTEXT>
      <EAN>9536763792350</EAN>
      <DELIVERY_DATE>3</DELIVERY_DATE>
    </SHOPITEM>

    <SHOPITEM>
      <ITEM_ID>433</ITEM_ID>
      <PRODUCTNAME>Example Product 433</PRODUCTNAME>
      <PRODUCT>Category 433</PRODUCT>
      <DESCRIPTION>Description for example product 433.</DESCRIPTION>
      <URL>https://example.com/product-433</URL>
      <IMGURL>https://example.com/images/product-433.jpg</IMGURL>
      <PRICE_VAT>41.95</PRICE_VAT>
      <MANUFACTURER>ExampleBrand 433</MANUFACTURER>
      <CATEGORYTEXT>Main Category | Subcategory 433</CATEGORYTEXT>
      <EAN>6347766285344</EAN>
      <DELIVERY_DATE>4</DELIVERY_DATE>
    </SHOPITEM>

    <SHOPITEM>
      <ITEM_ID>434</ITEM_ID>
      <PRODUCTNAME>Example Product 434</PRODUCTNAME>
      <PRODUCT>Category 434</PRODUCT>
      <DESCRIPTION>Description for example product 434.</DESCRIPTION>
      <URL>https://example.com/product-434</URL>
      <IMGURL>https://example.com/images/product-434.jpg</IMGURL>
      <PRICE_VAT>1.91</PRICE_VAT>
      <MANUFACTURER>ExampleBrand 434</MANUFACTURER>
      <CATEGORYTEXT>Main Category | Subcategory 434</CATEGORYTEXT>
      <EAN>6113110240170</EAN>
      <DELIVERY_DATE>5</DELIVERY_DATE>
    </SHOPITEM>

    <SHOPITEM>
      <ITEM_ID>435</ITEM_ID>
      <PRODUCTNAME>Example Product 435</PRODUCTNAME>
      <PRODUCT>Category 435</PRODUCT>
      <DESCRIPTION>Description for example product 435.</DESCRIPTION>
      <URL>https://example.com/product-435</URL>
      <IMGURL>https://example.com/images/product-435.jpg</IMGURL>
      <PRICE_VAT>66.09</PRICE_VAT>
      <MANUFACTURER>ExampleBrand 435</MANUFACTURER>
      <CATEGORYTEXT>Main Category | Subcategory 435</CATEGORYTEXT>
      <EAN>8913194369914</EAN>
      <DELIVERY_DATE>1</DELIVERY_DATE>
    </SHOPITEM>

    <SHOPITEM>
      <ITEM_ID>436</ITEM_ID>
      <PRODUCTNAME>Example Product 436</PRODUCTNAME>
      <PRODUCT>Category 436</PRODUCT>
      <DESCRIPTION>Description for example product 436.</DESCRIPTION>
      <URL>https://example.com/product-436</URL>
      <IMGURL>https://example.com/images/product-436.jpg</IMGURL>
      <PRICE_VAT>2.91</PRICE_VAT>
      <MANUFACTURER>ExampleBrand 436</MANUFACTURER>
      <CATEGORYTEXT>Main Category | Subcategory 436</CATEGORYTEXT>
      <EAN>3679557277137</EAN>
      <DELIVERY_DATE>1</DELIVERY_DATE>
    </SHOPITEM>

    <SHOPITEM>
      <ITEM_ID>437</ITEM_ID>
      <PRODUCTNAME>Example Product 437</PRODUCTNAME>
      <PRODUCT>Category 437</PRODUCT>
      <DESCRIPTION>Description for example product 437.</DESCRIPTION>
      <URL>https://example.com/product-437</URL>
      <IMGURL>https://example.com/images/product-437.jpg</IMGURL>
      <PRICE_VAT>26.32</PRICE_VAT>
      <MANUFACTURER>ExampleBrand 437</MANUFACTURER>
      <CATEGORYTEXT>Main Category | Subcategory 437</CATEGORYTEXT>
      <EAN>8081295346041</EAN>
      <DELIVERY_DATE>5</DELIVERY_DATE>
    </SHOPITEM>

    <SHOPITEM>
      <ITEM_ID>438</ITEM_ID>
      <PRODUCTNAME>Example Product 438</PRODUCTNAME>
      <PRODUCT>Category 438</PRODUCT>
      <DESCRIPTION>Description for example product 438.</DESCRIPTION>
      <URL>https://example.com/product-438</URL>
      <IMGURL>https://example.com/images/product-438.jpg</IMGURL>
      <PRICE_VAT>20.33</PRICE_VAT>
      <MANUFACTURER>ExampleBrand 438</MANUFACTURER>
      <CATEGORYTEXT>Main Category | Subcategory 438</CATEGORYTEXT>
      <EAN>9441689693885</EAN>
      <DELIVERY_DATE>4</DELIVERY_DATE>
    </SHOPITEM>

    <SHOPITEM>
      <ITEM_ID>439</ITEM_ID>
      <PRODUCTNAME>Example Product 439</PRODUCTNAME>
      <PRODUCT>Category 439</PRODUCT>
      <DESCRIPTION>Description for example product 439.</DESCRIPTION>
      <URL>https://example.com/product-439</URL>
      <IMGURL>https://example.com/images/product-439.jpg</IMGURL>
      <PRICE_VAT>90.67</PRICE_VAT>
      <MANUFACTURER>ExampleBrand 439</MANUFACTURER>
      <CATEGORYTEXT>Main Category | Subcategory 439</CATEGORYTEXT>
      <EAN>6324867043590</EAN>
      <DELIVERY_DATE>1</DELIVERY_DATE>
    </SHOPITEM>

    <SHOPITEM>
      <ITEM_ID>440</ITEM_ID>
      <PRODUCTNAME>Example Product 440</PRODUCTNAME>
      <PRODUCT>Category 440</PRODUCT>
      <DESCRIPTION>Description for example product 440.</DESCRIPTION>
      <URL>https://example.com/product-440</URL>
      <IMGURL>https://example.com/images/product-440.jpg</IMGURL>
      <PRICE_VAT>18.11</PRICE_VAT>
      <MANUFACTURER>ExampleBrand 440</MANUFACTURER>
      <CATEGORYTEXT>Main Category | Subcategory 440</CATEGORYTEXT>
      <EAN>2598186741054</EAN>
      <DELIVERY_DATE>5</DELIVERY_DATE>
    </SHOPITEM>

    <SHOPITEM>
      <ITEM_ID>441</ITEM_ID>
      <PRODUCTNAME>Example Product 441</PRODUCTNAME>
      <PRODUCT>Category 441</PRODUCT>
      <DESCRIPTION>Description for example product 441.</DESCRIPTION>
      <URL>https://example.com/product-441</URL>
      <IMGURL>https://example.com/images/product-441.jpg</IMGURL>
      <PRICE_VAT>35.13</PRICE_VAT>
      <MANUFACTURER>ExampleBrand 441</MANUFACTURER>
      <CATEGORYTEXT>Main Category | Subcategory 441</CATEGORYTEXT>
      <EAN>2643990904315</EAN>
      <DELIVERY_DATE>3</DELIVERY_DATE>
    </SHOPITEM>

    <SHOPITEM>
      <ITEM_ID>442</ITEM_ID>
      <PRODUCTNAME>Example Product 442</PRODUCTNAME>
      <PRODUCT>Category 442</PRODUCT>
      <DESCRIPTION>Description for example product 442.</DESCRIPTION>
      <URL>https://example.com/product-442</URL>
      <IMGURL>https://example.com/images/product-442.jpg</IMGURL>
      <PRICE_VAT>99.45</PRICE_VAT>
      <MANUFACTURER>ExampleBrand 442</MANUFACTURER>
      <CATEGORYTEXT>Main Category | Subcategory 442</CATEGORYTEXT>
      <EAN>9007265713890</EAN>
      <DELIVERY_DATE>4</DELIVERY_DATE>
    </SHOPITEM>

    <SHOPITEM>
      <ITEM_ID>443</ITEM_ID>
      <PRODUCTNAME>Example Product 443</PRODUCTNAME>
      <PRODUCT>Category 443</PRODUCT>
      <DESCRIPTION>Description for example product 443.</DESCRIPTION>
      <URL>https://example.com/product-443</URL>
      <IMGURL>https://example.com/images/product-443.jpg</IMGURL>
      <PRICE_VAT>29.64</PRICE_VAT>
      <MANUFACTURER>ExampleBrand 443</MANUFACTURER>
      <CATEGORYTEXT>Main Category | Subcategory 443</CATEGORYTEXT>
      <EAN>3663230391414</EAN>
      <DELIVERY_DATE>2</DELIVERY_DATE>
    </SHOPITEM>

    <SHOPITEM>
      <ITEM_ID>444</ITEM_ID>
      <PRODUCTNAME>Example Product 444</PRODUCTNAME>
      <PRODUCT>Category 444</PRODUCT>
      <DESCRIPTION>Description for example product 444.</DESCRIPTION>
      <URL>https://example.com/product-444</URL>
      <IMGURL>https://example.com/images/product-444.jpg</IMGURL>
      <PRICE_VAT>29.75</PRICE_VAT>
      <MANUFACTURER>ExampleBrand 444</MANUFACTURER>
      <CATEGORYTEXT>Main Category | Subcategory 444</CATEGORYTEXT>
      <EAN>5016458236006</EAN>
      <DELIVERY_DATE>3</DELIVERY_DATE>
    </SHOPITEM>

    <SHOPITEM>
      <ITEM_ID>445</ITEM_ID>
      <PRODUCTNAME>Example Product 445</PRODUCTNAME>
      <PRODUCT>Category 445</PRODUCT>
      <DESCRIPTION>Description for example product 445.</DESCRIPTION>
      <URL>https://example.com/product-445</URL>
      <IMGURL>https://example.com/images/product-445.jpg</IMGURL>
      <PRICE_VAT>69.01</PRICE_VAT>
      <MANUFACTURER>ExampleBrand 445</MANUFACTURER>
      <CATEGORYTEXT>Main Category | Subcategory 445</CATEGORYTEXT>
      <EAN>9044967448389</EAN>
      <DELIVERY_DATE>3</DELIVERY_DATE>
    </SHOPITEM>

    <SHOPITEM>
      <ITEM_ID>446</ITEM_ID>
      <PRODUCTNAME>Example Product 446</PRODUCTNAME>
      <PRODUCT>Category 446</PRODUCT>
      <DESCRIPTION>Description for example product 446.</DESCRIPTION>
      <URL>https://example.com/product-446</URL>
      <IMGURL>https://example.com/images/product-446.jpg</IMGURL>
      <PRICE_VAT>19.68</PRICE_VAT>
      <MANUFACTURER>ExampleBrand 446</MANUFACTURER>
      <CATEGORYTEXT>Main Category | Subcategory 446</CATEGORYTEXT>
      <EAN>5435406895506</EAN>
      <DELIVERY_DATE>2</DELIVERY_DATE>
    </SHOPITEM>

    <SHOPITEM>
      <ITEM_ID>447</ITEM_ID>
      <PRODUCTNAME>Example Product 447</PRODUCTNAME>
      <PRODUCT>Category 447</PRODUCT>
      <DESCRIPTION>Description for example product 447.</DESCRIPTION>
      <URL>https://example.com/product-447</URL>
      <IMGURL>https://example.com/images/product-447.jpg</IMGURL>
      <PRICE_VAT>17.69</PRICE_VAT>
      <MANUFACTURER>ExampleBrand 447</MANUFACTURER>
      <CATEGORYTEXT>Main Category | Subcategory 447</CATEGORYTEXT>
      <EAN>3111097349803</EAN>
      <DELIVERY_DATE>1</DELIVERY_DATE>
    </SHOPITEM>

    <SHOPITEM>
      <ITEM_ID>448</ITEM_ID>
      <PRODUCTNAME>Example Product 448</PRODUCTNAME>
      <PRODUCT>Category 448</PRODUCT>
      <DESCRIPTION>Description for example product 448.</DESCRIPTION>
      <URL>https://example.com/product-448</URL>
      <IMGURL>https://example.com/images/product-448.jpg</IMGURL>
      <PRICE_VAT>70.38</PRICE_VAT>
      <MANUFACTURER>ExampleBrand 448</MANUFACTURER>
      <CATEGORYTEXT>Main Category | Subcategory 448</CATEGORYTEXT>
      <EAN>9678749021504</EAN>
      <DELIVERY_DATE>4</DELIVERY_DATE>
    </SHOPITEM>

    <SHOPITEM>
      <ITEM_ID>449</ITEM_ID>
      <PRODUCTNAME>Example Product 449</PRODUCTNAME>
      <PRODUCT>Category 449</PRODUCT>
      <DESCRIPTION>Description for example product 449.</DESCRIPTION>
      <URL>https://example.com/product-449</URL>
      <IMGURL>https://example.com/images/product-449.jpg</IMGURL>
      <PRICE_VAT>49.62</PRICE_VAT>
      <MANUFACTURER>ExampleBrand 449</MANUFACTURER>
      <CATEGORYTEXT>Main Category | Subcategory 449</CATEGORYTEXT>
      <EAN>2147249707683</EAN>
      <DELIVERY_DATE>2</DELIVERY_DATE>
    </SHOPITEM>

    <SHOPITEM>
      <ITEM_ID>450</ITEM_ID>
      <PRODUCTNAME>Example Product 450</PRODUCTNAME>
      <PRODUCT>Category 450</PRODUCT>
      <DESCRIPTION>Description for example product 450.</DESCRIPTION>
      <URL>https://example.com/product-450</URL>
      <IMGURL>https://example.com/images/product-450.jpg</IMGURL>
      <PRICE_VAT>7.98</PRICE_VAT>
      <MANUFACTURER>ExampleBrand 450</MANUFACTURER>
      <CATEGORYTEXT>Main Category | Subcategory 450</CATEGORYTEXT>
      <EAN>2639150523446</EAN>
      <DELIVERY_DATE>4</DELIVERY_DATE>
    </SHOPITEM>

    <SHOPITEM>
      <ITEM_ID>451</ITEM_ID>
      <PRODUCTNAME>Example Product 451</PRODUCTNAME>
      <PRODUCT>Category 451</PRODUCT>
      <DESCRIPTION>Description for example product 451.</DESCRIPTION>
      <URL>https://example.com/product-451</URL>
      <IMGURL>https://example.com/images/product-451.jpg</IMGURL>
      <PRICE_VAT>73.81</PRICE_VAT>
      <MANUFACTURER>ExampleBrand 451</MANUFACTURER>
      <CATEGORYTEXT>Main Category | Subcategory 451</CATEGORYTEXT>
      <EAN>2962636856483</EAN>
      <DELIVERY_DATE>3</DELIVERY_DATE>
    </SHOPITEM>

    <SHOPITEM>
      <ITEM_ID>452</ITEM_ID>
      <PRODUCTNAME>Example Product 452</PRODUCTNAME>
      <PRODUCT>Category 452</PRODUCT>
      <DESCRIPTION>Description for example product 452.</DESCRIPTION>
      <URL>https://example.com/product-452</URL>
      <IMGURL>https://example.com/images/product-452.jpg</IMGURL>
      <PRICE_VAT>61.81</PRICE_VAT>
      <MANUFACTURER>ExampleBrand 452</MANUFACTURER>
      <CATEGORYTEXT>Main Category | Subcategory 452</CATEGORYTEXT>
      <EAN>1960772645610</EAN>
      <DELIVERY_DATE>5</DELIVERY_DATE>
    </SHOPITEM>

    <SHOPITEM>
      <ITEM_ID>453</ITEM_ID>
      <PRODUCTNAME>Example Product 453</PRODUCTNAME>
      <PRODUCT>Category 453</PRODUCT>
      <DESCRIPTION>Description for example product 453.</DESCRIPTION>
      <URL>https://example.com/product-453</URL>
      <IMGURL>https://example.com/images/product-453.jpg</IMGURL>
      <PRICE_VAT>74.78</PRICE_VAT>
      <MANUFACTURER>ExampleBrand 453</MANUFACTURER>
      <CATEGORYTEXT>Main Category | Subcategory 453</CATEGORYTEXT>
      <EAN>7501513591772</EAN>
      <DELIVERY_DATE>2</DELIVERY_DATE>
    </SHOPITEM>

    <SHOPITEM>
      <ITEM_ID>454</ITEM_ID>
      <PRODUCTNAME>Example Product 454</PRODUCTNAME>
      <PRODUCT>Category 454</PRODUCT>
      <DESCRIPTION>Description for example product 454.</DESCRIPTION>
      <URL>https://example.com/product-454</URL>
      <IMGURL>https://example.com/images/product-454.jpg</IMGURL>
      <PRICE_VAT>91.35</PRICE_VAT>
      <MANUFACTURER>ExampleBrand 454</MANUFACTURER>
      <CATEGORYTEXT>Main Category | Subcategory 454</CATEGORYTEXT>
      <EAN>9893347291756</EAN>
      <DELIVERY_DATE>4</DELIVERY_DATE>
    </SHOPITEM>

    <SHOPITEM>
      <ITEM_ID>455</ITEM_ID>
      <PRODUCTNAME>Example Product 455</PRODUCTNAME>
      <PRODUCT>Category 455</PRODUCT>
      <DESCRIPTION>Description for example product 455.</DESCRIPTION>
      <URL>https://example.com/product-455</URL>
      <IMGURL>https://example.com/images/product-455.jpg</IMGURL>
      <PRICE_VAT>26.72</PRICE_VAT>
      <MANUFACTURER>ExampleBrand 455</MANUFACTURER>
      <CATEGORYTEXT>Main Category | Subcategory 455</CATEGORYTEXT>
      <EAN>3843704463852</EAN>
      <DELIVERY_DATE>5</DELIVERY_DATE>
    </SHOPITEM>

    <SHOPITEM>
      <ITEM_ID>456</ITEM_ID>
      <PRODUCTNAME>Example Product 456</PRODUCTNAME>
      <PRODUCT>Category 456</PRODUCT>
      <DESCRIPTION>Description for example product 456.</DESCRIPTION>
      <URL>https://example.com/product-456</URL>
      <IMGURL>https://example.com/images/product-456.jpg</IMGURL>
      <PRICE_VAT>32.53</PRICE_VAT>
      <MANUFACTURER>ExampleBrand 456</MANUFACTURER>
      <CATEGORYTEXT>Main Category | Subcategory 456</CATEGORYTEXT>
      <EAN>6216221810997</EAN>
      <DELIVERY_DATE>2</DELIVERY_DATE>
    </SHOPITEM>

    <SHOPITEM>
      <ITEM_ID>457</ITEM_ID>
      <PRODUCTNAME>Example Product 457</PRODUCTNAME>
      <PRODUCT>Category 457</PRODUCT>
      <DESCRIPTION>Description for example product 457.</DESCRIPTION>
      <URL>https://example.com/product-457</URL>
      <IMGURL>https://example.com/images/product-457.jpg</IMGURL>
      <PRICE_VAT>75.46</PRICE_VAT>
      <MANUFACTURER>ExampleBrand 457</MANUFACTURER>
      <CATEGORYTEXT>Main Category | Subcategory 457</CATEGORYTEXT>
      <EAN>6993270808133</EAN>
      <DELIVERY_DATE>1</DELIVERY_DATE>
    </SHOPITEM>

    <SHOPITEM>
      <ITEM_ID>458</ITEM_ID>
      <PRODUCTNAME>Example Product 458</PRODUCTNAME>
      <PRODUCT>Category 458</PRODUCT>
      <DESCRIPTION>Description for example product 458.</DESCRIPTION>
      <URL>https://example.com/product-458</URL>
      <IMGURL>https://example.com/images/product-458.jpg</IMGURL>
      <PRICE_VAT>97.14</PRICE_VAT>
      <MANUFACTURER>ExampleBrand 458</MANUFACTURER>
      <CATEGORYTEXT>Main Category | Subcategory 458</CATEGORYTEXT>
      <EAN>4013249080599</EAN>
      <DELIVERY_DATE>2</DELIVERY_DATE>
    </SHOPITEM>

    <SHOPITEM>
      <ITEM_ID>459</ITEM_ID>
      <PRODUCTNAME>Example Product 459</PRODUCTNAME>
      <PRODUCT>Category 459</PRODUCT>
      <DESCRIPTION>Description for example product 459.</DESCRIPTION>
      <URL>https://example.com/product-459</URL>
      <IMGURL>https://example.com/images/product-459.jpg</IMGURL>
      <PRICE_VAT>3.40</PRICE_VAT>
      <MANUFACTURER>ExampleBrand 459</MANUFACTURER>
      <CATEGORYTEXT>Main Category | Subcategory 459</CATEGORYTEXT>
      <EAN>4594589471899</EAN>
      <DELIVERY_DATE>2</DELIVERY_DATE>
    </SHOPITEM>

    <SHOPITEM>
      <ITEM_ID>460</ITEM_ID>
      <PRODUCTNAME>Example Product 460</PRODUCTNAME>
      <PRODUCT>Category 460</PRODUCT>
      <DESCRIPTION>Description for example product 460.</DESCRIPTION>
      <URL>https://example.com/product-460</URL>
      <IMGURL>https://example.com/images/product-460.jpg</IMGURL>
      <PRICE_VAT>78.43</PRICE_VAT>
      <MANUFACTURER>ExampleBrand 460</MANUFACTURER>
      <CATEGORYTEXT>Main Category | Subcategory 460</CATEGORYTEXT>
      <EAN>3273656847271</EAN>
      <DELIVERY_DATE>5</DELIVERY_DATE>
    </SHOPITEM>

    <SHOPITEM>
      <ITEM_ID>461</ITEM_ID>
      <PRODUCTNAME>Example Product 461</PRODUCTNAME>
      <PRODUCT>Category 461</PRODUCT>
      <DESCRIPTION>Description for example product 461.</DESCRIPTION>
      <URL>https://example.com/product-461</URL>
      <IMGURL>https://example.com/images/product-461.jpg</IMGURL>
      <PRICE_VAT>63.54</PRICE_VAT>
      <MANUFACTURER>ExampleBrand 461</MANUFACTURER>
      <CATEGORYTEXT>Main Category | Subcategory 461</CATEGORYTEXT>
      <EAN>9130112004996</EAN>
      <DELIVERY_DATE>2</DELIVERY_DATE>
    </SHOPITEM>

    <SHOPITEM>
      <ITEM_ID>462</ITEM_ID>
      <PRODUCTNAME>Example Product 462</PRODUCTNAME>
      <PRODUCT>Category 462</PRODUCT>
      <DESCRIPTION>Description for example product 462.</DESCRIPTION>
      <URL>https://example.com/product-462</URL>
      <IMGURL>https://example.com/images/product-462.jpg</IMGURL>
      <PRICE_VAT>45.87</PRICE_VAT>
      <MANUFACTURER>ExampleBrand 462</MANUFACTURER>
      <CATEGORYTEXT>Main Category | Subcategory 462</CATEGORYTEXT>
      <EAN>6861904044655</EAN>
      <DELIVERY_DATE>5</DELIVERY_DATE>
    </SHOPITEM>

    <SHOPITEM>
      <ITEM_ID>463</ITEM_ID>
      <PRODUCTNAME>Example Product 463</PRODUCTNAME>
      <PRODUCT>Category 463</PRODUCT>
      <DESCRIPTION>Description for example product 463.</DESCRIPTION>
      <URL>https://example.com/product-463</URL>
      <IMGURL>https://example.com/images/product-463.jpg</IMGURL>
      <PRICE_VAT>83.91</PRICE_VAT>
      <MANUFACTURER>ExampleBrand 463</MANUFACTURER>
      <CATEGORYTEXT>Main Category | Subcategory 463</CATEGORYTEXT>
      <EAN>9183259724080</EAN>
      <DELIVERY_DATE>5</DELIVERY_DATE>
    </SHOPITEM>

    <SHOPITEM>
      <ITEM_ID>464</ITEM_ID>
      <PRODUCTNAME>Example Product 464</PRODUCTNAME>
      <PRODUCT>Category 464</PRODUCT>
      <DESCRIPTION>Description for example product 464.</DESCRIPTION>
      <URL>https://example.com/product-464</URL>
      <IMGURL>https://example.com/images/product-464.jpg</IMGURL>
      <PRICE_VAT>85.17</PRICE_VAT>
      <MANUFACTURER>ExampleBrand 464</MANUFACTURER>
      <CATEGORYTEXT>Main Category | Subcategory 464</CATEGORYTEXT>
      <EAN>1959098042284</EAN>
      <DELIVERY_DATE>2</DELIVERY_DATE>
    </SHOPITEM>

    <SHOPITEM>
      <ITEM_ID>465</ITEM_ID>
      <PRODUCTNAME>Example Product 465</PRODUCTNAME>
      <PRODUCT>Category 465</PRODUCT>
      <DESCRIPTION>Description for example product 465.</DESCRIPTION>
      <URL>https://example.com/product-465</URL>
      <IMGURL>https://example.com/images/product-465.jpg</IMGURL>
      <PRICE_VAT>2.09</PRICE_VAT>
      <MANUFACTURER>ExampleBrand 465</MANUFACTURER>
      <CATEGORYTEXT>Main Category | Subcategory 465</CATEGORYTEXT>
      <EAN>6277722241911</EAN>
      <DELIVERY_DATE>2</DELIVERY_DATE>
    </SHOPITEM>

    <SHOPITEM>
      <ITEM_ID>466</ITEM_ID>
      <PRODUCTNAME>Example Product 466</PRODUCTNAME>
      <PRODUCT>Category 466</PRODUCT>
      <DESCRIPTION>Description for example product 466.</DESCRIPTION>
      <URL>https://example.com/product-466</URL>
      <IMGURL>https://example.com/images/product-466.jpg</IMGURL>
      <PRICE_VAT>83.04</PRICE_VAT>
      <MANUFACTURER>ExampleBrand 466</MANUFACTURER>
      <CATEGORYTEXT>Main Category | Subcategory 466</CATEGORYTEXT>
      <EAN>7888043840328</EAN>
      <DELIVERY_DATE>3</DELIVERY_DATE>
    </SHOPITEM>

    <SHOPITEM>
      <ITEM_ID>467</ITEM_ID>
      <PRODUCTNAME>Example Product 467</PRODUCTNAME>
      <PRODUCT>Category 467</PRODUCT>
      <DESCRIPTION>Description for example product 467.</DESCRIPTION>
      <URL>https://example.com/product-467</URL>
      <IMGURL>https://example.com/images/product-467.jpg</IMGURL>
      <PRICE_VAT>47.58</PRICE_VAT>
      <MANUFACTURER>ExampleBrand 467</MANUFACTURER>
      <CATEGORYTEXT>Main Category | Subcategory 467</CATEGORYTEXT>
      <EAN>2967432741831</EAN>
      <DELIVERY_DATE>2</DELIVERY_DATE>
    </SHOPITEM>

    <SHOPITEM>
      <ITEM_ID>468</ITEM_ID>
      <PRODUCTNAME>Example Product 468</PRODUCTNAME>
      <PRODUCT>Category 468</PRODUCT>
      <DESCRIPTION>Description for example product 468.</DESCRIPTION>
      <URL>https://example.com/product-468</URL>
      <IMGURL>https://example.com/images/product-468.jpg</IMGURL>
      <PRICE_VAT>16.94</PRICE_VAT>
      <MANUFACTURER>ExampleBrand 468</MANUFACTURER>
      <CATEGORYTEXT>Main Category | Subcategory 468</CATEGORYTEXT>
      <EAN>2610473637304</EAN>
      <DELIVERY_DATE>4</DELIVERY_DATE>
    </SHOPITEM>

    <SHOPITEM>
      <ITEM_ID>469</ITEM_ID>
      <PRODUCTNAME>Example Product 469</PRODUCTNAME>
      <PRODUCT>Category 469</PRODUCT>
      <DESCRIPTION>Description for example product 469.</DESCRIPTION>
      <URL>https://example.com/product-469</URL>
      <IMGURL>https://example.com/images/product-469.jpg</IMGURL>
      <PRICE_VAT>52.63</PRICE_VAT>
      <MANUFACTURER>ExampleBrand 469</MANUFACTURER>
      <CATEGORYTEXT>Main Category | Subcategory 469</CATEGORYTEXT>
      <EAN>1111310713481</EAN>
      <DELIVERY_DATE>2</DELIVERY_DATE>
    </SHOPITEM>

    <SHOPITEM>
      <ITEM_ID>470</ITEM_ID>
      <PRODUCTNAME>Example Product 470</PRODUCTNAME>
      <PRODUCT>Category 470</PRODUCT>
      <DESCRIPTION>Description for example product 470.</DESCRIPTION>
      <URL>https://example.com/product-470</URL>
      <IMGURL>https://example.com/images/product-470.jpg</IMGURL>
      <PRICE_VAT>76.36</PRICE_VAT>
      <MANUFACTURER>ExampleBrand 470</MANUFACTURER>
      <CATEGORYTEXT>Main Category | Subcategory 470</CATEGORYTEXT>
      <EAN>2218515339518</EAN>
      <DELIVERY_DATE>3</DELIVERY_DATE>
    </SHOPITEM>

    <SHOPITEM>
      <ITEM_ID>471</ITEM_ID>
      <PRODUCTNAME>Example Product 471</PRODUCTNAME>
      <PRODUCT>Category 471</PRODUCT>
      <DESCRIPTION>Description for example product 471.</DESCRIPTION>
      <URL>https://example.com/product-471</URL>
      <IMGURL>https://example.com/images/product-471.jpg</IMGURL>
      <PRICE_VAT>68.87</PRICE_VAT>
      <MANUFACTURER>ExampleBrand 471</MANUFACTURER>
      <CATEGORYTEXT>Main Category | Subcategory 471</CATEGORYTEXT>
      <EAN>1598051295670</EAN>
      <DELIVERY_DATE>2</DELIVERY_DATE>
    </SHOPITEM>

    <SHOPITEM>
      <ITEM_ID>472</ITEM_ID>
      <PRODUCTNAME>Example Product 472</PRODUCTNAME>
      <PRODUCT>Category 472</PRODUCT>
      <DESCRIPTION>Description for example product 472.</DESCRIPTION>
      <URL>https://example.com/product-472</URL>
      <IMGURL>https://example.com/images/product-472.jpg</IMGURL>
      <PRICE_VAT>6.87</PRICE_VAT>
      <MANUFACTURER>ExampleBrand 472</MANUFACTURER>
      <CATEGORYTEXT>Main Category | Subcategory 472</CATEGORYTEXT>
      <EAN>4981451994117</EAN>
      <DELIVERY_DATE>1</DELIVERY_DATE>
    </SHOPITEM>

    <SHOPITEM>
      <ITEM_ID>473</ITEM_ID>
      <PRODUCTNAME>Example Product 473</PRODUCTNAME>
      <PRODUCT>Category 473</PRODUCT>
      <DESCRIPTION>Description for example product 473.</DESCRIPTION>
      <URL>https://example.com/product-473</URL>
      <IMGURL>https://example.com/images/product-473.jpg</IMGURL>
      <PRICE_VAT>4.55</PRICE_VAT>
      <MANUFACTURER>ExampleBrand 473</MANUFACTURER>
      <CATEGORYTEXT>Main Category | Subcategory 473</CATEGORYTEXT>
      <EAN>1002053603810</EAN>
      <DELIVERY_DATE>3</DELIVERY_DATE>
    </SHOPITEM>

    <SHOPITEM>
      <ITEM_ID>474</ITEM_ID>
      <PRODUCTNAME>Example Product 474</PRODUCTNAME>
      <PRODUCT>Category 474</PRODUCT>
      <DESCRIPTION>Description for example product 474.</DESCRIPTION>
      <URL>https://example.com/product-474</URL>
      <IMGURL>https://example.com/images/product-474.jpg</IMGURL>
      <PRICE_VAT>88.88</PRICE_VAT>
      <MANUFACTURER>ExampleBrand 474</MANUFACTURER>
      <CATEGORYTEXT>Main Category | Subcategory 474</CATEGORYTEXT>
      <EAN>2453552763322</EAN>
      <DELIVERY_DATE>5</DELIVERY_DATE>
    </SHOPITEM>

    <SHOPITEM>
      <ITEM_ID>475</ITEM_ID>
      <PRODUCTNAME>Example Product 475</PRODUCTNAME>
      <PRODUCT>Category 475</PRODUCT>
      <DESCRIPTION>Description for example product 475.</DESCRIPTION>
      <URL>https://example.com/product-475</URL>
      <IMGURL>https://example.com/images/product-475.jpg</IMGURL>
      <PRICE_VAT>79.05</PRICE_VAT>
      <MANUFACTURER>ExampleBrand 475</MANUFACTURER>
      <CATEGORYTEXT>Main Category | Subcategory 475</CATEGORYTEXT>
      <EAN>5596772579826</EAN>
      <DELIVERY_DATE>5</DELIVERY_DATE>
    </SHOPITEM>

    <SHOPITEM>
      <ITEM_ID>476</ITEM_ID>
      <PRODUCTNAME>Example Product 476</PRODUCTNAME>
      <PRODUCT>Category 476</PRODUCT>
      <DESCRIPTION>Description for example product 476.</DESCRIPTION>
      <URL>https://example.com/product-476</URL>
      <IMGURL>https://example.com/images/product-476.jpg</IMGURL>
      <PRICE_VAT>63.78</PRICE_VAT>
      <MANUFACTURER>ExampleBrand 476</MANUFACTURER>
      <CATEGORYTEXT>Main Category | Subcategory 476</CATEGORYTEXT>
      <EAN>7577082228584</EAN>
      <DELIVERY_DATE>1</DELIVERY_DATE>
    </SHOPITEM>

    <SHOPITEM>
      <ITEM_ID>477</ITEM_ID>
      <PRODUCTNAME>Example Product 477</PRODUCTNAME>
      <PRODUCT>Category 477</PRODUCT>
      <DESCRIPTION>Description for example product 477.</DESCRIPTION>
      <URL>https://example.com/product-477</URL>
      <IMGURL>https://example.com/images/product-477.jpg</IMGURL>
      <PRICE_VAT>1.70</PRICE_VAT>
      <MANUFACTURER>ExampleBrand 477</MANUFACTURER>
      <CATEGORYTEXT>Main Category | Subcategory 477</CATEGORYTEXT>
      <EAN>9770542353253</EAN>
      <DELIVERY_DATE>2</DELIVERY_DATE>
    </SHOPITEM>

    <SHOPITEM>
      <ITEM_ID>478</ITEM_ID>
      <PRODUCTNAME>Example Product 478</PRODUCTNAME>
      <PRODUCT>Category 478</PRODUCT>
      <DESCRIPTION>Description for example product 478.</DESCRIPTION>
      <URL>https://example.com/product-478</URL>
      <IMGURL>https://example.com/images/product-478.jpg</IMGURL>
      <PRICE_VAT>94.13</PRICE_VAT>
      <MANUFACTURER>ExampleBrand 478</MANUFACTURER>
      <CATEGORYTEXT>Main Category | Subcategory 478</CATEGORYTEXT>
      <EAN>9325068524580</EAN>
      <DELIVERY_DATE>2</DELIVERY_DATE>
    </SHOPITEM>

    <SHOPITEM>
      <ITEM_ID>479</ITEM_ID>
      <PRODUCTNAME>Example Product 479</PRODUCTNAME>
      <PRODUCT>Category 479</PRODUCT>
      <DESCRIPTION>Description for example product 479.</DESCRIPTION>
      <URL>https://example.com/product-479</URL>
      <IMGURL>https://example.com/images/product-479.jpg</IMGURL>
      <PRICE_VAT>53.35</PRICE_VAT>
      <MANUFACTURER>ExampleBrand 479</MANUFACTURER>
      <CATEGORYTEXT>Main Category | Subcategory 479</CATEGORYTEXT>
      <EAN>9384374290434</EAN>
      <DELIVERY_DATE>4</DELIVERY_DATE>
    </SHOPITEM>

    <SHOPITEM>
      <ITEM_ID>480</ITEM_ID>
      <PRODUCTNAME>Example Product 480</PRODUCTNAME>
      <PRODUCT>Category 480</PRODUCT>
      <DESCRIPTION>Description for example product 480.</DESCRIPTION>
      <URL>https://example.com/product-480</URL>
      <IMGURL>https://example.com/images/product-480.jpg</IMGURL>
      <PRICE_VAT>92.56</PRICE_VAT>
      <MANUFACTURER>ExampleBrand 480</MANUFACTURER>
      <CATEGORYTEXT>Main Category | Subcategory 480</CATEGORYTEXT>
      <EAN>5042017288165</EAN>
      <DELIVERY_DATE>2</DELIVERY_DATE>
    </SHOPITEM>

    <SHOPITEM>
      <ITEM_ID>481</ITEM_ID>
      <PRODUCTNAME>Example Product 481</PRODUCTNAME>
      <PRODUCT>Category 481</PRODUCT>
      <DESCRIPTION>Description for example product 481.</DESCRIPTION>
      <URL>https://example.com/product-481</URL>
      <IMGURL>https://example.com/images/product-481.jpg</IMGURL>
      <PRICE_VAT>99.90</PRICE_VAT>
      <MANUFACTURER>ExampleBrand 481</MANUFACTURER>
      <CATEGORYTEXT>Main Category | Subcategory 481</CATEGORYTEXT>
      <EAN>3099602789807</EAN>
      <DELIVERY_DATE>5</DELIVERY_DATE>
    </SHOPITEM>

    <SHOPITEM>
      <ITEM_ID>482</ITEM_ID>
      <PRODUCTNAME>Example Product 482</PRODUCTNAME>
      <PRODUCT>Category 482</PRODUCT>
      <DESCRIPTION>Description for example product 482.</DESCRIPTION>
      <URL>https://example.com/product-482</URL>
      <IMGURL>https://example.com/images/product-482.jpg</IMGURL>
      <PRICE_VAT>12.81</PRICE_VAT>
      <MANUFACTURER>ExampleBrand 482</MANUFACTURER>
      <CATEGORYTEXT>Main Category | Subcategory 482</CATEGORYTEXT>
      <EAN>7486966837564</EAN>
      <DELIVERY_DATE>5</DELIVERY_DATE>
    </SHOPITEM>

    <SHOPITEM>
      <ITEM_ID>483</ITEM_ID>
      <PRODUCTNAME>Example Product 483</PRODUCTNAME>
      <PRODUCT>Category 483</PRODUCT>
      <DESCRIPTION>Description for example product 483.</DESCRIPTION>
      <URL>https://example.com/product-483</URL>
      <IMGURL>https://example.com/images/product-483.jpg</IMGURL>
      <PRICE_VAT>57.30</PRICE_VAT>
      <MANUFACTURER>ExampleBrand 483</MANUFACTURER>
      <CATEGORYTEXT>Main Category | Subcategory 483</CATEGORYTEXT>
      <EAN>1228314403245</EAN>
      <DELIVERY_DATE>2</DELIVERY_DATE>
    </SHOPITEM>

    <SHOPITEM>
      <ITEM_ID>484</ITEM_ID>
      <PRODUCTNAME>Example Product 484</PRODUCTNAME>
      <PRODUCT>Category 484</PRODUCT>
      <DESCRIPTION>Description for example product 484.</DESCRIPTION>
      <URL>https://example.com/product-484</URL>
      <IMGURL>https://example.com/images/product-484.jpg</IMGURL>
      <PRICE_VAT>9.88</PRICE_VAT>
      <MANUFACTURER>ExampleBrand 484</MANUFACTURER>
      <CATEGORYTEXT>Main Category | Subcategory 484</CATEGORYTEXT>
      <EAN>4178481094017</EAN>
      <DELIVERY_DATE>3</DELIVERY_DATE>
    </SHOPITEM>

    <SHOPITEM>
      <ITEM_ID>485</ITEM_ID>
      <PRODUCTNAME>Example Product 485</PRODUCTNAME>
      <PRODUCT>Category 485</PRODUCT>
      <DESCRIPTION>Description for example product 485.</DESCRIPTION>
      <URL>https://example.com/product-485</URL>
      <IMGURL>https://example.com/images/product-485.jpg</IMGURL>
      <PRICE_VAT>4.36</PRICE_VAT>
      <MANUFACTURER>ExampleBrand 485</MANUFACTURER>
      <CATEGORYTEXT>Main Category | Subcategory 485</CATEGORYTEXT>
      <EAN>3274464033301</EAN>
      <DELIVERY_DATE>3</DELIVERY_DATE>
    </SHOPITEM>

    <SHOPITEM>
      <ITEM_ID>486</ITEM_ID>
      <PRODUCTNAME>Example Product 486</PRODUCTNAME>
      <PRODUCT>Category 486</PRODUCT>
      <DESCRIPTION>Description for example product 486.</DESCRIPTION>
      <URL>https://example.com/product-486</URL>
      <IMGURL>https://example.com/images/product-486.jpg</IMGURL>
      <PRICE_VAT>18.36</PRICE_VAT>
      <MANUFACTURER>ExampleBrand 486</MANUFACTURER>
      <CATEGORYTEXT>Main Category | Subcategory 486</CATEGORYTEXT>
      <EAN>2374074763418</EAN>
      <DELIVERY_DATE>1</DELIVERY_DATE>
    </SHOPITEM>

    <SHOPITEM>
      <ITEM_ID>487</ITEM_ID>
      <PRODUCTNAME>Example Product 487</PRODUCTNAME>
      <PRODUCT>Category 487</PRODUCT>
      <DESCRIPTION>Description for example product 487.</DESCRIPTION>
      <URL>https://example.com/product-487</URL>
      <IMGURL>https://example.com/images/product-487.jpg</IMGURL>
      <PRICE_VAT>39.86</PRICE_VAT>
      <MANUFACTURER>ExampleBrand 487</MANUFACTURER>
      <CATEGORYTEXT>Main Category | Subcategory 487</CATEGORYTEXT>
      <EAN>5004331070769</EAN>
      <DELIVERY_DATE>5</DELIVERY_DATE>
    </SHOPITEM>

    <SHOPITEM>
      <ITEM_ID>488</ITEM_ID>
      <PRODUCTNAME>Example Product 488</PRODUCTNAME>
      <PRODUCT>Category 488</PRODUCT>
      <DESCRIPTION>Description for example product 488.</DESCRIPTION>
      <URL>https://example.com/product-488</URL>
      <IMGURL>https://example.com/images/product-488.jpg</IMGURL>
      <PRICE_VAT>14.79</PRICE_VAT>
      <MANUFACTURER>ExampleBrand 488</MANUFACTURER>
      <CATEGORYTEXT>Main Category | Subcategory 488</CATEGORYTEXT>
      <EAN>7121681157350</EAN>
      <DELIVERY_DATE>1</DELIVERY_DATE>
    </SHOPITEM>

    <SHOPITEM>
      <ITEM_ID>489</ITEM_ID>
      <PRODUCTNAME>Example Product 489</PRODUCTNAME>
      <PRODUCT>Category 489</PRODUCT>
      <DESCRIPTION>Description for example product 489.</DESCRIPTION>
      <URL>https://example.com/product-489</URL>
      <IMGURL>https://example.com/images/product-489.jpg</IMGURL>
      <PRICE_VAT>53.40</PRICE_VAT>
      <MANUFACTURER>ExampleBrand 489</MANUFACTURER>
      <CATEGORYTEXT>Main Category | Subcategory 489</CATEGORYTEXT>
      <EAN>8816708363319</EAN>
      <DELIVERY_DATE>2</DELIVERY_DATE>
    </SHOPITEM>

    <SHOPITEM>
      <ITEM_ID>490</ITEM_ID>
      <PRODUCTNAME>Example Product 490</PRODUCTNAME>
      <PRODUCT>Category 490</PRODUCT>
      <DESCRIPTION>Description for example product 490.</DESCRIPTION>
      <URL>https://example.com/product-490</URL>
      <IMGURL>https://example.com/images/product-490.jpg</IMGURL>
      <PRICE_VAT>43.66</PRICE_VAT>
      <MANUFACTURER>ExampleBrand 490</MANUFACTURER>
      <CATEGORYTEXT>Main Category | Subcategory 490</CATEGORYTEXT>
      <EAN>6433061826436</EAN>
      <DELIVERY_DATE>5</DELIVERY_DATE>
    </SHOPITEM>

    <SHOPITEM>
      <ITEM_ID>491</ITEM_ID>
      <PRODUCTNAME>Example Product 491</PRODUCTNAME>
      <PRODUCT>Category 491</PRODUCT>
      <DESCRIPTION>Description for example product 491.</DESCRIPTION>
      <URL>https://example.com/product-491</URL>
      <IMGURL>https://example.com/images/product-491.jpg</IMGURL>
      <PRICE_VAT>91.94</PRICE_VAT>
      <MANUFACTURER>ExampleBrand 491</MANUFACTURER>
      <CATEGORYTEXT>Main Category | Subcategory 491</CATEGORYTEXT>
      <EAN>4651276462694</EAN>
      <DELIVERY_DATE>1</DELIVERY_DATE>
    </SHOPITEM>

    <SHOPITEM>
      <ITEM_ID>492</ITEM_ID>
      <PRODUCTNAME>Example Product 492</PRODUCTNAME>
      <PRODUCT>Category 492</PRODUCT>
      <DESCRIPTION>Description for example product 492.</DESCRIPTION>
      <URL>https://example.com/product-492</URL>
      <IMGURL>https://example.com/images/product-492.jpg</IMGURL>
      <PRICE_VAT>21.22</PRICE_VAT>
      <MANUFACTURER>ExampleBrand 492</MANUFACTURER>
      <CATEGORYTEXT>Main Category | Subcategory 492</CATEGORYTEXT>
      <EAN>4624673317211</EAN>
      <DELIVERY_DATE>4</DELIVERY_DATE>
    </SHOPITEM>

    <SHOPITEM>
      <ITEM_ID>493</ITEM_ID>
      <PRODUCTNAME>Example Product 493</PRODUCTNAME>
      <PRODUCT>Category 493</PRODUCT>
      <DESCRIPTION>Description for example product 493.</DESCRIPTION>
      <URL>https://example.com/product-493</URL>
      <IMGURL>https://example.com/images/product-493.jpg</IMGURL>
      <PRICE_VAT>32.11</PRICE_VAT>
      <MANUFACTURER>ExampleBrand 493</MANUFACTURER>
      <CATEGORYTEXT>Main Category | Subcategory 493</CATEGORYTEXT>
      <EAN>1777176042319</EAN>
      <DELIVERY_DATE>1</DELIVERY_DATE>
    </SHOPITEM>

    <SHOPITEM>
      <ITEM_ID>494</ITEM_ID>
      <PRODUCTNAME>Example Product 494</PRODUCTNAME>
      <PRODUCT>Category 494</PRODUCT>
      <DESCRIPTION>Description for example product 494.</DESCRIPTION>
      <URL>https://example.com/product-494</URL>
      <IMGURL>https://example.com/images/product-494.jpg</IMGURL>
      <PRICE_VAT>75.70</PRICE_VAT>
      <MANUFACTURER>ExampleBrand 494</MANUFACTURER>
      <CATEGORYTEXT>Main Category | Subcategory 494</CATEGORYTEXT>
      <EAN>8828986486171</EAN>
      <DELIVERY_DATE>2</DELIVERY_DATE>
    </SHOPITEM>

    <SHOPITEM>
      <ITEM_ID>495</ITEM_ID>
      <PRODUCTNAME>Example Product 495</PRODUCTNAME>
      <PRODUCT>Category 495</PRODUCT>
      <DESCRIPTION>Description for example product 495.</DESCRIPTION>
      <URL>https://example.com/product-495</URL>
      <IMGURL>https://example.com/images/product-495.jpg</IMGURL>
      <PRICE_VAT>61.03</PRICE_VAT>
      <MANUFACTURER>ExampleBrand 495</MANUFACTURER>
      <CATEGORYTEXT>Main Category | Subcategory 495</CATEGORYTEXT>
      <EAN>5179933808012</EAN>
      <DELIVERY_DATE>1</DELIVERY_DATE>
    </SHOPITEM>

    <SHOPITEM>
      <ITEM_ID>496</ITEM_ID>
      <PRODUCTNAME>Example Product 496</PRODUCTNAME>
      <PRODUCT>Category 496</PRODUCT>
      <DESCRIPTION>Description for example product 496.</DESCRIPTION>
      <URL>https://example.com/product-496</URL>
      <IMGURL>https://example.com/images/product-496.jpg</IMGURL>
      <PRICE_VAT>63.91</PRICE_VAT>
      <MANUFACTURER>ExampleBrand 496</MANUFACTURER>
      <CATEGORYTEXT>Main Category | Subcategory 496</CATEGORYTEXT>
      <EAN>4586371847329</EAN>
      <DELIVERY_DATE>3</DELIVERY_DATE>
    </SHOPITEM>

    <SHOPITEM>
      <ITEM_ID>497</ITEM_ID>
      <PRODUCTNAME>Example Product 497</PRODUCTNAME>
      <PRODUCT>Category 497</PRODUCT>
      <DESCRIPTION>Description for example product 497.</DESCRIPTION>
      <URL>https://example.com/product-497</URL>
      <IMGURL>https://example.com/images/product-497.jpg</IMGURL>
      <PRICE_VAT>51.17</PRICE_VAT>
      <MANUFACTURER>ExampleBrand 497</MANUFACTURER>
      <CATEGORYTEXT>Main Category | Subcategory 497</CATEGORYTEXT>
      <EAN>5213692843720</EAN>
      <DELIVERY_DATE>3</DELIVERY_DATE>
    </SHOPITEM>

    <SHOPITEM>
      <ITEM_ID>498</ITEM_ID>
      <PRODUCTNAME>Example Product 498</PRODUCTNAME>
      <PRODUCT>Category 498</PRODUCT>
      <DESCRIPTION>Description for example product 498.</DESCRIPTION>
      <URL>https://example.com/product-498</URL>
      <IMGURL>https://example.com/images/product-498.jpg</IMGURL>
      <PRICE_VAT>52.49</PRICE_VAT>
      <MANUFACTURER>ExampleBrand 498</MANUFACTURER>
      <CATEGORYTEXT>Main Category | Subcategory 498</CATEGORYTEXT>
      <EAN>3017596487194</EAN>
      <DELIVERY_DATE>2</DELIVERY_DATE>
    </SHOPITEM>

    <SHOPITEM>
      <ITEM_ID>499</ITEM_ID>
      <PRODUCTNAME>Example Product 499</PRODUCTNAME>
      <PRODUCT>Category 499</PRODUCT>
      <DESCRIPTION>Description for example product 499.</DESCRIPTION>
      <URL>https://example.com/product-499</URL>
      <IMGURL>https://example.com/images/product-499.jpg</IMGURL>
      <PRICE_VAT>51.40</PRICE_VAT>
      <MANUFACTURER>ExampleBrand 499</MANUFACTURER>
      <CATEGORYTEXT>Main Category | Subcategory 499</CATEGORYTEXT>
      <EAN>4002658458744</EAN>
      <DELIVERY_DATE>1</DELIVERY_DATE>
    </SHOPITEM>

    <SHOPITEM>
      <ITEM_ID>500</ITEM_ID>
      <PRODUCTNAME>Example Product 500</PRODUCTNAME>
      <PRODUCT>Category 500</PRODUCT>
      <DESCRIPTION>Description for example product 500.</DESCRIPTION>
      <URL>https://example.com/product-500</URL>
      <IMGURL>https://example.com/images/product-500.jpg</IMGURL>
      <PRICE_VAT>24.25</PRICE_VAT>
      <MANUFACTURER>ExampleBrand 500</MANUFACTURER>
      <CATEGORYTEXT>Main Category | Subcategory 500</CATEGORYTEXT>
      <EAN>9837642500002</EAN>
      <DELIVERY_DATE>3</DELIVERY_DATE>
    </SHOPITEM>
</SHOP>
